ARM GAS  C:\Users\nicai\AppData\Local\Temp\cc8OYyOe.s 			page 1


   1              		.cpu cortex-m4
   2              		.arch armv7e-m
   3              		.fpu fpv4-sp-d16
   4              		.eabi_attribute 27, 1
   5              		.eabi_attribute 28, 1
   6              		.eabi_attribute 20, 1
   7              		.eabi_attribute 21, 1
   8              		.eabi_attribute 23, 3
   9              		.eabi_attribute 24, 1
  10              		.eabi_attribute 25, 1
  11              		.eabi_attribute 26, 1
  12              		.eabi_attribute 30, 1
  13              		.eabi_attribute 34, 1
  14              		.eabi_attribute 18, 4
  15              		.file	"gpio.c"
  16              		.text
  17              	.Ltext0:
  18              		.cfi_sections	.debug_frame
  19              		.file 1 "Src/gpio.c"
  20              		.section	.text.MX_GPIO_Init,"ax",%progbits
  21              		.align	1
  22              		.global	MX_GPIO_Init
  23              		.syntax unified
  24              		.thumb
  25              		.thumb_func
  27              	MX_GPIO_Init:
  28              	.LFB134:
   1:Src/gpio.c    **** /* USER CODE BEGIN Header */
   2:Src/gpio.c    **** /**
   3:Src/gpio.c    ****   ******************************************************************************
   4:Src/gpio.c    ****   * @file    gpio.c
   5:Src/gpio.c    ****   * @brief   This file provides code for the configuration
   6:Src/gpio.c    ****   *          of all used GPIO pins.
   7:Src/gpio.c    ****   ******************************************************************************
   8:Src/gpio.c    ****   * @attention
   9:Src/gpio.c    ****   *
  10:Src/gpio.c    ****   * Copyright (c) 2024 STMicroelectronics.
  11:Src/gpio.c    ****   * All rights reserved.
  12:Src/gpio.c    ****   *
  13:Src/gpio.c    ****   * This software is licensed under terms that can be found in the LICENSE file
  14:Src/gpio.c    ****   * in the root directory of this software component.
  15:Src/gpio.c    ****   * If no LICENSE file comes with this software, it is provided AS-IS.
  16:Src/gpio.c    ****   *
  17:Src/gpio.c    ****   ******************************************************************************
  18:Src/gpio.c    ****   */
  19:Src/gpio.c    **** /* USER CODE END Header */
  20:Src/gpio.c    **** 
  21:Src/gpio.c    **** /* Includes ------------------------------------------------------------------*/
  22:Src/gpio.c    **** #include "gpio.h"
  23:Src/gpio.c    **** 
  24:Src/gpio.c    **** /* USER CODE BEGIN 0 */
  25:Src/gpio.c    **** 
  26:Src/gpio.c    **** /* USER CODE END 0 */
  27:Src/gpio.c    **** 
  28:Src/gpio.c    **** /*----------------------------------------------------------------------------*/
  29:Src/gpio.c    **** /* Configure GPIO                                                             */
  30:Src/gpio.c    **** /*----------------------------------------------------------------------------*/
ARM GAS  C:\Users\nicai\AppData\Local\Temp\cc8OYyOe.s 			page 2


  31:Src/gpio.c    **** /* USER CODE BEGIN 1 */
  32:Src/gpio.c    **** 
  33:Src/gpio.c    **** /* USER CODE END 1 */
  34:Src/gpio.c    **** 
  35:Src/gpio.c    **** /** Configure pins as
  36:Src/gpio.c    ****         * Analog
  37:Src/gpio.c    ****         * Input
  38:Src/gpio.c    ****         * Output
  39:Src/gpio.c    ****         * EVENT_OUT
  40:Src/gpio.c    ****         * EXTI
  41:Src/gpio.c    **** */
  42:Src/gpio.c    **** void MX_GPIO_Init(void)
  43:Src/gpio.c    **** {
  29              		.loc 1 43 1 view -0
  30              		.cfi_startproc
  31              		@ args = 0, pretend = 0, frame = 56
  32              		@ frame_needed = 0, uses_anonymous_args = 0
  33 0000 2DE9F047 		push	{r4, r5, r6, r7, r8, r9, r10, lr}
  34              	.LCFI0:
  35              		.cfi_def_cfa_offset 32
  36              		.cfi_offset 4, -32
  37              		.cfi_offset 5, -28
  38              		.cfi_offset 6, -24
  39              		.cfi_offset 7, -20
  40              		.cfi_offset 8, -16
  41              		.cfi_offset 9, -12
  42              		.cfi_offset 10, -8
  43              		.cfi_offset 14, -4
  44 0004 8EB0     		sub	sp, sp, #56
  45              	.LCFI1:
  46              		.cfi_def_cfa_offset 88
  44:Src/gpio.c    **** 
  45:Src/gpio.c    ****   GPIO_InitTypeDef GPIO_InitStruct = {0};
  47              		.loc 1 45 3 view .LVU1
  48              		.loc 1 45 20 is_stmt 0 view .LVU2
  49 0006 0024     		movs	r4, #0
  50 0008 0994     		str	r4, [sp, #36]
  51 000a 0A94     		str	r4, [sp, #40]
  52 000c 0B94     		str	r4, [sp, #44]
  53 000e 0C94     		str	r4, [sp, #48]
  54 0010 0D94     		str	r4, [sp, #52]
  46:Src/gpio.c    **** 
  47:Src/gpio.c    ****   /* GPIO Ports Clock Enable */
  48:Src/gpio.c    ****   __HAL_RCC_GPIOB_CLK_ENABLE();
  55              		.loc 1 48 3 is_stmt 1 view .LVU3
  56              	.LBB2:
  57              		.loc 1 48 3 view .LVU4
  58 0012 0194     		str	r4, [sp, #4]
  59              		.loc 1 48 3 view .LVU5
  60 0014 6F4B     		ldr	r3, .L3
  61 0016 1A6B     		ldr	r2, [r3, #48]
  62 0018 42F00202 		orr	r2, r2, #2
  63 001c 1A63     		str	r2, [r3, #48]
  64              		.loc 1 48 3 view .LVU6
  65 001e 1A6B     		ldr	r2, [r3, #48]
  66 0020 02F00202 		and	r2, r2, #2
  67 0024 0192     		str	r2, [sp, #4]
ARM GAS  C:\Users\nicai\AppData\Local\Temp\cc8OYyOe.s 			page 3


  68              		.loc 1 48 3 view .LVU7
  69 0026 019A     		ldr	r2, [sp, #4]
  70              	.LBE2:
  71              		.loc 1 48 3 view .LVU8
  49:Src/gpio.c    ****   __HAL_RCC_GPIOG_CLK_ENABLE();
  72              		.loc 1 49 3 view .LVU9
  73              	.LBB3:
  74              		.loc 1 49 3 view .LVU10
  75 0028 0294     		str	r4, [sp, #8]
  76              		.loc 1 49 3 view .LVU11
  77 002a 1A6B     		ldr	r2, [r3, #48]
  78 002c 42F04002 		orr	r2, r2, #64
  79 0030 1A63     		str	r2, [r3, #48]
  80              		.loc 1 49 3 view .LVU12
  81 0032 1A6B     		ldr	r2, [r3, #48]
  82 0034 02F04002 		and	r2, r2, #64
  83 0038 0292     		str	r2, [sp, #8]
  84              		.loc 1 49 3 view .LVU13
  85 003a 029A     		ldr	r2, [sp, #8]
  86              	.LBE3:
  87              		.loc 1 49 3 view .LVU14
  50:Src/gpio.c    ****   __HAL_RCC_GPIOA_CLK_ENABLE();
  88              		.loc 1 50 3 view .LVU15
  89              	.LBB4:
  90              		.loc 1 50 3 view .LVU16
  91 003c 0394     		str	r4, [sp, #12]
  92              		.loc 1 50 3 view .LVU17
  93 003e 1A6B     		ldr	r2, [r3, #48]
  94 0040 42F00102 		orr	r2, r2, #1
  95 0044 1A63     		str	r2, [r3, #48]
  96              		.loc 1 50 3 view .LVU18
  97 0046 1A6B     		ldr	r2, [r3, #48]
  98 0048 02F00102 		and	r2, r2, #1
  99 004c 0392     		str	r2, [sp, #12]
 100              		.loc 1 50 3 view .LVU19
 101 004e 039A     		ldr	r2, [sp, #12]
 102              	.LBE4:
 103              		.loc 1 50 3 view .LVU20
  51:Src/gpio.c    ****   __HAL_RCC_GPIOD_CLK_ENABLE();
 104              		.loc 1 51 3 view .LVU21
 105              	.LBB5:
 106              		.loc 1 51 3 view .LVU22
 107 0050 0494     		str	r4, [sp, #16]
 108              		.loc 1 51 3 view .LVU23
 109 0052 1A6B     		ldr	r2, [r3, #48]
 110 0054 42F00802 		orr	r2, r2, #8
 111 0058 1A63     		str	r2, [r3, #48]
 112              		.loc 1 51 3 view .LVU24
 113 005a 1A6B     		ldr	r2, [r3, #48]
 114 005c 02F00802 		and	r2, r2, #8
 115 0060 0492     		str	r2, [sp, #16]
 116              		.loc 1 51 3 view .LVU25
 117 0062 049A     		ldr	r2, [sp, #16]
 118              	.LBE5:
 119              		.loc 1 51 3 view .LVU26
  52:Src/gpio.c    ****   __HAL_RCC_GPIOC_CLK_ENABLE();
 120              		.loc 1 52 3 view .LVU27
ARM GAS  C:\Users\nicai\AppData\Local\Temp\cc8OYyOe.s 			page 4


 121              	.LBB6:
 122              		.loc 1 52 3 view .LVU28
 123 0064 0594     		str	r4, [sp, #20]
 124              		.loc 1 52 3 view .LVU29
 125 0066 1A6B     		ldr	r2, [r3, #48]
 126 0068 42F00402 		orr	r2, r2, #4
 127 006c 1A63     		str	r2, [r3, #48]
 128              		.loc 1 52 3 view .LVU30
 129 006e 1A6B     		ldr	r2, [r3, #48]
 130 0070 02F00402 		and	r2, r2, #4
 131 0074 0592     		str	r2, [sp, #20]
 132              		.loc 1 52 3 view .LVU31
 133 0076 059A     		ldr	r2, [sp, #20]
 134              	.LBE6:
 135              		.loc 1 52 3 view .LVU32
  53:Src/gpio.c    ****   __HAL_RCC_GPIOI_CLK_ENABLE();
 136              		.loc 1 53 3 view .LVU33
 137              	.LBB7:
 138              		.loc 1 53 3 view .LVU34
 139 0078 0694     		str	r4, [sp, #24]
 140              		.loc 1 53 3 view .LVU35
 141 007a 1A6B     		ldr	r2, [r3, #48]
 142 007c 42F48072 		orr	r2, r2, #256
 143 0080 1A63     		str	r2, [r3, #48]
 144              		.loc 1 53 3 view .LVU36
 145 0082 1A6B     		ldr	r2, [r3, #48]
 146 0084 02F48072 		and	r2, r2, #256
 147 0088 0692     		str	r2, [sp, #24]
 148              		.loc 1 53 3 view .LVU37
 149 008a 069A     		ldr	r2, [sp, #24]
 150              	.LBE7:
 151              		.loc 1 53 3 view .LVU38
  54:Src/gpio.c    ****   __HAL_RCC_GPIOH_CLK_ENABLE();
 152              		.loc 1 54 3 view .LVU39
 153              	.LBB8:
 154              		.loc 1 54 3 view .LVU40
 155 008c 0794     		str	r4, [sp, #28]
 156              		.loc 1 54 3 view .LVU41
 157 008e 1A6B     		ldr	r2, [r3, #48]
 158 0090 42F08002 		orr	r2, r2, #128
 159 0094 1A63     		str	r2, [r3, #48]
 160              		.loc 1 54 3 view .LVU42
 161 0096 1A6B     		ldr	r2, [r3, #48]
 162 0098 02F08002 		and	r2, r2, #128
 163 009c 0792     		str	r2, [sp, #28]
 164              		.loc 1 54 3 view .LVU43
 165 009e 079A     		ldr	r2, [sp, #28]
 166              	.LBE8:
 167              		.loc 1 54 3 view .LVU44
  55:Src/gpio.c    ****   __HAL_RCC_GPIOF_CLK_ENABLE();
 168              		.loc 1 55 3 view .LVU45
 169              	.LBB9:
 170              		.loc 1 55 3 view .LVU46
 171 00a0 0894     		str	r4, [sp, #32]
 172              		.loc 1 55 3 view .LVU47
 173 00a2 1A6B     		ldr	r2, [r3, #48]
 174 00a4 42F02002 		orr	r2, r2, #32
ARM GAS  C:\Users\nicai\AppData\Local\Temp\cc8OYyOe.s 			page 5


 175 00a8 1A63     		str	r2, [r3, #48]
 176              		.loc 1 55 3 view .LVU48
 177 00aa 1B6B     		ldr	r3, [r3, #48]
 178 00ac 03F02003 		and	r3, r3, #32
 179 00b0 0893     		str	r3, [sp, #32]
 180              		.loc 1 55 3 view .LVU49
 181 00b2 089B     		ldr	r3, [sp, #32]
 182              	.LBE9:
 183              		.loc 1 55 3 view .LVU50
  56:Src/gpio.c    **** 
  57:Src/gpio.c    ****   /*Configure GPIO pin Output Level */
  58:Src/gpio.c    ****   HAL_GPIO_WritePin(LASER_GPIO_Port, LASER_Pin, GPIO_PIN_RESET);
 184              		.loc 1 58 3 view .LVU51
 185 00b4 484F     		ldr	r7, .L3+4
 186 00b6 2246     		mov	r2, r4
 187 00b8 4FF48071 		mov	r1, #256
 188 00bc 3846     		mov	r0, r7
 189 00be FFF7FEFF 		bl	HAL_GPIO_WritePin
 190              	.LVL0:
  59:Src/gpio.c    **** 
  60:Src/gpio.c    ****   /*Configure GPIO pin Output Level */
  61:Src/gpio.c    ****   HAL_GPIO_WritePin(RSTN_IST8310_GPIO_Port, RSTN_IST8310_Pin, GPIO_PIN_SET);
 191              		.loc 1 61 3 view .LVU52
 192 00c2 DFF82091 		ldr	r9, .L3+16
 193 00c6 0122     		movs	r2, #1
 194 00c8 4021     		movs	r1, #64
 195 00ca 4846     		mov	r0, r9
 196 00cc FFF7FEFF 		bl	HAL_GPIO_WritePin
 197              	.LVL1:
  62:Src/gpio.c    **** 
  63:Src/gpio.c    ****   /*Configure GPIO pin Output Level */
  64:Src/gpio.c    ****   HAL_GPIO_WritePin(CS1_ACCEL_GPIO_Port, CS1_ACCEL_Pin, GPIO_PIN_SET);
 198              		.loc 1 64 3 view .LVU53
 199 00d0 DFF81481 		ldr	r8, .L3+20
 200 00d4 0122     		movs	r2, #1
 201 00d6 1021     		movs	r1, #16
 202 00d8 4046     		mov	r0, r8
 203 00da FFF7FEFF 		bl	HAL_GPIO_WritePin
 204              	.LVL2:
  65:Src/gpio.c    **** 
  66:Src/gpio.c    ****   /*Configure GPIO pin Output Level */
  67:Src/gpio.c    ****   HAL_GPIO_WritePin(GPIOB, SPI2_CS_Pin|CS1_GYRO_Pin, GPIO_PIN_SET);
 205              		.loc 1 67 3 view .LVU54
 206 00de 3F4E     		ldr	r6, .L3+8
 207 00e0 0122     		movs	r2, #1
 208 00e2 41F20101 		movw	r1, #4097
 209 00e6 3046     		mov	r0, r6
 210 00e8 FFF7FEFF 		bl	HAL_GPIO_WritePin
 211              	.LVL3:
  68:Src/gpio.c    **** 
  69:Src/gpio.c    ****   /*Configure GPIO pins : PIPin PIPin */
  70:Src/gpio.c    ****   GPIO_InitStruct.Pin = HALL_SENSOR_PIN2_Pin|HALL_SENSOR_PIN1_Pin;
 212              		.loc 1 70 3 view .LVU55
 213              		.loc 1 70 23 is_stmt 0 view .LVU56
 214 00ec C023     		movs	r3, #192
 215 00ee 0993     		str	r3, [sp, #36]
  71:Src/gpio.c    ****   GPIO_InitStruct.Mode = GPIO_MODE_IT_RISING;
ARM GAS  C:\Users\nicai\AppData\Local\Temp\cc8OYyOe.s 			page 6


 216              		.loc 1 71 3 is_stmt 1 view .LVU57
 217              		.loc 1 71 24 is_stmt 0 view .LVU58
 218 00f0 4FF48813 		mov	r3, #1114112
 219 00f4 0A93     		str	r3, [sp, #40]
  72:Src/gpio.c    ****   GPIO_InitStruct.Pull = GPIO_NOPULL;
 220              		.loc 1 72 3 is_stmt 1 view .LVU59
 221              		.loc 1 72 24 is_stmt 0 view .LVU60
 222 00f6 0B94     		str	r4, [sp, #44]
  73:Src/gpio.c    ****   HAL_GPIO_Init(GPIOI, &GPIO_InitStruct);
 223              		.loc 1 73 3 is_stmt 1 view .LVU61
 224 00f8 09A9     		add	r1, sp, #36
 225 00fa 3948     		ldr	r0, .L3+12
 226 00fc FFF7FEFF 		bl	HAL_GPIO_Init
 227              	.LVL4:
  74:Src/gpio.c    **** 
  75:Src/gpio.c    ****   /*Configure GPIO pin : PtPin */
  76:Src/gpio.c    ****   GPIO_InitStruct.Pin = LASER_Pin;
 228              		.loc 1 76 3 view .LVU62
 229              		.loc 1 76 23 is_stmt 0 view .LVU63
 230 0100 4FF48073 		mov	r3, #256
 231 0104 0993     		str	r3, [sp, #36]
  77:Src/gpio.c    ****   GPIO_InitStruct.Mode = GPIO_MODE_OUTPUT_PP;
 232              		.loc 1 77 3 is_stmt 1 view .LVU64
 233              		.loc 1 77 24 is_stmt 0 view .LVU65
 234 0106 0125     		movs	r5, #1
 235 0108 0A95     		str	r5, [sp, #40]
  78:Src/gpio.c    ****   GPIO_InitStruct.Pull = GPIO_NOPULL;
 236              		.loc 1 78 3 is_stmt 1 view .LVU66
 237              		.loc 1 78 24 is_stmt 0 view .LVU67
 238 010a 0B94     		str	r4, [sp, #44]
  79:Src/gpio.c    ****   GPIO_InitStruct.Speed = GPIO_SPEED_FREQ_LOW;
 239              		.loc 1 79 3 is_stmt 1 view .LVU68
 240              		.loc 1 79 25 is_stmt 0 view .LVU69
 241 010c 0C94     		str	r4, [sp, #48]
  80:Src/gpio.c    ****   HAL_GPIO_Init(LASER_GPIO_Port, &GPIO_InitStruct);
 242              		.loc 1 80 3 is_stmt 1 view .LVU70
 243 010e 09A9     		add	r1, sp, #36
 244 0110 3846     		mov	r0, r7
 245 0112 FFF7FEFF 		bl	HAL_GPIO_Init
 246              	.LVL5:
  81:Src/gpio.c    **** 
  82:Src/gpio.c    ****   /*Configure GPIO pin : PtPin */
  83:Src/gpio.c    ****   GPIO_InitStruct.Pin = RSTN_IST8310_Pin;
 247              		.loc 1 83 3 view .LVU71
 248              		.loc 1 83 23 is_stmt 0 view .LVU72
 249 0116 4023     		movs	r3, #64
 250 0118 0993     		str	r3, [sp, #36]
  84:Src/gpio.c    ****   GPIO_InitStruct.Mode = GPIO_MODE_OUTPUT_PP;
 251              		.loc 1 84 3 is_stmt 1 view .LVU73
 252              		.loc 1 84 24 is_stmt 0 view .LVU74
 253 011a 0A95     		str	r5, [sp, #40]
  85:Src/gpio.c    ****   GPIO_InitStruct.Pull = GPIO_PULLUP;
 254              		.loc 1 85 3 is_stmt 1 view .LVU75
 255              		.loc 1 85 24 is_stmt 0 view .LVU76
 256 011c 0B95     		str	r5, [sp, #44]
  86:Src/gpio.c    ****   GPIO_InitStruct.Speed = GPIO_SPEED_FREQ_MEDIUM;
 257              		.loc 1 86 3 is_stmt 1 view .LVU77
ARM GAS  C:\Users\nicai\AppData\Local\Temp\cc8OYyOe.s 			page 7


 258              		.loc 1 86 25 is_stmt 0 view .LVU78
 259 011e 0C95     		str	r5, [sp, #48]
  87:Src/gpio.c    ****   HAL_GPIO_Init(RSTN_IST8310_GPIO_Port, &GPIO_InitStruct);
 260              		.loc 1 87 3 is_stmt 1 view .LVU79
 261 0120 09A9     		add	r1, sp, #36
 262 0122 4846     		mov	r0, r9
 263 0124 FFF7FEFF 		bl	HAL_GPIO_Init
 264              	.LVL6:
  88:Src/gpio.c    **** 
  89:Src/gpio.c    ****   /*Configure GPIO pin : PtPin */
  90:Src/gpio.c    ****   GPIO_InitStruct.Pin = DRDY_IST8310_Pin;
 265              		.loc 1 90 3 view .LVU80
 266              		.loc 1 90 23 is_stmt 0 view .LVU81
 267 0128 0823     		movs	r3, #8
 268 012a 0993     		str	r3, [sp, #36]
  91:Src/gpio.c    ****   GPIO_InitStruct.Mode = GPIO_MODE_IT_FALLING;
 269              		.loc 1 91 3 is_stmt 1 view .LVU82
 270              		.loc 1 91 24 is_stmt 0 view .LVU83
 271 012c 4FF4041A 		mov	r10, #2162688
 272 0130 CDF828A0 		str	r10, [sp, #40]
  92:Src/gpio.c    ****   GPIO_InitStruct.Pull = GPIO_PULLUP;
 273              		.loc 1 92 3 is_stmt 1 view .LVU84
 274              		.loc 1 92 24 is_stmt 0 view .LVU85
 275 0134 0B95     		str	r5, [sp, #44]
  93:Src/gpio.c    ****   HAL_GPIO_Init(DRDY_IST8310_GPIO_Port, &GPIO_InitStruct);
 276              		.loc 1 93 3 is_stmt 1 view .LVU86
 277 0136 09A9     		add	r1, sp, #36
 278 0138 4846     		mov	r0, r9
 279 013a FFF7FEFF 		bl	HAL_GPIO_Init
 280              	.LVL7:
  94:Src/gpio.c    **** 
  95:Src/gpio.c    ****   /*Configure GPIO pin : PtPin */
  96:Src/gpio.c    ****   GPIO_InitStruct.Pin = KEY_Pin;
 281              		.loc 1 96 3 view .LVU87
 282              		.loc 1 96 23 is_stmt 0 view .LVU88
 283 013e 0995     		str	r5, [sp, #36]
  97:Src/gpio.c    ****   GPIO_InitStruct.Mode = GPIO_MODE_INPUT;
 284              		.loc 1 97 3 is_stmt 1 view .LVU89
 285              		.loc 1 97 24 is_stmt 0 view .LVU90
 286 0140 0A94     		str	r4, [sp, #40]
  98:Src/gpio.c    ****   GPIO_InitStruct.Pull = GPIO_PULLUP;
 287              		.loc 1 98 3 is_stmt 1 view .LVU91
 288              		.loc 1 98 24 is_stmt 0 view .LVU92
 289 0142 0B95     		str	r5, [sp, #44]
  99:Src/gpio.c    ****   HAL_GPIO_Init(KEY_GPIO_Port, &GPIO_InitStruct);
 290              		.loc 1 99 3 is_stmt 1 view .LVU93
 291 0144 09A9     		add	r1, sp, #36
 292 0146 4046     		mov	r0, r8
 293 0148 FFF7FEFF 		bl	HAL_GPIO_Init
 294              	.LVL8:
 100:Src/gpio.c    **** 
 101:Src/gpio.c    ****   /*Configure GPIO pin : PtPin */
 102:Src/gpio.c    ****   GPIO_InitStruct.Pin = CS1_ACCEL_Pin;
 295              		.loc 1 102 3 view .LVU94
 296              		.loc 1 102 23 is_stmt 0 view .LVU95
 297 014c 1023     		movs	r3, #16
 298 014e 0993     		str	r3, [sp, #36]
ARM GAS  C:\Users\nicai\AppData\Local\Temp\cc8OYyOe.s 			page 8


 103:Src/gpio.c    ****   GPIO_InitStruct.Mode = GPIO_MODE_OUTPUT_PP;
 299              		.loc 1 103 3 is_stmt 1 view .LVU96
 300              		.loc 1 103 24 is_stmt 0 view .LVU97
 301 0150 0A95     		str	r5, [sp, #40]
 104:Src/gpio.c    ****   GPIO_InitStruct.Pull = GPIO_PULLUP;
 302              		.loc 1 104 3 is_stmt 1 view .LVU98
 303              		.loc 1 104 24 is_stmt 0 view .LVU99
 304 0152 0B95     		str	r5, [sp, #44]
 105:Src/gpio.c    ****   GPIO_InitStruct.Speed = GPIO_SPEED_FREQ_HIGH;
 305              		.loc 1 105 3 is_stmt 1 view .LVU100
 306              		.loc 1 105 25 is_stmt 0 view .LVU101
 307 0154 4FF00209 		mov	r9, #2
 308 0158 CDF83090 		str	r9, [sp, #48]
 106:Src/gpio.c    ****   HAL_GPIO_Init(CS1_ACCEL_GPIO_Port, &GPIO_InitStruct);
 309              		.loc 1 106 3 is_stmt 1 view .LVU102
 310 015c 09A9     		add	r1, sp, #36
 311 015e 4046     		mov	r0, r8
 312 0160 FFF7FEFF 		bl	HAL_GPIO_Init
 313              	.LVL9:
 107:Src/gpio.c    **** 
 108:Src/gpio.c    ****   /*Configure GPIO pins : PCPin PCPin */
 109:Src/gpio.c    ****   GPIO_InitStruct.Pin = INT1_ACCEL_Pin|INT1_GYRO_Pin;
 314              		.loc 1 109 3 view .LVU103
 315              		.loc 1 109 23 is_stmt 0 view .LVU104
 316 0164 3023     		movs	r3, #48
 317 0166 0993     		str	r3, [sp, #36]
 110:Src/gpio.c    ****   GPIO_InitStruct.Mode = GPIO_MODE_IT_FALLING;
 318              		.loc 1 110 3 is_stmt 1 view .LVU105
 319              		.loc 1 110 24 is_stmt 0 view .LVU106
 320 0168 CDF828A0 		str	r10, [sp, #40]
 111:Src/gpio.c    ****   GPIO_InitStruct.Pull = GPIO_PULLUP;
 321              		.loc 1 111 3 is_stmt 1 view .LVU107
 322              		.loc 1 111 24 is_stmt 0 view .LVU108
 323 016c 0B95     		str	r5, [sp, #44]
 112:Src/gpio.c    ****   HAL_GPIO_Init(GPIOC, &GPIO_InitStruct);
 324              		.loc 1 112 3 is_stmt 1 view .LVU109
 325 016e 09A9     		add	r1, sp, #36
 326 0170 3846     		mov	r0, r7
 327 0172 FFF7FEFF 		bl	HAL_GPIO_Init
 328              	.LVL10:
 113:Src/gpio.c    **** 
 114:Src/gpio.c    ****   /*Configure GPIO pin : PtPin */
 115:Src/gpio.c    ****   GPIO_InitStruct.Pin = SPI2_CS_Pin;
 329              		.loc 1 115 3 view .LVU110
 330              		.loc 1 115 23 is_stmt 0 view .LVU111
 331 0176 4FF48053 		mov	r3, #4096
 332 017a 0993     		str	r3, [sp, #36]
 116:Src/gpio.c    ****   GPIO_InitStruct.Mode = GPIO_MODE_OUTPUT_PP;
 333              		.loc 1 116 3 is_stmt 1 view .LVU112
 334              		.loc 1 116 24 is_stmt 0 view .LVU113
 335 017c 0A95     		str	r5, [sp, #40]
 117:Src/gpio.c    ****   GPIO_InitStruct.Pull = GPIO_PULLUP;
 336              		.loc 1 117 3 is_stmt 1 view .LVU114
 337              		.loc 1 117 24 is_stmt 0 view .LVU115
 338 017e 0B95     		str	r5, [sp, #44]
 118:Src/gpio.c    ****   GPIO_InitStruct.Speed = GPIO_SPEED_FREQ_MEDIUM;
 339              		.loc 1 118 3 is_stmt 1 view .LVU116
ARM GAS  C:\Users\nicai\AppData\Local\Temp\cc8OYyOe.s 			page 9


 340              		.loc 1 118 25 is_stmt 0 view .LVU117
 341 0180 0C95     		str	r5, [sp, #48]
 119:Src/gpio.c    ****   HAL_GPIO_Init(SPI2_CS_GPIO_Port, &GPIO_InitStruct);
 342              		.loc 1 119 3 is_stmt 1 view .LVU118
 343 0182 09A9     		add	r1, sp, #36
 344 0184 3046     		mov	r0, r6
 345 0186 FFF7FEFF 		bl	HAL_GPIO_Init
 346              	.LVL11:
 120:Src/gpio.c    **** 
 121:Src/gpio.c    ****   /*Configure GPIO pin : PtPin */
 122:Src/gpio.c    ****   GPIO_InitStruct.Pin = CS1_GYRO_Pin;
 347              		.loc 1 122 3 view .LVU119
 348              		.loc 1 122 23 is_stmt 0 view .LVU120
 349 018a 0995     		str	r5, [sp, #36]
 123:Src/gpio.c    ****   GPIO_InitStruct.Mode = GPIO_MODE_OUTPUT_PP;
 350              		.loc 1 123 3 is_stmt 1 view .LVU121
 351              		.loc 1 123 24 is_stmt 0 view .LVU122
 352 018c 0A95     		str	r5, [sp, #40]
 124:Src/gpio.c    ****   GPIO_InitStruct.Pull = GPIO_PULLUP;
 353              		.loc 1 124 3 is_stmt 1 view .LVU123
 354              		.loc 1 124 24 is_stmt 0 view .LVU124
 355 018e 0B95     		str	r5, [sp, #44]
 125:Src/gpio.c    ****   GPIO_InitStruct.Speed = GPIO_SPEED_FREQ_HIGH;
 356              		.loc 1 125 3 is_stmt 1 view .LVU125
 357              		.loc 1 125 25 is_stmt 0 view .LVU126
 358 0190 CDF83090 		str	r9, [sp, #48]
 126:Src/gpio.c    ****   HAL_GPIO_Init(CS1_GYRO_GPIO_Port, &GPIO_InitStruct);
 359              		.loc 1 126 3 is_stmt 1 view .LVU127
 360 0194 09A9     		add	r1, sp, #36
 361 0196 3046     		mov	r0, r6
 362 0198 FFF7FEFF 		bl	HAL_GPIO_Init
 363              	.LVL12:
 127:Src/gpio.c    **** 
 128:Src/gpio.c    ****   /* EXTI interrupt init*/
 129:Src/gpio.c    ****   HAL_NVIC_SetPriority(EXTI3_IRQn, 5, 0);
 364              		.loc 1 129 3 view .LVU128
 365 019c 2246     		mov	r2, r4
 366 019e 0521     		movs	r1, #5
 367 01a0 0920     		movs	r0, #9
 368 01a2 FFF7FEFF 		bl	HAL_NVIC_SetPriority
 369              	.LVL13:
 130:Src/gpio.c    ****   HAL_NVIC_EnableIRQ(EXTI3_IRQn);
 370              		.loc 1 130 3 view .LVU129
 371 01a6 0920     		movs	r0, #9
 372 01a8 FFF7FEFF 		bl	HAL_NVIC_EnableIRQ
 373              	.LVL14:
 131:Src/gpio.c    **** 
 132:Src/gpio.c    ****   HAL_NVIC_SetPriority(EXTI4_IRQn, 5, 0);
 374              		.loc 1 132 3 view .LVU130
 375 01ac 2246     		mov	r2, r4
 376 01ae 0521     		movs	r1, #5
 377 01b0 0A20     		movs	r0, #10
 378 01b2 FFF7FEFF 		bl	HAL_NVIC_SetPriority
 379              	.LVL15:
 133:Src/gpio.c    ****   HAL_NVIC_EnableIRQ(EXTI4_IRQn);
 380              		.loc 1 133 3 view .LVU131
 381 01b6 0A20     		movs	r0, #10
ARM GAS  C:\Users\nicai\AppData\Local\Temp\cc8OYyOe.s 			page 10


 382 01b8 FFF7FEFF 		bl	HAL_NVIC_EnableIRQ
 383              	.LVL16:
 134:Src/gpio.c    **** 
 135:Src/gpio.c    ****   HAL_NVIC_SetPriority(EXTI9_5_IRQn, 5, 0);
 384              		.loc 1 135 3 view .LVU132
 385 01bc 2246     		mov	r2, r4
 386 01be 0521     		movs	r1, #5
 387 01c0 1720     		movs	r0, #23
 388 01c2 FFF7FEFF 		bl	HAL_NVIC_SetPriority
 389              	.LVL17:
 136:Src/gpio.c    ****   HAL_NVIC_EnableIRQ(EXTI9_5_IRQn);
 390              		.loc 1 136 3 view .LVU133
 391 01c6 1720     		movs	r0, #23
 392 01c8 FFF7FEFF 		bl	HAL_NVIC_EnableIRQ
 393              	.LVL18:
 137:Src/gpio.c    **** 
 138:Src/gpio.c    **** }
 394              		.loc 1 138 1 is_stmt 0 view .LVU134
 395 01cc 0EB0     		add	sp, sp, #56
 396              	.LCFI2:
 397              		.cfi_def_cfa_offset 32
 398              		@ sp needed
 399 01ce BDE8F087 		pop	{r4, r5, r6, r7, r8, r9, r10, pc}
 400              	.L4:
 401 01d2 00BF     		.align	2
 402              	.L3:
 403 01d4 00380240 		.word	1073887232
 404 01d8 00080240 		.word	1073874944
 405 01dc 00040240 		.word	1073873920
 406 01e0 00200240 		.word	1073881088
 407 01e4 00180240 		.word	1073879040
 408 01e8 00000240 		.word	1073872896
 409              		.cfi_endproc
 410              	.LFE134:
 412              		.text
 413              	.Letext0:
 414              		.file 2 "Drivers/CMSIS/Device/ST/STM32F4xx/Include/stm32f407xx.h"
 415              		.file 3 "d:\\msys2\\mingw64\\arm-none-eabi\\include\\machine\\_default_types.h"
 416              		.file 4 "d:\\msys2\\mingw64\\arm-none-eabi\\include\\sys\\_stdint.h"
 417              		.file 5 "Drivers/STM32F4xx_HAL_Driver/Inc/stm32f4xx_hal_gpio.h"
 418              		.file 6 "Drivers/STM32F4xx_HAL_Driver/Inc/stm32f4xx_hal_cortex.h"
ARM GAS  C:\Users\nicai\AppData\Local\Temp\cc8OYyOe.s 			page 11


DEFINED SYMBOLS
                            *ABS*:00000000 gpio.c
C:\Users\nicai\AppData\Local\Temp\cc8OYyOe.s:21     .text.MX_GPIO_Init:00000000 $t
C:\Users\nicai\AppData\Local\Temp\cc8OYyOe.s:27     .text.MX_GPIO_Init:00000000 MX_GPIO_Init
C:\Users\nicai\AppData\Local\Temp\cc8OYyOe.s:403    .text.MX_GPIO_Init:000001d4 $d

UNDEFINED SYMBOLS
HAL_GPIO_WritePin
HAL_GPIO_Init
HAL_NVIC_SetPriority
HAL_NVIC_EnableIRQ
