ARM GAS  C:\Users\nicai\AppData\Local\Temp\ccBPvdFe.s 			page 1


   1              		.cpu cortex-m4
   2              		.arch armv7e-m
   3              		.fpu fpv4-sp-d16
   4              		.eabi_attribute 27, 1
   5              		.eabi_attribute 28, 1
   6              		.eabi_attribute 20, 1
   7              		.eabi_attribute 21, 1
   8              		.eabi_attribute 23, 3
   9              		.eabi_attribute 24, 1
  10              		.eabi_attribute 25, 1
  11              		.eabi_attribute 26, 1
  12              		.eabi_attribute 30, 1
  13              		.eabi_attribute 34, 1
  14              		.eabi_attribute 18, 4
  15              		.file	"stm32f4xx_it.c"
  16              		.text
  17              	.Ltext0:
  18              		.cfi_sections	.debug_frame
  19              		.file 1 "Src/stm32f4xx_it.c"
  20              		.section	.text.NMI_Handler,"ax",%progbits
  21              		.align	1
  22              		.global	NMI_Handler
  23              		.syntax unified
  24              		.thumb
  25              		.thumb_func
  27              	NMI_Handler:
  28              	.LFB134:
   1:Src/stm32f4xx_it.c **** /* USER CODE BEGIN Header */
   2:Src/stm32f4xx_it.c **** /**
   3:Src/stm32f4xx_it.c ****   ******************************************************************************
   4:Src/stm32f4xx_it.c ****   * @file    stm32f4xx_it.c
   5:Src/stm32f4xx_it.c ****   * @brief   Interrupt Service Routines.
   6:Src/stm32f4xx_it.c ****   ******************************************************************************
   7:Src/stm32f4xx_it.c ****   * @attention
   8:Src/stm32f4xx_it.c ****   *
   9:Src/stm32f4xx_it.c ****   * Copyright (c) 2024 STMicroelectronics.
  10:Src/stm32f4xx_it.c ****   * All rights reserved.
  11:Src/stm32f4xx_it.c ****   *
  12:Src/stm32f4xx_it.c ****   * This software is licensed under terms that can be found in the LICENSE file
  13:Src/stm32f4xx_it.c ****   * in the root directory of this software component.
  14:Src/stm32f4xx_it.c ****   * If no LICENSE file comes with this software, it is provided AS-IS.
  15:Src/stm32f4xx_it.c ****   *
  16:Src/stm32f4xx_it.c ****   ******************************************************************************
  17:Src/stm32f4xx_it.c ****   */
  18:Src/stm32f4xx_it.c **** /* USER CODE END Header */
  19:Src/stm32f4xx_it.c **** 
  20:Src/stm32f4xx_it.c **** /* Includes ------------------------------------------------------------------*/
  21:Src/stm32f4xx_it.c **** #include "main.h"
  22:Src/stm32f4xx_it.c **** #include "stm32f4xx_it.h"
  23:Src/stm32f4xx_it.c **** /* Private includes ----------------------------------------------------------*/
  24:Src/stm32f4xx_it.c **** /* USER CODE BEGIN Includes */
  25:Src/stm32f4xx_it.c **** /* USER CODE END Includes */
  26:Src/stm32f4xx_it.c **** 
  27:Src/stm32f4xx_it.c **** /* Private typedef -----------------------------------------------------------*/
  28:Src/stm32f4xx_it.c **** /* USER CODE BEGIN TD */
  29:Src/stm32f4xx_it.c **** 
  30:Src/stm32f4xx_it.c **** /* USER CODE END TD */
ARM GAS  C:\Users\nicai\AppData\Local\Temp\ccBPvdFe.s 			page 2


  31:Src/stm32f4xx_it.c **** 
  32:Src/stm32f4xx_it.c **** /* Private define ------------------------------------------------------------*/
  33:Src/stm32f4xx_it.c **** /* USER CODE BEGIN PD */
  34:Src/stm32f4xx_it.c **** 
  35:Src/stm32f4xx_it.c **** /* USER CODE END PD */
  36:Src/stm32f4xx_it.c **** 
  37:Src/stm32f4xx_it.c **** /* Private macro -------------------------------------------------------------*/
  38:Src/stm32f4xx_it.c **** /* USER CODE BEGIN PM */
  39:Src/stm32f4xx_it.c **** 
  40:Src/stm32f4xx_it.c **** /* USER CODE END PM */
  41:Src/stm32f4xx_it.c **** 
  42:Src/stm32f4xx_it.c **** /* Private variables ---------------------------------------------------------*/
  43:Src/stm32f4xx_it.c **** /* USER CODE BEGIN PV */
  44:Src/stm32f4xx_it.c **** 
  45:Src/stm32f4xx_it.c **** /* USER CODE END PV */
  46:Src/stm32f4xx_it.c **** 
  47:Src/stm32f4xx_it.c **** /* Private function prototypes -----------------------------------------------*/
  48:Src/stm32f4xx_it.c **** /* USER CODE BEGIN PFP */
  49:Src/stm32f4xx_it.c **** 
  50:Src/stm32f4xx_it.c **** /* USER CODE END PFP */
  51:Src/stm32f4xx_it.c **** 
  52:Src/stm32f4xx_it.c **** /* Private user code ---------------------------------------------------------*/
  53:Src/stm32f4xx_it.c **** /* USER CODE BEGIN 0 */
  54:Src/stm32f4xx_it.c **** 
  55:Src/stm32f4xx_it.c **** /* USER CODE END 0 */
  56:Src/stm32f4xx_it.c **** 
  57:Src/stm32f4xx_it.c **** /* External variables --------------------------------------------------------*/
  58:Src/stm32f4xx_it.c **** extern CAN_HandleTypeDef hcan1;
  59:Src/stm32f4xx_it.c **** extern CAN_HandleTypeDef hcan2;
  60:Src/stm32f4xx_it.c **** extern DMA_HandleTypeDef hdma_usart1_tx;
  61:Src/stm32f4xx_it.c **** extern DMA_HandleTypeDef hdma_usart1_rx;
  62:Src/stm32f4xx_it.c **** extern DMA_HandleTypeDef hdma_usart6_tx;
  63:Src/stm32f4xx_it.c **** extern DMA_HandleTypeDef hdma_usart6_rx;
  64:Src/stm32f4xx_it.c **** extern UART_HandleTypeDef huart1;
  65:Src/stm32f4xx_it.c **** extern UART_HandleTypeDef huart3;
  66:Src/stm32f4xx_it.c **** extern UART_HandleTypeDef huart6;
  67:Src/stm32f4xx_it.c **** extern TIM_HandleTypeDef htim2;
  68:Src/stm32f4xx_it.c **** 
  69:Src/stm32f4xx_it.c **** /* USER CODE BEGIN EV */
  70:Src/stm32f4xx_it.c **** 
  71:Src/stm32f4xx_it.c **** /* USER CODE END EV */
  72:Src/stm32f4xx_it.c **** 
  73:Src/stm32f4xx_it.c **** /******************************************************************************/
  74:Src/stm32f4xx_it.c **** /*           Cortex-M4 Processor Interruption and Exception Handlers          */
  75:Src/stm32f4xx_it.c **** /******************************************************************************/
  76:Src/stm32f4xx_it.c **** /**
  77:Src/stm32f4xx_it.c ****   * @brief This function handles Non maskable interrupt.
  78:Src/stm32f4xx_it.c ****   */
  79:Src/stm32f4xx_it.c **** void NMI_Handler(void)
  80:Src/stm32f4xx_it.c **** {
  29              		.loc 1 80 1 view -0
  30              		.cfi_startproc
  31              		@ Volatile: function does not return.
  32              		@ args = 0, pretend = 0, frame = 0
  33              		@ frame_needed = 0, uses_anonymous_args = 0
  34              		@ link register save eliminated.
  35              	.L2:
ARM GAS  C:\Users\nicai\AppData\Local\Temp\ccBPvdFe.s 			page 3


  81:Src/stm32f4xx_it.c ****   /* USER CODE BEGIN NonMaskableInt_IRQn 0 */
  82:Src/stm32f4xx_it.c **** 
  83:Src/stm32f4xx_it.c ****   /* USER CODE END NonMaskableInt_IRQn 0 */
  84:Src/stm32f4xx_it.c ****   /* USER CODE BEGIN NonMaskableInt_IRQn 1 */
  85:Src/stm32f4xx_it.c ****    while (1)
  36              		.loc 1 85 4 discriminator 1 view .LVU1
  86:Src/stm32f4xx_it.c ****   {
  87:Src/stm32f4xx_it.c ****   }
  37              		.loc 1 87 3 discriminator 1 view .LVU2
  85:Src/stm32f4xx_it.c ****   {
  38              		.loc 1 85 10 discriminator 1 view .LVU3
  39 0000 FEE7     		b	.L2
  40              		.cfi_endproc
  41              	.LFE134:
  43              		.section	.text.HardFault_Handler,"ax",%progbits
  44              		.align	1
  45              		.global	HardFault_Handler
  46              		.syntax unified
  47              		.thumb
  48              		.thumb_func
  50              	HardFault_Handler:
  51              	.LFB135:
  88:Src/stm32f4xx_it.c ****   /* USER CODE END NonMaskableInt_IRQn 1 */
  89:Src/stm32f4xx_it.c **** }
  90:Src/stm32f4xx_it.c **** 
  91:Src/stm32f4xx_it.c **** /**
  92:Src/stm32f4xx_it.c ****   * @brief This function handles Hard fault interrupt.
  93:Src/stm32f4xx_it.c ****   */
  94:Src/stm32f4xx_it.c **** void HardFault_Handler(void)
  95:Src/stm32f4xx_it.c **** {
  52              		.loc 1 95 1 view -0
  53              		.cfi_startproc
  54              		@ Volatile: function does not return.
  55              		@ args = 0, pretend = 0, frame = 0
  56              		@ frame_needed = 0, uses_anonymous_args = 0
  57              		@ link register save eliminated.
  58              	.L4:
  96:Src/stm32f4xx_it.c ****   /* USER CODE BEGIN HardFault_IRQn 0 */
  97:Src/stm32f4xx_it.c **** 
  98:Src/stm32f4xx_it.c ****   /* USER CODE END HardFault_IRQn 0 */
  99:Src/stm32f4xx_it.c ****   while (1)
  59              		.loc 1 99 3 discriminator 1 view .LVU5
 100:Src/stm32f4xx_it.c ****   {
 101:Src/stm32f4xx_it.c ****     /* USER CODE BEGIN W1_HardFault_IRQn 0 */
 102:Src/stm32f4xx_it.c ****     /* USER CODE END W1_HardFault_IRQn 0 */
 103:Src/stm32f4xx_it.c ****   }
  60              		.loc 1 103 3 discriminator 1 view .LVU6
  99:Src/stm32f4xx_it.c ****   {
  61              		.loc 1 99 9 discriminator 1 view .LVU7
  62 0000 FEE7     		b	.L4
  63              		.cfi_endproc
  64              	.LFE135:
  66              		.section	.text.MemManage_Handler,"ax",%progbits
  67              		.align	1
  68              		.global	MemManage_Handler
  69              		.syntax unified
  70              		.thumb
ARM GAS  C:\Users\nicai\AppData\Local\Temp\ccBPvdFe.s 			page 4


  71              		.thumb_func
  73              	MemManage_Handler:
  74              	.LFB136:
 104:Src/stm32f4xx_it.c **** }
 105:Src/stm32f4xx_it.c **** 
 106:Src/stm32f4xx_it.c **** /**
 107:Src/stm32f4xx_it.c ****   * @brief This function handles Memory management fault.
 108:Src/stm32f4xx_it.c ****   */
 109:Src/stm32f4xx_it.c **** void MemManage_Handler(void)
 110:Src/stm32f4xx_it.c **** {
  75              		.loc 1 110 1 view -0
  76              		.cfi_startproc
  77              		@ Volatile: function does not return.
  78              		@ args = 0, pretend = 0, frame = 0
  79              		@ frame_needed = 0, uses_anonymous_args = 0
  80              		@ link register save eliminated.
  81              	.L6:
 111:Src/stm32f4xx_it.c ****   /* USER CODE BEGIN MemoryManagement_IRQn 0 */
 112:Src/stm32f4xx_it.c **** 
 113:Src/stm32f4xx_it.c ****   /* USER CODE END MemoryManagement_IRQn 0 */
 114:Src/stm32f4xx_it.c ****   while (1)
  82              		.loc 1 114 3 discriminator 1 view .LVU9
 115:Src/stm32f4xx_it.c ****   {
 116:Src/stm32f4xx_it.c ****     /* USER CODE BEGIN W1_MemoryManagement_IRQn 0 */
 117:Src/stm32f4xx_it.c ****     /* USER CODE END W1_MemoryManagement_IRQn 0 */
 118:Src/stm32f4xx_it.c ****   }
  83              		.loc 1 118 3 discriminator 1 view .LVU10
 114:Src/stm32f4xx_it.c ****   {
  84              		.loc 1 114 9 discriminator 1 view .LVU11
  85 0000 FEE7     		b	.L6
  86              		.cfi_endproc
  87              	.LFE136:
  89              		.section	.text.BusFault_Handler,"ax",%progbits
  90              		.align	1
  91              		.global	BusFault_Handler
  92              		.syntax unified
  93              		.thumb
  94              		.thumb_func
  96              	BusFault_Handler:
  97              	.LFB137:
 119:Src/stm32f4xx_it.c **** }
 120:Src/stm32f4xx_it.c **** 
 121:Src/stm32f4xx_it.c **** /**
 122:Src/stm32f4xx_it.c ****   * @brief This function handles Pre-fetch fault, memory access fault.
 123:Src/stm32f4xx_it.c ****   */
 124:Src/stm32f4xx_it.c **** void BusFault_Handler(void)
 125:Src/stm32f4xx_it.c **** {
  98              		.loc 1 125 1 view -0
  99              		.cfi_startproc
 100              		@ Volatile: function does not return.
 101              		@ args = 0, pretend = 0, frame = 0
 102              		@ frame_needed = 0, uses_anonymous_args = 0
 103              		@ link register save eliminated.
 104              	.L8:
 126:Src/stm32f4xx_it.c ****   /* USER CODE BEGIN BusFault_IRQn 0 */
 127:Src/stm32f4xx_it.c **** 
 128:Src/stm32f4xx_it.c ****   /* USER CODE END BusFault_IRQn 0 */
ARM GAS  C:\Users\nicai\AppData\Local\Temp\ccBPvdFe.s 			page 5


 129:Src/stm32f4xx_it.c ****   while (1)
 105              		.loc 1 129 3 discriminator 1 view .LVU13
 130:Src/stm32f4xx_it.c ****   {
 131:Src/stm32f4xx_it.c ****     /* USER CODE BEGIN W1_BusFault_IRQn 0 */
 132:Src/stm32f4xx_it.c ****     /* USER CODE END W1_BusFault_IRQn 0 */
 133:Src/stm32f4xx_it.c ****   }
 106              		.loc 1 133 3 discriminator 1 view .LVU14
 129:Src/stm32f4xx_it.c ****   {
 107              		.loc 1 129 9 discriminator 1 view .LVU15
 108 0000 FEE7     		b	.L8
 109              		.cfi_endproc
 110              	.LFE137:
 112              		.section	.text.UsageFault_Handler,"ax",%progbits
 113              		.align	1
 114              		.global	UsageFault_Handler
 115              		.syntax unified
 116              		.thumb
 117              		.thumb_func
 119              	UsageFault_Handler:
 120              	.LFB138:
 134:Src/stm32f4xx_it.c **** }
 135:Src/stm32f4xx_it.c **** 
 136:Src/stm32f4xx_it.c **** /**
 137:Src/stm32f4xx_it.c ****   * @brief This function handles Undefined instruction or illegal state.
 138:Src/stm32f4xx_it.c ****   */
 139:Src/stm32f4xx_it.c **** void UsageFault_Handler(void)
 140:Src/stm32f4xx_it.c **** {
 121              		.loc 1 140 1 view -0
 122              		.cfi_startproc
 123              		@ Volatile: function does not return.
 124              		@ args = 0, pretend = 0, frame = 0
 125              		@ frame_needed = 0, uses_anonymous_args = 0
 126              		@ link register save eliminated.
 127              	.L10:
 141:Src/stm32f4xx_it.c ****   /* USER CODE BEGIN UsageFault_IRQn 0 */
 142:Src/stm32f4xx_it.c **** 
 143:Src/stm32f4xx_it.c ****   /* USER CODE END UsageFault_IRQn 0 */
 144:Src/stm32f4xx_it.c ****   while (1)
 128              		.loc 1 144 3 discriminator 1 view .LVU17
 145:Src/stm32f4xx_it.c ****   {
 146:Src/stm32f4xx_it.c ****     /* USER CODE BEGIN W1_UsageFault_IRQn 0 */
 147:Src/stm32f4xx_it.c ****     /* USER CODE END W1_UsageFault_IRQn 0 */
 148:Src/stm32f4xx_it.c ****   }
 129              		.loc 1 148 3 discriminator 1 view .LVU18
 144:Src/stm32f4xx_it.c ****   {
 130              		.loc 1 144 9 discriminator 1 view .LVU19
 131 0000 FEE7     		b	.L10
 132              		.cfi_endproc
 133              	.LFE138:
 135              		.section	.text.DebugMon_Handler,"ax",%progbits
 136              		.align	1
 137              		.global	DebugMon_Handler
 138              		.syntax unified
 139              		.thumb
 140              		.thumb_func
 142              	DebugMon_Handler:
 143              	.LFB139:
ARM GAS  C:\Users\nicai\AppData\Local\Temp\ccBPvdFe.s 			page 6


 149:Src/stm32f4xx_it.c **** }
 150:Src/stm32f4xx_it.c **** 
 151:Src/stm32f4xx_it.c **** /**
 152:Src/stm32f4xx_it.c ****   * @brief This function handles Debug monitor.
 153:Src/stm32f4xx_it.c ****   */
 154:Src/stm32f4xx_it.c **** void DebugMon_Handler(void)
 155:Src/stm32f4xx_it.c **** {
 144              		.loc 1 155 1 view -0
 145              		.cfi_startproc
 146              		@ args = 0, pretend = 0, frame = 0
 147              		@ frame_needed = 0, uses_anonymous_args = 0
 148              		@ link register save eliminated.
 156:Src/stm32f4xx_it.c ****   /* USER CODE BEGIN DebugMonitor_IRQn 0 */
 157:Src/stm32f4xx_it.c **** 
 158:Src/stm32f4xx_it.c ****   /* USER CODE END DebugMonitor_IRQn 0 */
 159:Src/stm32f4xx_it.c ****   /* USER CODE BEGIN DebugMonitor_IRQn 1 */
 160:Src/stm32f4xx_it.c **** 
 161:Src/stm32f4xx_it.c ****   /* USER CODE END DebugMonitor_IRQn 1 */
 162:Src/stm32f4xx_it.c **** }
 149              		.loc 1 162 1 view .LVU21
 150 0000 7047     		bx	lr
 151              		.cfi_endproc
 152              	.LFE139:
 154              		.section	.text.EXTI3_IRQHandler,"ax",%progbits
 155              		.align	1
 156              		.global	EXTI3_IRQHandler
 157              		.syntax unified
 158              		.thumb
 159              		.thumb_func
 161              	EXTI3_IRQHandler:
 162              	.LFB140:
 163:Src/stm32f4xx_it.c **** 
 164:Src/stm32f4xx_it.c **** /******************************************************************************/
 165:Src/stm32f4xx_it.c **** /* STM32F4xx Peripheral Interrupt Handlers                                    */
 166:Src/stm32f4xx_it.c **** /* Add here the Interrupt Handlers for the used peripherals.                  */
 167:Src/stm32f4xx_it.c **** /* For the available peripheral interrupt handler names,                      */
 168:Src/stm32f4xx_it.c **** /* please refer to the startup file (startup_stm32f4xx.s).                    */
 169:Src/stm32f4xx_it.c **** /******************************************************************************/
 170:Src/stm32f4xx_it.c **** 
 171:Src/stm32f4xx_it.c **** /**
 172:Src/stm32f4xx_it.c ****   * @brief This function handles EXTI line3 interrupt.
 173:Src/stm32f4xx_it.c ****   */
 174:Src/stm32f4xx_it.c **** void EXTI3_IRQHandler(void)
 175:Src/stm32f4xx_it.c **** {
 163              		.loc 1 175 1 view -0
 164              		.cfi_startproc
 165              		@ args = 0, pretend = 0, frame = 0
 166              		@ frame_needed = 0, uses_anonymous_args = 0
 167 0000 08B5     		push	{r3, lr}
 168              	.LCFI0:
 169              		.cfi_def_cfa_offset 8
 170              		.cfi_offset 3, -8
 171              		.cfi_offset 14, -4
 176:Src/stm32f4xx_it.c ****   /* USER CODE BEGIN EXTI3_IRQn 0 */
 177:Src/stm32f4xx_it.c **** 
 178:Src/stm32f4xx_it.c ****   /* USER CODE END EXTI3_IRQn 0 */
 179:Src/stm32f4xx_it.c ****   HAL_GPIO_EXTI_IRQHandler(DRDY_IST8310_Pin);
ARM GAS  C:\Users\nicai\AppData\Local\Temp\ccBPvdFe.s 			page 7


 172              		.loc 1 179 3 view .LVU23
 173 0002 0820     		movs	r0, #8
 174 0004 FFF7FEFF 		bl	HAL_GPIO_EXTI_IRQHandler
 175              	.LVL0:
 180:Src/stm32f4xx_it.c ****   /* USER CODE BEGIN EXTI3_IRQn 1 */
 181:Src/stm32f4xx_it.c **** 
 182:Src/stm32f4xx_it.c ****   /* USER CODE END EXTI3_IRQn 1 */
 183:Src/stm32f4xx_it.c **** }
 176              		.loc 1 183 1 is_stmt 0 view .LVU24
 177 0008 08BD     		pop	{r3, pc}
 178              		.cfi_endproc
 179              	.LFE140:
 181              		.section	.text.EXTI4_IRQHandler,"ax",%progbits
 182              		.align	1
 183              		.global	EXTI4_IRQHandler
 184              		.syntax unified
 185              		.thumb
 186              		.thumb_func
 188              	EXTI4_IRQHandler:
 189              	.LFB141:
 184:Src/stm32f4xx_it.c **** 
 185:Src/stm32f4xx_it.c **** /**
 186:Src/stm32f4xx_it.c ****   * @brief This function handles EXTI line4 interrupt.
 187:Src/stm32f4xx_it.c ****   */
 188:Src/stm32f4xx_it.c **** void EXTI4_IRQHandler(void)
 189:Src/stm32f4xx_it.c **** {
 190              		.loc 1 189 1 is_stmt 1 view -0
 191              		.cfi_startproc
 192              		@ args = 0, pretend = 0, frame = 0
 193              		@ frame_needed = 0, uses_anonymous_args = 0
 194 0000 08B5     		push	{r3, lr}
 195              	.LCFI1:
 196              		.cfi_def_cfa_offset 8
 197              		.cfi_offset 3, -8
 198              		.cfi_offset 14, -4
 190:Src/stm32f4xx_it.c ****   /* USER CODE BEGIN EXTI4_IRQn 0 */
 191:Src/stm32f4xx_it.c **** 
 192:Src/stm32f4xx_it.c ****   /* USER CODE END EXTI4_IRQn 0 */
 193:Src/stm32f4xx_it.c ****   HAL_GPIO_EXTI_IRQHandler(INT1_ACCEL_Pin);
 199              		.loc 1 193 3 view .LVU26
 200 0002 1020     		movs	r0, #16
 201 0004 FFF7FEFF 		bl	HAL_GPIO_EXTI_IRQHandler
 202              	.LVL1:
 194:Src/stm32f4xx_it.c ****   /* USER CODE BEGIN EXTI4_IRQn 1 */
 195:Src/stm32f4xx_it.c **** 
 196:Src/stm32f4xx_it.c ****   /* USER CODE END EXTI4_IRQn 1 */
 197:Src/stm32f4xx_it.c **** }
 203              		.loc 1 197 1 is_stmt 0 view .LVU27
 204 0008 08BD     		pop	{r3, pc}
 205              		.cfi_endproc
 206              	.LFE141:
 208              		.section	.text.CAN1_RX0_IRQHandler,"ax",%progbits
 209              		.align	1
 210              		.global	CAN1_RX0_IRQHandler
 211              		.syntax unified
 212              		.thumb
 213              		.thumb_func
ARM GAS  C:\Users\nicai\AppData\Local\Temp\ccBPvdFe.s 			page 8


 215              	CAN1_RX0_IRQHandler:
 216              	.LFB142:
 198:Src/stm32f4xx_it.c **** 
 199:Src/stm32f4xx_it.c **** /**
 200:Src/stm32f4xx_it.c ****   * @brief This function handles CAN1 RX0 interrupts.
 201:Src/stm32f4xx_it.c ****   */
 202:Src/stm32f4xx_it.c **** void CAN1_RX0_IRQHandler(void)
 203:Src/stm32f4xx_it.c **** {
 217              		.loc 1 203 1 is_stmt 1 view -0
 218              		.cfi_startproc
 219              		@ args = 0, pretend = 0, frame = 0
 220              		@ frame_needed = 0, uses_anonymous_args = 0
 221 0000 08B5     		push	{r3, lr}
 222              	.LCFI2:
 223              		.cfi_def_cfa_offset 8
 224              		.cfi_offset 3, -8
 225              		.cfi_offset 14, -4
 204:Src/stm32f4xx_it.c ****   /* USER CODE BEGIN CAN1_RX0_IRQn 0 */
 205:Src/stm32f4xx_it.c **** 
 206:Src/stm32f4xx_it.c ****   /* USER CODE END CAN1_RX0_IRQn 0 */
 207:Src/stm32f4xx_it.c ****   HAL_CAN_IRQHandler(&hcan1);
 226              		.loc 1 207 3 view .LVU29
 227 0002 0248     		ldr	r0, .L18
 228 0004 FFF7FEFF 		bl	HAL_CAN_IRQHandler
 229              	.LVL2:
 208:Src/stm32f4xx_it.c ****   /* USER CODE BEGIN CAN1_RX0_IRQn 1 */
 209:Src/stm32f4xx_it.c **** 
 210:Src/stm32f4xx_it.c ****   /* USER CODE END CAN1_RX0_IRQn 1 */
 211:Src/stm32f4xx_it.c **** }
 230              		.loc 1 211 1 is_stmt 0 view .LVU30
 231 0008 08BD     		pop	{r3, pc}
 232              	.L19:
 233 000a 00BF     		.align	2
 234              	.L18:
 235 000c 00000000 		.word	hcan1
 236              		.cfi_endproc
 237              	.LFE142:
 239              		.section	.text.EXTI9_5_IRQHandler,"ax",%progbits
 240              		.align	1
 241              		.global	EXTI9_5_IRQHandler
 242              		.syntax unified
 243              		.thumb
 244              		.thumb_func
 246              	EXTI9_5_IRQHandler:
 247              	.LFB143:
 212:Src/stm32f4xx_it.c **** 
 213:Src/stm32f4xx_it.c **** /**
 214:Src/stm32f4xx_it.c ****   * @brief This function handles EXTI line[9:5] interrupts.
 215:Src/stm32f4xx_it.c ****   */
 216:Src/stm32f4xx_it.c **** void EXTI9_5_IRQHandler(void)
 217:Src/stm32f4xx_it.c **** {
 248              		.loc 1 217 1 is_stmt 1 view -0
 249              		.cfi_startproc
 250              		@ args = 0, pretend = 0, frame = 0
 251              		@ frame_needed = 0, uses_anonymous_args = 0
 252 0000 08B5     		push	{r3, lr}
 253              	.LCFI3:
ARM GAS  C:\Users\nicai\AppData\Local\Temp\ccBPvdFe.s 			page 9


 254              		.cfi_def_cfa_offset 8
 255              		.cfi_offset 3, -8
 256              		.cfi_offset 14, -4
 218:Src/stm32f4xx_it.c ****   /* USER CODE BEGIN EXTI9_5_IRQn 0 */
 219:Src/stm32f4xx_it.c **** 
 220:Src/stm32f4xx_it.c ****   /* USER CODE END EXTI9_5_IRQn 0 */
 221:Src/stm32f4xx_it.c ****   HAL_GPIO_EXTI_IRQHandler(INT1_GYRO_Pin);
 257              		.loc 1 221 3 view .LVU32
 258 0002 2020     		movs	r0, #32
 259 0004 FFF7FEFF 		bl	HAL_GPIO_EXTI_IRQHandler
 260              	.LVL3:
 222:Src/stm32f4xx_it.c ****   HAL_GPIO_EXTI_IRQHandler(HALL_SENSOR_PIN1_Pin);
 261              		.loc 1 222 3 view .LVU33
 262 0008 4020     		movs	r0, #64
 263 000a FFF7FEFF 		bl	HAL_GPIO_EXTI_IRQHandler
 264              	.LVL4:
 223:Src/stm32f4xx_it.c ****   HAL_GPIO_EXTI_IRQHandler(HALL_SENSOR_PIN2_Pin);
 265              		.loc 1 223 3 view .LVU34
 266 000e 8020     		movs	r0, #128
 267 0010 FFF7FEFF 		bl	HAL_GPIO_EXTI_IRQHandler
 268              	.LVL5:
 224:Src/stm32f4xx_it.c ****   /* USER CODE BEGIN EXTI9_5_IRQn 1 */
 225:Src/stm32f4xx_it.c **** 
 226:Src/stm32f4xx_it.c ****   /* USER CODE END EXTI9_5_IRQn 1 */
 227:Src/stm32f4xx_it.c **** }
 269              		.loc 1 227 1 is_stmt 0 view .LVU35
 270 0014 08BD     		pop	{r3, pc}
 271              		.cfi_endproc
 272              	.LFE143:
 274              		.section	.text.TIM2_IRQHandler,"ax",%progbits
 275              		.align	1
 276              		.global	TIM2_IRQHandler
 277              		.syntax unified
 278              		.thumb
 279              		.thumb_func
 281              	TIM2_IRQHandler:
 282              	.LFB144:
 228:Src/stm32f4xx_it.c **** 
 229:Src/stm32f4xx_it.c **** /**
 230:Src/stm32f4xx_it.c ****   * @brief This function handles TIM2 global interrupt.
 231:Src/stm32f4xx_it.c ****   */
 232:Src/stm32f4xx_it.c **** void TIM2_IRQHandler(void)
 233:Src/stm32f4xx_it.c **** {
 283              		.loc 1 233 1 is_stmt 1 view -0
 284              		.cfi_startproc
 285              		@ args = 0, pretend = 0, frame = 0
 286              		@ frame_needed = 0, uses_anonymous_args = 0
 287 0000 08B5     		push	{r3, lr}
 288              	.LCFI4:
 289              		.cfi_def_cfa_offset 8
 290              		.cfi_offset 3, -8
 291              		.cfi_offset 14, -4
 234:Src/stm32f4xx_it.c ****   /* USER CODE BEGIN TIM2_IRQn 0 */
 235:Src/stm32f4xx_it.c **** 
 236:Src/stm32f4xx_it.c ****   /* USER CODE END TIM2_IRQn 0 */
 237:Src/stm32f4xx_it.c ****   HAL_TIM_IRQHandler(&htim2);
 292              		.loc 1 237 3 view .LVU37
ARM GAS  C:\Users\nicai\AppData\Local\Temp\ccBPvdFe.s 			page 10


 293 0002 0248     		ldr	r0, .L24
 294 0004 FFF7FEFF 		bl	HAL_TIM_IRQHandler
 295              	.LVL6:
 238:Src/stm32f4xx_it.c ****   /* USER CODE BEGIN TIM2_IRQn 1 */
 239:Src/stm32f4xx_it.c **** 
 240:Src/stm32f4xx_it.c ****   /* USER CODE END TIM2_IRQn 1 */
 241:Src/stm32f4xx_it.c **** }
 296              		.loc 1 241 1 is_stmt 0 view .LVU38
 297 0008 08BD     		pop	{r3, pc}
 298              	.L25:
 299 000a 00BF     		.align	2
 300              	.L24:
 301 000c 00000000 		.word	htim2
 302              		.cfi_endproc
 303              	.LFE144:
 305              		.section	.text.USART1_IRQHandler,"ax",%progbits
 306              		.align	1
 307              		.global	USART1_IRQHandler
 308              		.syntax unified
 309              		.thumb
 310              		.thumb_func
 312              	USART1_IRQHandler:
 313              	.LFB145:
 242:Src/stm32f4xx_it.c **** 
 243:Src/stm32f4xx_it.c **** /**
 244:Src/stm32f4xx_it.c ****   * @brief This function handles USART1 global interrupt.
 245:Src/stm32f4xx_it.c ****   */
 246:Src/stm32f4xx_it.c **** void USART1_IRQHandler(void)
 247:Src/stm32f4xx_it.c **** {
 314              		.loc 1 247 1 is_stmt 1 view -0
 315              		.cfi_startproc
 316              		@ args = 0, pretend = 0, frame = 0
 317              		@ frame_needed = 0, uses_anonymous_args = 0
 318 0000 08B5     		push	{r3, lr}
 319              	.LCFI5:
 320              		.cfi_def_cfa_offset 8
 321              		.cfi_offset 3, -8
 322              		.cfi_offset 14, -4
 248:Src/stm32f4xx_it.c ****   /* USER CODE BEGIN USART1_IRQn 0 */
 249:Src/stm32f4xx_it.c **** 
 250:Src/stm32f4xx_it.c ****   /* USER CODE END USART1_IRQn 0 */
 251:Src/stm32f4xx_it.c ****   HAL_UART_IRQHandler(&huart1);
 323              		.loc 1 251 3 view .LVU40
 324 0002 0248     		ldr	r0, .L28
 325 0004 FFF7FEFF 		bl	HAL_UART_IRQHandler
 326              	.LVL7:
 252:Src/stm32f4xx_it.c ****   /* USER CODE BEGIN USART1_IRQn 1 */
 253:Src/stm32f4xx_it.c **** 
 254:Src/stm32f4xx_it.c ****   /* USER CODE END USART1_IRQn 1 */
 255:Src/stm32f4xx_it.c **** }
 327              		.loc 1 255 1 is_stmt 0 view .LVU41
 328 0008 08BD     		pop	{r3, pc}
 329              	.L29:
 330 000a 00BF     		.align	2
 331              	.L28:
 332 000c 00000000 		.word	huart1
 333              		.cfi_endproc
ARM GAS  C:\Users\nicai\AppData\Local\Temp\ccBPvdFe.s 			page 11


 334              	.LFE145:
 336              		.section	.text.USART3_IRQHandler,"ax",%progbits
 337              		.align	1
 338              		.global	USART3_IRQHandler
 339              		.syntax unified
 340              		.thumb
 341              		.thumb_func
 343              	USART3_IRQHandler:
 344              	.LFB146:
 256:Src/stm32f4xx_it.c **** 
 257:Src/stm32f4xx_it.c **** /**
 258:Src/stm32f4xx_it.c ****   * @brief This function handles USART3 global interrupt.
 259:Src/stm32f4xx_it.c ****   */
 260:Src/stm32f4xx_it.c **** void USART3_IRQHandler(void)
 261:Src/stm32f4xx_it.c **** {
 345              		.loc 1 261 1 is_stmt 1 view -0
 346              		.cfi_startproc
 347              		@ args = 0, pretend = 0, frame = 0
 348              		@ frame_needed = 0, uses_anonymous_args = 0
 349 0000 08B5     		push	{r3, lr}
 350              	.LCFI6:
 351              		.cfi_def_cfa_offset 8
 352              		.cfi_offset 3, -8
 353              		.cfi_offset 14, -4
 262:Src/stm32f4xx_it.c ****   /* USER CODE BEGIN USART3_IRQn 0 */
 263:Src/stm32f4xx_it.c **** 
 264:Src/stm32f4xx_it.c ****   /* USER CODE END USART3_IRQn 0 */
 265:Src/stm32f4xx_it.c ****   HAL_UART_IRQHandler(&huart3);
 354              		.loc 1 265 3 view .LVU43
 355 0002 0248     		ldr	r0, .L32
 356 0004 FFF7FEFF 		bl	HAL_UART_IRQHandler
 357              	.LVL8:
 266:Src/stm32f4xx_it.c ****   /* USER CODE BEGIN USART3_IRQn 1 */
 267:Src/stm32f4xx_it.c **** 
 268:Src/stm32f4xx_it.c ****   /* USER CODE END USART3_IRQn 1 */
 269:Src/stm32f4xx_it.c **** }
 358              		.loc 1 269 1 is_stmt 0 view .LVU44
 359 0008 08BD     		pop	{r3, pc}
 360              	.L33:
 361 000a 00BF     		.align	2
 362              	.L32:
 363 000c 00000000 		.word	huart3
 364              		.cfi_endproc
 365              	.LFE146:
 367              		.section	.text.DMA2_Stream1_IRQHandler,"ax",%progbits
 368              		.align	1
 369              		.global	DMA2_Stream1_IRQHandler
 370              		.syntax unified
 371              		.thumb
 372              		.thumb_func
 374              	DMA2_Stream1_IRQHandler:
 375              	.LFB147:
 270:Src/stm32f4xx_it.c **** 
 271:Src/stm32f4xx_it.c **** /**
 272:Src/stm32f4xx_it.c ****   * @brief This function handles DMA2 stream1 global interrupt.
 273:Src/stm32f4xx_it.c ****   */
 274:Src/stm32f4xx_it.c **** void DMA2_Stream1_IRQHandler(void)
ARM GAS  C:\Users\nicai\AppData\Local\Temp\ccBPvdFe.s 			page 12


 275:Src/stm32f4xx_it.c **** {
 376              		.loc 1 275 1 is_stmt 1 view -0
 377              		.cfi_startproc
 378              		@ args = 0, pretend = 0, frame = 0
 379              		@ frame_needed = 0, uses_anonymous_args = 0
 380 0000 08B5     		push	{r3, lr}
 381              	.LCFI7:
 382              		.cfi_def_cfa_offset 8
 383              		.cfi_offset 3, -8
 384              		.cfi_offset 14, -4
 276:Src/stm32f4xx_it.c ****   /* USER CODE BEGIN DMA2_Stream1_IRQn 0 */
 277:Src/stm32f4xx_it.c **** 
 278:Src/stm32f4xx_it.c ****   /* USER CODE END DMA2_Stream1_IRQn 0 */
 279:Src/stm32f4xx_it.c ****   HAL_DMA_IRQHandler(&hdma_usart6_rx);
 385              		.loc 1 279 3 view .LVU46
 386 0002 0248     		ldr	r0, .L36
 387 0004 FFF7FEFF 		bl	HAL_DMA_IRQHandler
 388              	.LVL9:
 280:Src/stm32f4xx_it.c ****   /* USER CODE BEGIN DMA2_Stream1_IRQn 1 */
 281:Src/stm32f4xx_it.c **** 
 282:Src/stm32f4xx_it.c ****   /* USER CODE END DMA2_Stream1_IRQn 1 */
 283:Src/stm32f4xx_it.c **** }
 389              		.loc 1 283 1 is_stmt 0 view .LVU47
 390 0008 08BD     		pop	{r3, pc}
 391              	.L37:
 392 000a 00BF     		.align	2
 393              	.L36:
 394 000c 00000000 		.word	hdma_usart6_rx
 395              		.cfi_endproc
 396              	.LFE147:
 398              		.section	.text.CAN2_RX0_IRQHandler,"ax",%progbits
 399              		.align	1
 400              		.global	CAN2_RX0_IRQHandler
 401              		.syntax unified
 402              		.thumb
 403              		.thumb_func
 405              	CAN2_RX0_IRQHandler:
 406              	.LFB148:
 284:Src/stm32f4xx_it.c **** 
 285:Src/stm32f4xx_it.c **** /**
 286:Src/stm32f4xx_it.c ****   * @brief This function handles CAN2 RX0 interrupts.
 287:Src/stm32f4xx_it.c ****   */
 288:Src/stm32f4xx_it.c **** void CAN2_RX0_IRQHandler(void)
 289:Src/stm32f4xx_it.c **** {
 407              		.loc 1 289 1 is_stmt 1 view -0
 408              		.cfi_startproc
 409              		@ args = 0, pretend = 0, frame = 0
 410              		@ frame_needed = 0, uses_anonymous_args = 0
 411 0000 08B5     		push	{r3, lr}
 412              	.LCFI8:
 413              		.cfi_def_cfa_offset 8
 414              		.cfi_offset 3, -8
 415              		.cfi_offset 14, -4
 290:Src/stm32f4xx_it.c ****   /* USER CODE BEGIN CAN2_RX0_IRQn 0 */
 291:Src/stm32f4xx_it.c **** 
 292:Src/stm32f4xx_it.c ****   /* USER CODE END CAN2_RX0_IRQn 0 */
 293:Src/stm32f4xx_it.c ****   HAL_CAN_IRQHandler(&hcan2);
ARM GAS  C:\Users\nicai\AppData\Local\Temp\ccBPvdFe.s 			page 13


 416              		.loc 1 293 3 view .LVU49
 417 0002 0248     		ldr	r0, .L40
 418 0004 FFF7FEFF 		bl	HAL_CAN_IRQHandler
 419              	.LVL10:
 294:Src/stm32f4xx_it.c ****   /* USER CODE BEGIN CAN2_RX0_IRQn 1 */
 295:Src/stm32f4xx_it.c **** 
 296:Src/stm32f4xx_it.c ****   /* USER CODE END CAN2_RX0_IRQn 1 */
 297:Src/stm32f4xx_it.c **** }
 420              		.loc 1 297 1 is_stmt 0 view .LVU50
 421 0008 08BD     		pop	{r3, pc}
 422              	.L41:
 423 000a 00BF     		.align	2
 424              	.L40:
 425 000c 00000000 		.word	hcan2
 426              		.cfi_endproc
 427              	.LFE148:
 429              		.section	.text.DMA2_Stream5_IRQHandler,"ax",%progbits
 430              		.align	1
 431              		.global	DMA2_Stream5_IRQHandler
 432              		.syntax unified
 433              		.thumb
 434              		.thumb_func
 436              	DMA2_Stream5_IRQHandler:
 437              	.LFB149:
 298:Src/stm32f4xx_it.c **** 
 299:Src/stm32f4xx_it.c **** /**
 300:Src/stm32f4xx_it.c ****   * @brief This function handles DMA2 stream5 global interrupt.
 301:Src/stm32f4xx_it.c ****   */
 302:Src/stm32f4xx_it.c **** void DMA2_Stream5_IRQHandler(void)
 303:Src/stm32f4xx_it.c **** {
 438              		.loc 1 303 1 is_stmt 1 view -0
 439              		.cfi_startproc
 440              		@ args = 0, pretend = 0, frame = 0
 441              		@ frame_needed = 0, uses_anonymous_args = 0
 442 0000 08B5     		push	{r3, lr}
 443              	.LCFI9:
 444              		.cfi_def_cfa_offset 8
 445              		.cfi_offset 3, -8
 446              		.cfi_offset 14, -4
 304:Src/stm32f4xx_it.c ****   /* USER CODE BEGIN DMA2_Stream5_IRQn 0 */
 305:Src/stm32f4xx_it.c **** 
 306:Src/stm32f4xx_it.c ****   /* USER CODE END DMA2_Stream5_IRQn 0 */
 307:Src/stm32f4xx_it.c ****   HAL_DMA_IRQHandler(&hdma_usart1_rx);
 447              		.loc 1 307 3 view .LVU52
 448 0002 0248     		ldr	r0, .L44
 449 0004 FFF7FEFF 		bl	HAL_DMA_IRQHandler
 450              	.LVL11:
 308:Src/stm32f4xx_it.c ****   /* USER CODE BEGIN DMA2_Stream5_IRQn 1 */
 309:Src/stm32f4xx_it.c **** 
 310:Src/stm32f4xx_it.c ****   /* USER CODE END DMA2_Stream5_IRQn 1 */
 311:Src/stm32f4xx_it.c **** }
 451              		.loc 1 311 1 is_stmt 0 view .LVU53
 452 0008 08BD     		pop	{r3, pc}
 453              	.L45:
 454 000a 00BF     		.align	2
 455              	.L44:
 456 000c 00000000 		.word	hdma_usart1_rx
ARM GAS  C:\Users\nicai\AppData\Local\Temp\ccBPvdFe.s 			page 14


 457              		.cfi_endproc
 458              	.LFE149:
 460              		.section	.text.DMA2_Stream6_IRQHandler,"ax",%progbits
 461              		.align	1
 462              		.global	DMA2_Stream6_IRQHandler
 463              		.syntax unified
 464              		.thumb
 465              		.thumb_func
 467              	DMA2_Stream6_IRQHandler:
 468              	.LFB150:
 312:Src/stm32f4xx_it.c **** 
 313:Src/stm32f4xx_it.c **** /**
 314:Src/stm32f4xx_it.c ****   * @brief This function handles DMA2 stream6 global interrupt.
 315:Src/stm32f4xx_it.c ****   */
 316:Src/stm32f4xx_it.c **** void DMA2_Stream6_IRQHandler(void)
 317:Src/stm32f4xx_it.c **** {
 469              		.loc 1 317 1 is_stmt 1 view -0
 470              		.cfi_startproc
 471              		@ args = 0, pretend = 0, frame = 0
 472              		@ frame_needed = 0, uses_anonymous_args = 0
 473 0000 08B5     		push	{r3, lr}
 474              	.LCFI10:
 475              		.cfi_def_cfa_offset 8
 476              		.cfi_offset 3, -8
 477              		.cfi_offset 14, -4
 318:Src/stm32f4xx_it.c ****   /* USER CODE BEGIN DMA2_Stream6_IRQn 0 */
 319:Src/stm32f4xx_it.c **** 
 320:Src/stm32f4xx_it.c ****   /* USER CODE END DMA2_Stream6_IRQn 0 */
 321:Src/stm32f4xx_it.c ****   HAL_DMA_IRQHandler(&hdma_usart6_tx);
 478              		.loc 1 321 3 view .LVU55
 479 0002 0248     		ldr	r0, .L48
 480 0004 FFF7FEFF 		bl	HAL_DMA_IRQHandler
 481              	.LVL12:
 322:Src/stm32f4xx_it.c ****   /* USER CODE BEGIN DMA2_Stream6_IRQn 1 */
 323:Src/stm32f4xx_it.c **** 
 324:Src/stm32f4xx_it.c ****   /* USER CODE END DMA2_Stream6_IRQn 1 */
 325:Src/stm32f4xx_it.c **** }
 482              		.loc 1 325 1 is_stmt 0 view .LVU56
 483 0008 08BD     		pop	{r3, pc}
 484              	.L49:
 485 000a 00BF     		.align	2
 486              	.L48:
 487 000c 00000000 		.word	hdma_usart6_tx
 488              		.cfi_endproc
 489              	.LFE150:
 491              		.section	.text.DMA2_Stream7_IRQHandler,"ax",%progbits
 492              		.align	1
 493              		.global	DMA2_Stream7_IRQHandler
 494              		.syntax unified
 495              		.thumb
 496              		.thumb_func
 498              	DMA2_Stream7_IRQHandler:
 499              	.LFB151:
 326:Src/stm32f4xx_it.c **** 
 327:Src/stm32f4xx_it.c **** /**
 328:Src/stm32f4xx_it.c ****   * @brief This function handles DMA2 stream7 global interrupt.
 329:Src/stm32f4xx_it.c ****   */
ARM GAS  C:\Users\nicai\AppData\Local\Temp\ccBPvdFe.s 			page 15


 330:Src/stm32f4xx_it.c **** void DMA2_Stream7_IRQHandler(void)
 331:Src/stm32f4xx_it.c **** {
 500              		.loc 1 331 1 is_stmt 1 view -0
 501              		.cfi_startproc
 502              		@ args = 0, pretend = 0, frame = 0
 503              		@ frame_needed = 0, uses_anonymous_args = 0
 504 0000 08B5     		push	{r3, lr}
 505              	.LCFI11:
 506              		.cfi_def_cfa_offset 8
 507              		.cfi_offset 3, -8
 508              		.cfi_offset 14, -4
 332:Src/stm32f4xx_it.c ****   /* USER CODE BEGIN DMA2_Stream7_IRQn 0 */
 333:Src/stm32f4xx_it.c **** 
 334:Src/stm32f4xx_it.c ****   /* USER CODE END DMA2_Stream7_IRQn 0 */
 335:Src/stm32f4xx_it.c ****   HAL_DMA_IRQHandler(&hdma_usart1_tx);
 509              		.loc 1 335 3 view .LVU58
 510 0002 0248     		ldr	r0, .L52
 511 0004 FFF7FEFF 		bl	HAL_DMA_IRQHandler
 512              	.LVL13:
 336:Src/stm32f4xx_it.c ****   /* USER CODE BEGIN DMA2_Stream7_IRQn 1 */
 337:Src/stm32f4xx_it.c **** 
 338:Src/stm32f4xx_it.c ****   /* USER CODE END DMA2_Stream7_IRQn 1 */
 339:Src/stm32f4xx_it.c **** }
 513              		.loc 1 339 1 is_stmt 0 view .LVU59
 514 0008 08BD     		pop	{r3, pc}
 515              	.L53:
 516 000a 00BF     		.align	2
 517              	.L52:
 518 000c 00000000 		.word	hdma_usart1_tx
 519              		.cfi_endproc
 520              	.LFE151:
 522              		.section	.text.USART6_IRQHandler,"ax",%progbits
 523              		.align	1
 524              		.global	USART6_IRQHandler
 525              		.syntax unified
 526              		.thumb
 527              		.thumb_func
 529              	USART6_IRQHandler:
 530              	.LFB152:
 340:Src/stm32f4xx_it.c **** 
 341:Src/stm32f4xx_it.c **** /**
 342:Src/stm32f4xx_it.c ****   * @brief This function handles USART6 global interrupt.
 343:Src/stm32f4xx_it.c ****   */
 344:Src/stm32f4xx_it.c **** void USART6_IRQHandler(void)
 345:Src/stm32f4xx_it.c **** {
 531              		.loc 1 345 1 is_stmt 1 view -0
 532              		.cfi_startproc
 533              		@ args = 0, pretend = 0, frame = 0
 534              		@ frame_needed = 0, uses_anonymous_args = 0
 535 0000 08B5     		push	{r3, lr}
 536              	.LCFI12:
 537              		.cfi_def_cfa_offset 8
 538              		.cfi_offset 3, -8
 539              		.cfi_offset 14, -4
 346:Src/stm32f4xx_it.c ****   /* USER CODE BEGIN USART6_IRQn 0 */
 347:Src/stm32f4xx_it.c **** 
 348:Src/stm32f4xx_it.c ****   /* USER CODE END USART6_IRQn 0 */
ARM GAS  C:\Users\nicai\AppData\Local\Temp\ccBPvdFe.s 			page 16


 349:Src/stm32f4xx_it.c ****   HAL_UART_IRQHandler(&huart6);
 540              		.loc 1 349 3 view .LVU61
 541 0002 0248     		ldr	r0, .L56
 542 0004 FFF7FEFF 		bl	HAL_UART_IRQHandler
 543              	.LVL14:
 350:Src/stm32f4xx_it.c ****   /* USER CODE BEGIN USART6_IRQn 1 */
 351:Src/stm32f4xx_it.c **** 
 352:Src/stm32f4xx_it.c ****   /* USER CODE END USART6_IRQn 1 */
 353:Src/stm32f4xx_it.c **** }
 544              		.loc 1 353 1 is_stmt 0 view .LVU62
 545 0008 08BD     		pop	{r3, pc}
 546              	.L57:
 547 000a 00BF     		.align	2
 548              	.L56:
 549 000c 00000000 		.word	huart6
 550              		.cfi_endproc
 551              	.LFE152:
 553              		.text
 554              	.Letext0:
 555              		.file 2 "d:\\msys2\\mingw64\\arm-none-eabi\\include\\machine\\_default_types.h"
 556              		.file 3 "d:\\msys2\\mingw64\\arm-none-eabi\\include\\sys\\_stdint.h"
 557              		.file 4 "Drivers/CMSIS/Device/ST/STM32F4xx/Include/stm32f407xx.h"
 558              		.file 5 "Drivers/CMSIS/Device/ST/STM32F4xx/Include/stm32f4xx.h"
 559              		.file 6 "Drivers/STM32F4xx_HAL_Driver/Inc/stm32f4xx_hal_def.h"
 560              		.file 7 "Drivers/STM32F4xx_HAL_Driver/Inc/stm32f4xx_hal_dma.h"
 561              		.file 8 "Drivers/STM32F4xx_HAL_Driver/Inc/stm32f4xx_hal_can.h"
 562              		.file 9 "Drivers/STM32F4xx_HAL_Driver/Inc/stm32f4xx_hal_tim.h"
 563              		.file 10 "Drivers/STM32F4xx_HAL_Driver/Inc/stm32f4xx_hal_uart.h"
 564              		.file 11 "Drivers/STM32F4xx_HAL_Driver/Inc/stm32f4xx_hal_gpio.h"
ARM GAS  C:\Users\nicai\AppData\Local\Temp\ccBPvdFe.s 			page 17


DEFINED SYMBOLS
                            *ABS*:00000000 stm32f4xx_it.c
C:\Users\nicai\AppData\Local\Temp\ccBPvdFe.s:21     .text.NMI_Handler:00000000 $t
C:\Users\nicai\AppData\Local\Temp\ccBPvdFe.s:27     .text.NMI_Handler:00000000 NMI_Handler
C:\Users\nicai\AppData\Local\Temp\ccBPvdFe.s:44     .text.HardFault_Handler:00000000 $t
C:\Users\nicai\AppData\Local\Temp\ccBPvdFe.s:50     .text.HardFault_Handler:00000000 HardFault_Handler
C:\Users\nicai\AppData\Local\Temp\ccBPvdFe.s:67     .text.MemManage_Handler:00000000 $t
C:\Users\nicai\AppData\Local\Temp\ccBPvdFe.s:73     .text.MemManage_Handler:00000000 MemManage_Handler
C:\Users\nicai\AppData\Local\Temp\ccBPvdFe.s:90     .text.BusFault_Handler:00000000 $t
C:\Users\nicai\AppData\Local\Temp\ccBPvdFe.s:96     .text.BusFault_Handler:00000000 BusFault_Handler
C:\Users\nicai\AppData\Local\Temp\ccBPvdFe.s:113    .text.UsageFault_Handler:00000000 $t
C:\Users\nicai\AppData\Local\Temp\ccBPvdFe.s:119    .text.UsageFault_Handler:00000000 UsageFault_Handler
C:\Users\nicai\AppData\Local\Temp\ccBPvdFe.s:136    .text.DebugMon_Handler:00000000 $t
C:\Users\nicai\AppData\Local\Temp\ccBPvdFe.s:142    .text.DebugMon_Handler:00000000 DebugMon_Handler
C:\Users\nicai\AppData\Local\Temp\ccBPvdFe.s:155    .text.EXTI3_IRQHandler:00000000 $t
C:\Users\nicai\AppData\Local\Temp\ccBPvdFe.s:161    .text.EXTI3_IRQHandler:00000000 EXTI3_IRQHandler
C:\Users\nicai\AppData\Local\Temp\ccBPvdFe.s:182    .text.EXTI4_IRQHandler:00000000 $t
C:\Users\nicai\AppData\Local\Temp\ccBPvdFe.s:188    .text.EXTI4_IRQHandler:00000000 EXTI4_IRQHandler
C:\Users\nicai\AppData\Local\Temp\ccBPvdFe.s:209    .text.CAN1_RX0_IRQHandler:00000000 $t
C:\Users\nicai\AppData\Local\Temp\ccBPvdFe.s:215    .text.CAN1_RX0_IRQHandler:00000000 CAN1_RX0_IRQHandler
C:\Users\nicai\AppData\Local\Temp\ccBPvdFe.s:235    .text.CAN1_RX0_IRQHandler:0000000c $d
C:\Users\nicai\AppData\Local\Temp\ccBPvdFe.s:240    .text.EXTI9_5_IRQHandler:00000000 $t
C:\Users\nicai\AppData\Local\Temp\ccBPvdFe.s:246    .text.EXTI9_5_IRQHandler:00000000 EXTI9_5_IRQHandler
C:\Users\nicai\AppData\Local\Temp\ccBPvdFe.s:275    .text.TIM2_IRQHandler:00000000 $t
C:\Users\nicai\AppData\Local\Temp\ccBPvdFe.s:281    .text.TIM2_IRQHandler:00000000 TIM2_IRQHandler
C:\Users\nicai\AppData\Local\Temp\ccBPvdFe.s:301    .text.TIM2_IRQHandler:0000000c $d
C:\Users\nicai\AppData\Local\Temp\ccBPvdFe.s:306    .text.USART1_IRQHandler:00000000 $t
C:\Users\nicai\AppData\Local\Temp\ccBPvdFe.s:312    .text.USART1_IRQHandler:00000000 USART1_IRQHandler
C:\Users\nicai\AppData\Local\Temp\ccBPvdFe.s:332    .text.USART1_IRQHandler:0000000c $d
C:\Users\nicai\AppData\Local\Temp\ccBPvdFe.s:337    .text.USART3_IRQHandler:00000000 $t
C:\Users\nicai\AppData\Local\Temp\ccBPvdFe.s:343    .text.USART3_IRQHandler:00000000 USART3_IRQHandler
C:\Users\nicai\AppData\Local\Temp\ccBPvdFe.s:363    .text.USART3_IRQHandler:0000000c $d
C:\Users\nicai\AppData\Local\Temp\ccBPvdFe.s:368    .text.DMA2_Stream1_IRQHandler:00000000 $t
C:\Users\nicai\AppData\Local\Temp\ccBPvdFe.s:374    .text.DMA2_Stream1_IRQHandler:00000000 DMA2_Stream1_IRQHandler
C:\Users\nicai\AppData\Local\Temp\ccBPvdFe.s:394    .text.DMA2_Stream1_IRQHandler:0000000c $d
C:\Users\nicai\AppData\Local\Temp\ccBPvdFe.s:399    .text.CAN2_RX0_IRQHandler:00000000 $t
C:\Users\nicai\AppData\Local\Temp\ccBPvdFe.s:405    .text.CAN2_RX0_IRQHandler:00000000 CAN2_RX0_IRQHandler
C:\Users\nicai\AppData\Local\Temp\ccBPvdFe.s:425    .text.CAN2_RX0_IRQHandler:0000000c $d
C:\Users\nicai\AppData\Local\Temp\ccBPvdFe.s:430    .text.DMA2_Stream5_IRQHandler:00000000 $t
C:\Users\nicai\AppData\Local\Temp\ccBPvdFe.s:436    .text.DMA2_Stream5_IRQHandler:00000000 DMA2_Stream5_IRQHandler
C:\Users\nicai\AppData\Local\Temp\ccBPvdFe.s:456    .text.DMA2_Stream5_IRQHandler:0000000c $d
C:\Users\nicai\AppData\Local\Temp\ccBPvdFe.s:461    .text.DMA2_Stream6_IRQHandler:00000000 $t
C:\Users\nicai\AppData\Local\Temp\ccBPvdFe.s:467    .text.DMA2_Stream6_IRQHandler:00000000 DMA2_Stream6_IRQHandler
C:\Users\nicai\AppData\Local\Temp\ccBPvdFe.s:487    .text.DMA2_Stream6_IRQHandler:0000000c $d
C:\Users\nicai\AppData\Local\Temp\ccBPvdFe.s:492    .text.DMA2_Stream7_IRQHandler:00000000 $t
C:\Users\nicai\AppData\Local\Temp\ccBPvdFe.s:498    .text.DMA2_Stream7_IRQHandler:00000000 DMA2_Stream7_IRQHandler
C:\Users\nicai\AppData\Local\Temp\ccBPvdFe.s:518    .text.DMA2_Stream7_IRQHandler:0000000c $d
C:\Users\nicai\AppData\Local\Temp\ccBPvdFe.s:523    .text.USART6_IRQHandler:00000000 $t
C:\Users\nicai\AppData\Local\Temp\ccBPvdFe.s:529    .text.USART6_IRQHandler:00000000 USART6_IRQHandler
C:\Users\nicai\AppData\Local\Temp\ccBPvdFe.s:549    .text.USART6_IRQHandler:0000000c $d

UNDEFINED SYMBOLS
HAL_GPIO_EXTI_IRQHandler
HAL_CAN_IRQHandler
hcan1
HAL_TIM_IRQHandler
htim2
ARM GAS  C:\Users\nicai\AppData\Local\Temp\ccBPvdFe.s 			page 18


HAL_UART_IRQHandler
huart1
huart3
HAL_DMA_IRQHandler
hdma_usart6_rx
hcan2
hdma_usart1_rx
hdma_usart6_tx
hdma_usart1_tx
huart6
