ARM GAS  C:\Users\nicai\AppData\Local\Temp\ccXOYikc.s 			page 1


   1              		.cpu cortex-m4
   2              		.arch armv7e-m
   3              		.fpu fpv4-sp-d16
   4              		.eabi_attribute 27, 1
   5              		.eabi_attribute 28, 1
   6              		.eabi_attribute 20, 1
   7              		.eabi_attribute 21, 1
   8              		.eabi_attribute 23, 3
   9              		.eabi_attribute 24, 1
  10              		.eabi_attribute 25, 1
  11              		.eabi_attribute 26, 1
  12              		.eabi_attribute 30, 1
  13              		.eabi_attribute 34, 1
  14              		.eabi_attribute 18, 4
  15              		.file	"tim.c"
  16              		.text
  17              	.Ltext0:
  18              		.cfi_sections	.debug_frame
  19              		.file 1 "Src/tim.c"
  20              		.section	.text.HAL_TIM_Base_MspInit,"ax",%progbits
  21              		.align	1
  22              		.global	HAL_TIM_Base_MspInit
  23              		.syntax unified
  24              		.thumb
  25              		.thumb_func
  27              	HAL_TIM_Base_MspInit:
  28              	.LVL0:
  29              	.LFB135:
   1:Src/tim.c     **** /* USER CODE BEGIN Header */
   2:Src/tim.c     **** /**
   3:Src/tim.c     ****   ******************************************************************************
   4:Src/tim.c     ****   * @file    tim.c
   5:Src/tim.c     ****   * @brief   This file provides code for the configuration
   6:Src/tim.c     ****   *          of the TIM instances.
   7:Src/tim.c     ****   ******************************************************************************
   8:Src/tim.c     ****   * @attention
   9:Src/tim.c     ****   *
  10:Src/tim.c     ****   * Copyright (c) 2024 STMicroelectronics.
  11:Src/tim.c     ****   * All rights reserved.
  12:Src/tim.c     ****   *
  13:Src/tim.c     ****   * This software is licensed under terms that can be found in the LICENSE file
  14:Src/tim.c     ****   * in the root directory of this software component.
  15:Src/tim.c     ****   * If no LICENSE file comes with this software, it is provided AS-IS.
  16:Src/tim.c     ****   *
  17:Src/tim.c     ****   ******************************************************************************
  18:Src/tim.c     ****   */
  19:Src/tim.c     **** /* USER CODE END Header */
  20:Src/tim.c     **** /* Includes ------------------------------------------------------------------*/
  21:Src/tim.c     **** #include "tim.h"
  22:Src/tim.c     **** 
  23:Src/tim.c     **** /* USER CODE BEGIN 0 */
  24:Src/tim.c     **** 
  25:Src/tim.c     **** /* USER CODE END 0 */
  26:Src/tim.c     **** 
  27:Src/tim.c     **** TIM_HandleTypeDef htim10;
  28:Src/tim.c     **** 
  29:Src/tim.c     **** /* TIM10 init function */
ARM GAS  C:\Users\nicai\AppData\Local\Temp\ccXOYikc.s 			page 2


  30:Src/tim.c     **** void MX_TIM10_Init(void)
  31:Src/tim.c     **** {
  32:Src/tim.c     **** 
  33:Src/tim.c     ****   /* USER CODE BEGIN TIM10_Init 0 */
  34:Src/tim.c     **** 
  35:Src/tim.c     ****   /* USER CODE END TIM10_Init 0 */
  36:Src/tim.c     **** 
  37:Src/tim.c     ****   TIM_OC_InitTypeDef sConfigOC = {0};
  38:Src/tim.c     **** 
  39:Src/tim.c     ****   /* USER CODE BEGIN TIM10_Init 1 */
  40:Src/tim.c     **** 
  41:Src/tim.c     ****   /* USER CODE END TIM10_Init 1 */
  42:Src/tim.c     ****   htim10.Instance = TIM10;
  43:Src/tim.c     ****   htim10.Init.Prescaler = 84-1;
  44:Src/tim.c     ****   htim10.Init.CounterMode = TIM_COUNTERMODE_UP;
  45:Src/tim.c     ****   htim10.Init.Period = 2000-1;
  46:Src/tim.c     ****   htim10.Init.ClockDivision = TIM_CLOCKDIVISION_DIV1;
  47:Src/tim.c     ****   htim10.Init.AutoReloadPreload = TIM_AUTORELOAD_PRELOAD_DISABLE;
  48:Src/tim.c     ****   if (HAL_TIM_Base_Init(&htim10) != HAL_OK)
  49:Src/tim.c     ****   {
  50:Src/tim.c     ****     Error_Handler();
  51:Src/tim.c     ****   }
  52:Src/tim.c     ****   if (HAL_TIM_PWM_Init(&htim10) != HAL_OK)
  53:Src/tim.c     ****   {
  54:Src/tim.c     ****     Error_Handler();
  55:Src/tim.c     ****   }
  56:Src/tim.c     ****   sConfigOC.OCMode = TIM_OCMODE_PWM1;
  57:Src/tim.c     ****   sConfigOC.Pulse = 0;
  58:Src/tim.c     ****   sConfigOC.OCPolarity = TIM_OCPOLARITY_HIGH;
  59:Src/tim.c     ****   sConfigOC.OCFastMode = TIM_OCFAST_DISABLE;
  60:Src/tim.c     ****   if (HAL_TIM_PWM_ConfigChannel(&htim10, &sConfigOC, TIM_CHANNEL_1) != HAL_OK)
  61:Src/tim.c     ****   {
  62:Src/tim.c     ****     Error_Handler();
  63:Src/tim.c     ****   }
  64:Src/tim.c     ****   /* USER CODE BEGIN TIM10_Init 2 */
  65:Src/tim.c     **** 
  66:Src/tim.c     ****   /* USER CODE END TIM10_Init 2 */
  67:Src/tim.c     ****   HAL_TIM_MspPostInit(&htim10);
  68:Src/tim.c     **** 
  69:Src/tim.c     **** }
  70:Src/tim.c     **** 
  71:Src/tim.c     **** void HAL_TIM_Base_MspInit(TIM_HandleTypeDef* tim_baseHandle)
  72:Src/tim.c     **** {
  30              		.loc 1 72 1 view -0
  31              		.cfi_startproc
  32              		@ args = 0, pretend = 0, frame = 8
  33              		@ frame_needed = 0, uses_anonymous_args = 0
  34              		@ link register save eliminated.
  73:Src/tim.c     **** 
  74:Src/tim.c     ****   if(tim_baseHandle->Instance==TIM10)
  35              		.loc 1 74 3 view .LVU1
  36              		.loc 1 74 20 is_stmt 0 view .LVU2
  37 0000 0268     		ldr	r2, [r0]
  38              		.loc 1 74 5 view .LVU3
  39 0002 094B     		ldr	r3, .L8
  40 0004 9A42     		cmp	r2, r3
  41 0006 00D0     		beq	.L7
ARM GAS  C:\Users\nicai\AppData\Local\Temp\ccXOYikc.s 			page 3


  42 0008 7047     		bx	lr
  43              	.L7:
  72:Src/tim.c     **** 
  44              		.loc 1 72 1 view .LVU4
  45 000a 82B0     		sub	sp, sp, #8
  46              	.LCFI0:
  47              		.cfi_def_cfa_offset 8
  75:Src/tim.c     ****   {
  76:Src/tim.c     ****   /* USER CODE BEGIN TIM10_MspInit 0 */
  77:Src/tim.c     **** 
  78:Src/tim.c     ****   /* USER CODE END TIM10_MspInit 0 */
  79:Src/tim.c     ****     /* TIM10 clock enable */
  80:Src/tim.c     ****     __HAL_RCC_TIM10_CLK_ENABLE();
  48              		.loc 1 80 5 is_stmt 1 view .LVU5
  49              	.LBB2:
  50              		.loc 1 80 5 view .LVU6
  51 000c 0023     		movs	r3, #0
  52 000e 0193     		str	r3, [sp, #4]
  53              		.loc 1 80 5 view .LVU7
  54 0010 064B     		ldr	r3, .L8+4
  55 0012 5A6C     		ldr	r2, [r3, #68]
  56 0014 42F40032 		orr	r2, r2, #131072
  57 0018 5A64     		str	r2, [r3, #68]
  58              		.loc 1 80 5 view .LVU8
  59 001a 5B6C     		ldr	r3, [r3, #68]
  60 001c 03F40033 		and	r3, r3, #131072
  61 0020 0193     		str	r3, [sp, #4]
  62              		.loc 1 80 5 view .LVU9
  63 0022 019B     		ldr	r3, [sp, #4]
  64              	.LBE2:
  65              		.loc 1 80 5 view .LVU10
  81:Src/tim.c     ****   /* USER CODE BEGIN TIM10_MspInit 1 */
  82:Src/tim.c     **** 
  83:Src/tim.c     ****   /* USER CODE END TIM10_MspInit 1 */
  84:Src/tim.c     ****   }
  85:Src/tim.c     **** }
  66              		.loc 1 85 1 is_stmt 0 view .LVU11
  67 0024 02B0     		add	sp, sp, #8
  68              	.LCFI1:
  69              		.cfi_def_cfa_offset 0
  70              		@ sp needed
  71 0026 7047     		bx	lr
  72              	.L9:
  73              		.align	2
  74              	.L8:
  75 0028 00440140 		.word	1073824768
  76 002c 00380240 		.word	1073887232
  77              		.cfi_endproc
  78              	.LFE135:
  80              		.section	.text.HAL_TIM_MspPostInit,"ax",%progbits
  81              		.align	1
  82              		.global	HAL_TIM_MspPostInit
  83              		.syntax unified
  84              		.thumb
  85              		.thumb_func
  87              	HAL_TIM_MspPostInit:
  88              	.LVL1:
ARM GAS  C:\Users\nicai\AppData\Local\Temp\ccXOYikc.s 			page 4


  89              	.LFB136:
  86:Src/tim.c     **** void HAL_TIM_MspPostInit(TIM_HandleTypeDef* timHandle)
  87:Src/tim.c     **** {
  90              		.loc 1 87 1 is_stmt 1 view -0
  91              		.cfi_startproc
  92              		@ args = 0, pretend = 0, frame = 24
  93              		@ frame_needed = 0, uses_anonymous_args = 0
  94              		.loc 1 87 1 is_stmt 0 view .LVU13
  95 0000 00B5     		push	{lr}
  96              	.LCFI2:
  97              		.cfi_def_cfa_offset 4
  98              		.cfi_offset 14, -4
  99 0002 87B0     		sub	sp, sp, #28
 100              	.LCFI3:
 101              		.cfi_def_cfa_offset 32
  88:Src/tim.c     **** 
  89:Src/tim.c     ****   GPIO_InitTypeDef GPIO_InitStruct = {0};
 102              		.loc 1 89 3 is_stmt 1 view .LVU14
 103              		.loc 1 89 20 is_stmt 0 view .LVU15
 104 0004 0023     		movs	r3, #0
 105 0006 0193     		str	r3, [sp, #4]
 106 0008 0293     		str	r3, [sp, #8]
 107 000a 0393     		str	r3, [sp, #12]
 108 000c 0493     		str	r3, [sp, #16]
 109 000e 0593     		str	r3, [sp, #20]
  90:Src/tim.c     ****   if(timHandle->Instance==TIM10)
 110              		.loc 1 90 3 is_stmt 1 view .LVU16
 111              		.loc 1 90 15 is_stmt 0 view .LVU17
 112 0010 0268     		ldr	r2, [r0]
 113              		.loc 1 90 5 view .LVU18
 114 0012 104B     		ldr	r3, .L14
 115 0014 9A42     		cmp	r2, r3
 116 0016 02D0     		beq	.L13
 117              	.LVL2:
 118              	.L10:
  91:Src/tim.c     ****   {
  92:Src/tim.c     ****   /* USER CODE BEGIN TIM10_MspPostInit 0 */
  93:Src/tim.c     **** 
  94:Src/tim.c     ****   /* USER CODE END TIM10_MspPostInit 0 */
  95:Src/tim.c     **** 
  96:Src/tim.c     ****     __HAL_RCC_GPIOF_CLK_ENABLE();
  97:Src/tim.c     ****     /**TIM10 GPIO Configuration
  98:Src/tim.c     ****     PF6     ------> TIM10_CH1
  99:Src/tim.c     ****     */
 100:Src/tim.c     ****     GPIO_InitStruct.Pin = IMU_HEAT_Pin;
 101:Src/tim.c     ****     GPIO_InitStruct.Mode = GPIO_MODE_AF_PP;
 102:Src/tim.c     ****     GPIO_InitStruct.Pull = GPIO_PULLUP;
 103:Src/tim.c     ****     GPIO_InitStruct.Speed = GPIO_SPEED_FREQ_HIGH;
 104:Src/tim.c     ****     GPIO_InitStruct.Alternate = GPIO_AF3_TIM10;
 105:Src/tim.c     ****     HAL_GPIO_Init(IMU_HEAT_GPIO_Port, &GPIO_InitStruct);
 106:Src/tim.c     **** 
 107:Src/tim.c     ****   /* USER CODE BEGIN TIM10_MspPostInit 1 */
 108:Src/tim.c     **** 
 109:Src/tim.c     ****   /* USER CODE END TIM10_MspPostInit 1 */
 110:Src/tim.c     ****   }
 111:Src/tim.c     **** 
 112:Src/tim.c     **** }
ARM GAS  C:\Users\nicai\AppData\Local\Temp\ccXOYikc.s 			page 5


 119              		.loc 1 112 1 view .LVU19
 120 0018 07B0     		add	sp, sp, #28
 121              	.LCFI4:
 122              		.cfi_remember_state
 123              		.cfi_def_cfa_offset 4
 124              		@ sp needed
 125 001a 5DF804FB 		ldr	pc, [sp], #4
 126              	.LVL3:
 127              	.L13:
 128              	.LCFI5:
 129              		.cfi_restore_state
  96:Src/tim.c     ****     /**TIM10 GPIO Configuration
 130              		.loc 1 96 5 is_stmt 1 view .LVU20
 131              	.LBB3:
  96:Src/tim.c     ****     /**TIM10 GPIO Configuration
 132              		.loc 1 96 5 view .LVU21
 133 001e 0023     		movs	r3, #0
 134 0020 0093     		str	r3, [sp]
  96:Src/tim.c     ****     /**TIM10 GPIO Configuration
 135              		.loc 1 96 5 view .LVU22
 136 0022 0D4B     		ldr	r3, .L14+4
 137 0024 1A6B     		ldr	r2, [r3, #48]
 138 0026 42F02002 		orr	r2, r2, #32
 139 002a 1A63     		str	r2, [r3, #48]
  96:Src/tim.c     ****     /**TIM10 GPIO Configuration
 140              		.loc 1 96 5 view .LVU23
 141 002c 1B6B     		ldr	r3, [r3, #48]
 142 002e 03F02003 		and	r3, r3, #32
 143 0032 0093     		str	r3, [sp]
  96:Src/tim.c     ****     /**TIM10 GPIO Configuration
 144              		.loc 1 96 5 view .LVU24
 145 0034 009B     		ldr	r3, [sp]
 146              	.LBE3:
  96:Src/tim.c     ****     /**TIM10 GPIO Configuration
 147              		.loc 1 96 5 view .LVU25
 100:Src/tim.c     ****     GPIO_InitStruct.Mode = GPIO_MODE_AF_PP;
 148              		.loc 1 100 5 view .LVU26
 100:Src/tim.c     ****     GPIO_InitStruct.Mode = GPIO_MODE_AF_PP;
 149              		.loc 1 100 25 is_stmt 0 view .LVU27
 150 0036 4023     		movs	r3, #64
 151 0038 0193     		str	r3, [sp, #4]
 101:Src/tim.c     ****     GPIO_InitStruct.Pull = GPIO_PULLUP;
 152              		.loc 1 101 5 is_stmt 1 view .LVU28
 101:Src/tim.c     ****     GPIO_InitStruct.Pull = GPIO_PULLUP;
 153              		.loc 1 101 26 is_stmt 0 view .LVU29
 154 003a 0223     		movs	r3, #2
 155 003c 0293     		str	r3, [sp, #8]
 102:Src/tim.c     ****     GPIO_InitStruct.Speed = GPIO_SPEED_FREQ_HIGH;
 156              		.loc 1 102 5 is_stmt 1 view .LVU30
 102:Src/tim.c     ****     GPIO_InitStruct.Speed = GPIO_SPEED_FREQ_HIGH;
 157              		.loc 1 102 26 is_stmt 0 view .LVU31
 158 003e 0122     		movs	r2, #1
 159 0040 0392     		str	r2, [sp, #12]
 103:Src/tim.c     ****     GPIO_InitStruct.Alternate = GPIO_AF3_TIM10;
 160              		.loc 1 103 5 is_stmt 1 view .LVU32
 103:Src/tim.c     ****     GPIO_InitStruct.Alternate = GPIO_AF3_TIM10;
 161              		.loc 1 103 27 is_stmt 0 view .LVU33
ARM GAS  C:\Users\nicai\AppData\Local\Temp\ccXOYikc.s 			page 6


 162 0042 0493     		str	r3, [sp, #16]
 104:Src/tim.c     ****     HAL_GPIO_Init(IMU_HEAT_GPIO_Port, &GPIO_InitStruct);
 163              		.loc 1 104 5 is_stmt 1 view .LVU34
 104:Src/tim.c     ****     HAL_GPIO_Init(IMU_HEAT_GPIO_Port, &GPIO_InitStruct);
 164              		.loc 1 104 31 is_stmt 0 view .LVU35
 165 0044 0323     		movs	r3, #3
 166 0046 0593     		str	r3, [sp, #20]
 105:Src/tim.c     **** 
 167              		.loc 1 105 5 is_stmt 1 view .LVU36
 168 0048 01A9     		add	r1, sp, #4
 169 004a 0448     		ldr	r0, .L14+8
 170              	.LVL4:
 105:Src/tim.c     **** 
 171              		.loc 1 105 5 is_stmt 0 view .LVU37
 172 004c FFF7FEFF 		bl	HAL_GPIO_Init
 173              	.LVL5:
 174              		.loc 1 112 1 view .LVU38
 175 0050 E2E7     		b	.L10
 176              	.L15:
 177 0052 00BF     		.align	2
 178              	.L14:
 179 0054 00440140 		.word	1073824768
 180 0058 00380240 		.word	1073887232
 181 005c 00140240 		.word	1073878016
 182              		.cfi_endproc
 183              	.LFE136:
 185              		.section	.text.MX_TIM10_Init,"ax",%progbits
 186              		.align	1
 187              		.global	MX_TIM10_Init
 188              		.syntax unified
 189              		.thumb
 190              		.thumb_func
 192              	MX_TIM10_Init:
 193              	.LFB134:
  31:Src/tim.c     **** 
 194              		.loc 1 31 1 is_stmt 1 view -0
 195              		.cfi_startproc
 196              		@ args = 0, pretend = 0, frame = 32
 197              		@ frame_needed = 0, uses_anonymous_args = 0
 198 0000 00B5     		push	{lr}
 199              	.LCFI6:
 200              		.cfi_def_cfa_offset 4
 201              		.cfi_offset 14, -4
 202 0002 89B0     		sub	sp, sp, #36
 203              	.LCFI7:
 204              		.cfi_def_cfa_offset 40
  37:Src/tim.c     **** 
 205              		.loc 1 37 3 view .LVU40
  37:Src/tim.c     **** 
 206              		.loc 1 37 22 is_stmt 0 view .LVU41
 207 0004 0023     		movs	r3, #0
 208 0006 0193     		str	r3, [sp, #4]
 209 0008 0293     		str	r3, [sp, #8]
 210 000a 0393     		str	r3, [sp, #12]
 211 000c 0493     		str	r3, [sp, #16]
 212 000e 0593     		str	r3, [sp, #20]
 213 0010 0693     		str	r3, [sp, #24]
ARM GAS  C:\Users\nicai\AppData\Local\Temp\ccXOYikc.s 			page 7


 214 0012 0793     		str	r3, [sp, #28]
  42:Src/tim.c     ****   htim10.Init.Prescaler = 84-1;
 215              		.loc 1 42 3 is_stmt 1 view .LVU42
  42:Src/tim.c     ****   htim10.Init.Prescaler = 84-1;
 216              		.loc 1 42 19 is_stmt 0 view .LVU43
 217 0014 1548     		ldr	r0, .L24
 218 0016 164A     		ldr	r2, .L24+4
 219 0018 0260     		str	r2, [r0]
  43:Src/tim.c     ****   htim10.Init.CounterMode = TIM_COUNTERMODE_UP;
 220              		.loc 1 43 3 is_stmt 1 view .LVU44
  43:Src/tim.c     ****   htim10.Init.CounterMode = TIM_COUNTERMODE_UP;
 221              		.loc 1 43 25 is_stmt 0 view .LVU45
 222 001a 5322     		movs	r2, #83
 223 001c 4260     		str	r2, [r0, #4]
  44:Src/tim.c     ****   htim10.Init.Period = 2000-1;
 224              		.loc 1 44 3 is_stmt 1 view .LVU46
  44:Src/tim.c     ****   htim10.Init.Period = 2000-1;
 225              		.loc 1 44 27 is_stmt 0 view .LVU47
 226 001e 8360     		str	r3, [r0, #8]
  45:Src/tim.c     ****   htim10.Init.ClockDivision = TIM_CLOCKDIVISION_DIV1;
 227              		.loc 1 45 3 is_stmt 1 view .LVU48
  45:Src/tim.c     ****   htim10.Init.ClockDivision = TIM_CLOCKDIVISION_DIV1;
 228              		.loc 1 45 22 is_stmt 0 view .LVU49
 229 0020 40F2CF72 		movw	r2, #1999
 230 0024 C260     		str	r2, [r0, #12]
  46:Src/tim.c     ****   htim10.Init.AutoReloadPreload = TIM_AUTORELOAD_PRELOAD_DISABLE;
 231              		.loc 1 46 3 is_stmt 1 view .LVU50
  46:Src/tim.c     ****   htim10.Init.AutoReloadPreload = TIM_AUTORELOAD_PRELOAD_DISABLE;
 232              		.loc 1 46 29 is_stmt 0 view .LVU51
 233 0026 0361     		str	r3, [r0, #16]
  47:Src/tim.c     ****   if (HAL_TIM_Base_Init(&htim10) != HAL_OK)
 234              		.loc 1 47 3 is_stmt 1 view .LVU52
  47:Src/tim.c     ****   if (HAL_TIM_Base_Init(&htim10) != HAL_OK)
 235              		.loc 1 47 33 is_stmt 0 view .LVU53
 236 0028 8361     		str	r3, [r0, #24]
  48:Src/tim.c     ****   {
 237              		.loc 1 48 3 is_stmt 1 view .LVU54
  48:Src/tim.c     ****   {
 238              		.loc 1 48 7 is_stmt 0 view .LVU55
 239 002a FFF7FEFF 		bl	HAL_TIM_Base_Init
 240              	.LVL6:
  48:Src/tim.c     ****   {
 241              		.loc 1 48 6 view .LVU56
 242 002e A0B9     		cbnz	r0, .L21
 243              	.L17:
  52:Src/tim.c     ****   {
 244              		.loc 1 52 3 is_stmt 1 view .LVU57
  52:Src/tim.c     ****   {
 245              		.loc 1 52 7 is_stmt 0 view .LVU58
 246 0030 0E48     		ldr	r0, .L24
 247 0032 FFF7FEFF 		bl	HAL_TIM_PWM_Init
 248              	.LVL7:
  52:Src/tim.c     ****   {
 249              		.loc 1 52 6 view .LVU59
 250 0036 98B9     		cbnz	r0, .L22
 251              	.L18:
  56:Src/tim.c     ****   sConfigOC.Pulse = 0;
ARM GAS  C:\Users\nicai\AppData\Local\Temp\ccXOYikc.s 			page 8


 252              		.loc 1 56 3 is_stmt 1 view .LVU60
  56:Src/tim.c     ****   sConfigOC.Pulse = 0;
 253              		.loc 1 56 20 is_stmt 0 view .LVU61
 254 0038 6023     		movs	r3, #96
 255 003a 0193     		str	r3, [sp, #4]
  57:Src/tim.c     ****   sConfigOC.OCPolarity = TIM_OCPOLARITY_HIGH;
 256              		.loc 1 57 3 is_stmt 1 view .LVU62
  57:Src/tim.c     ****   sConfigOC.OCPolarity = TIM_OCPOLARITY_HIGH;
 257              		.loc 1 57 19 is_stmt 0 view .LVU63
 258 003c 0022     		movs	r2, #0
 259 003e 0292     		str	r2, [sp, #8]
  58:Src/tim.c     ****   sConfigOC.OCFastMode = TIM_OCFAST_DISABLE;
 260              		.loc 1 58 3 is_stmt 1 view .LVU64
  58:Src/tim.c     ****   sConfigOC.OCFastMode = TIM_OCFAST_DISABLE;
 261              		.loc 1 58 24 is_stmt 0 view .LVU65
 262 0040 0392     		str	r2, [sp, #12]
  59:Src/tim.c     ****   if (HAL_TIM_PWM_ConfigChannel(&htim10, &sConfigOC, TIM_CHANNEL_1) != HAL_OK)
 263              		.loc 1 59 3 is_stmt 1 view .LVU66
  59:Src/tim.c     ****   if (HAL_TIM_PWM_ConfigChannel(&htim10, &sConfigOC, TIM_CHANNEL_1) != HAL_OK)
 264              		.loc 1 59 24 is_stmt 0 view .LVU67
 265 0042 0592     		str	r2, [sp, #20]
  60:Src/tim.c     ****   {
 266              		.loc 1 60 3 is_stmt 1 view .LVU68
  60:Src/tim.c     ****   {
 267              		.loc 1 60 7 is_stmt 0 view .LVU69
 268 0044 01A9     		add	r1, sp, #4
 269 0046 0948     		ldr	r0, .L24
 270 0048 FFF7FEFF 		bl	HAL_TIM_PWM_ConfigChannel
 271              	.LVL8:
  60:Src/tim.c     ****   {
 272              		.loc 1 60 6 view .LVU70
 273 004c 58B9     		cbnz	r0, .L23
 274              	.L19:
  67:Src/tim.c     **** 
 275              		.loc 1 67 3 is_stmt 1 view .LVU71
 276 004e 0748     		ldr	r0, .L24
 277 0050 FFF7FEFF 		bl	HAL_TIM_MspPostInit
 278              	.LVL9:
  69:Src/tim.c     **** 
 279              		.loc 1 69 1 is_stmt 0 view .LVU72
 280 0054 09B0     		add	sp, sp, #36
 281              	.LCFI8:
 282              		.cfi_remember_state
 283              		.cfi_def_cfa_offset 4
 284              		@ sp needed
 285 0056 5DF804FB 		ldr	pc, [sp], #4
 286              	.L21:
 287              	.LCFI9:
 288              		.cfi_restore_state
  50:Src/tim.c     ****   }
 289              		.loc 1 50 5 is_stmt 1 view .LVU73
 290 005a FFF7FEFF 		bl	Error_Handler
 291              	.LVL10:
 292 005e E7E7     		b	.L17
 293              	.L22:
  54:Src/tim.c     ****   }
 294              		.loc 1 54 5 view .LVU74
ARM GAS  C:\Users\nicai\AppData\Local\Temp\ccXOYikc.s 			page 9


 295 0060 FFF7FEFF 		bl	Error_Handler
 296              	.LVL11:
 297 0064 E8E7     		b	.L18
 298              	.L23:
  62:Src/tim.c     ****   }
 299              		.loc 1 62 5 view .LVU75
 300 0066 FFF7FEFF 		bl	Error_Handler
 301              	.LVL12:
 302 006a F0E7     		b	.L19
 303              	.L25:
 304              		.align	2
 305              	.L24:
 306 006c 00000000 		.word	htim10
 307 0070 00440140 		.word	1073824768
 308              		.cfi_endproc
 309              	.LFE134:
 311              		.section	.text.HAL_TIM_Base_MspDeInit,"ax",%progbits
 312              		.align	1
 313              		.global	HAL_TIM_Base_MspDeInit
 314              		.syntax unified
 315              		.thumb
 316              		.thumb_func
 318              	HAL_TIM_Base_MspDeInit:
 319              	.LVL13:
 320              	.LFB137:
 113:Src/tim.c     **** 
 114:Src/tim.c     **** void HAL_TIM_Base_MspDeInit(TIM_HandleTypeDef* tim_baseHandle)
 115:Src/tim.c     **** {
 321              		.loc 1 115 1 view -0
 322              		.cfi_startproc
 323              		@ args = 0, pretend = 0, frame = 0
 324              		@ frame_needed = 0, uses_anonymous_args = 0
 325              		@ link register save eliminated.
 116:Src/tim.c     **** 
 117:Src/tim.c     ****   if(tim_baseHandle->Instance==TIM10)
 326              		.loc 1 117 3 view .LVU77
 327              		.loc 1 117 20 is_stmt 0 view .LVU78
 328 0000 0268     		ldr	r2, [r0]
 329              		.loc 1 117 5 view .LVU79
 330 0002 054B     		ldr	r3, .L29
 331 0004 9A42     		cmp	r2, r3
 332 0006 00D0     		beq	.L28
 333              	.L26:
 118:Src/tim.c     ****   {
 119:Src/tim.c     ****   /* USER CODE BEGIN TIM10_MspDeInit 0 */
 120:Src/tim.c     **** 
 121:Src/tim.c     ****   /* USER CODE END TIM10_MspDeInit 0 */
 122:Src/tim.c     ****     /* Peripheral clock disable */
 123:Src/tim.c     ****     __HAL_RCC_TIM10_CLK_DISABLE();
 124:Src/tim.c     ****   /* USER CODE BEGIN TIM10_MspDeInit 1 */
 125:Src/tim.c     **** 
 126:Src/tim.c     ****   /* USER CODE END TIM10_MspDeInit 1 */
 127:Src/tim.c     ****   }
 128:Src/tim.c     **** }
 334              		.loc 1 128 1 view .LVU80
 335 0008 7047     		bx	lr
 336              	.L28:
ARM GAS  C:\Users\nicai\AppData\Local\Temp\ccXOYikc.s 			page 10


 123:Src/tim.c     ****   /* USER CODE BEGIN TIM10_MspDeInit 1 */
 337              		.loc 1 123 5 is_stmt 1 view .LVU81
 338 000a 044A     		ldr	r2, .L29+4
 339 000c 536C     		ldr	r3, [r2, #68]
 340 000e 23F40033 		bic	r3, r3, #131072
 341 0012 5364     		str	r3, [r2, #68]
 342              		.loc 1 128 1 is_stmt 0 view .LVU82
 343 0014 F8E7     		b	.L26
 344              	.L30:
 345 0016 00BF     		.align	2
 346              	.L29:
 347 0018 00440140 		.word	1073824768
 348 001c 00380240 		.word	1073887232
 349              		.cfi_endproc
 350              	.LFE137:
 352              		.global	htim10
 353              		.section	.bss.htim10,"aw",%nobits
 354              		.align	2
 357              	htim10:
 358 0000 00000000 		.space	72
 358      00000000 
 358      00000000 
 358      00000000 
 358      00000000 
 359              		.text
 360              	.Letext0:
 361              		.file 2 "d:\\msys2\\mingw64\\arm-none-eabi\\include\\machine\\_default_types.h"
 362              		.file 3 "d:\\msys2\\mingw64\\arm-none-eabi\\include\\sys\\_stdint.h"
 363              		.file 4 "Drivers/CMSIS/Device/ST/STM32F4xx/Include/stm32f407xx.h"
 364              		.file 5 "Drivers/STM32F4xx_HAL_Driver/Inc/stm32f4xx_hal_def.h"
 365              		.file 6 "Drivers/STM32F4xx_HAL_Driver/Inc/stm32f4xx_hal_gpio.h"
 366              		.file 7 "Drivers/STM32F4xx_HAL_Driver/Inc/stm32f4xx_hal_dma.h"
 367              		.file 8 "Drivers/STM32F4xx_HAL_Driver/Inc/stm32f4xx_hal_tim.h"
 368              		.file 9 "Inc/tim.h"
 369              		.file 10 "Inc/main.h"
ARM GAS  C:\Users\nicai\AppData\Local\Temp\ccXOYikc.s 			page 11


DEFINED SYMBOLS
                            *ABS*:00000000 tim.c
C:\Users\nicai\AppData\Local\Temp\ccXOYikc.s:21     .text.HAL_TIM_Base_MspInit:00000000 $t
C:\Users\nicai\AppData\Local\Temp\ccXOYikc.s:27     .text.HAL_TIM_Base_MspInit:00000000 HAL_TIM_Base_MspInit
C:\Users\nicai\AppData\Local\Temp\ccXOYikc.s:75     .text.HAL_TIM_Base_MspInit:00000028 $d
C:\Users\nicai\AppData\Local\Temp\ccXOYikc.s:81     .text.HAL_TIM_MspPostInit:00000000 $t
C:\Users\nicai\AppData\Local\Temp\ccXOYikc.s:87     .text.HAL_TIM_MspPostInit:00000000 HAL_TIM_MspPostInit
C:\Users\nicai\AppData\Local\Temp\ccXOYikc.s:179    .text.HAL_TIM_MspPostInit:00000054 $d
C:\Users\nicai\AppData\Local\Temp\ccXOYikc.s:186    .text.MX_TIM10_Init:00000000 $t
C:\Users\nicai\AppData\Local\Temp\ccXOYikc.s:192    .text.MX_TIM10_Init:00000000 MX_TIM10_Init
C:\Users\nicai\AppData\Local\Temp\ccXOYikc.s:306    .text.MX_TIM10_Init:0000006c $d
C:\Users\nicai\AppData\Local\Temp\ccXOYikc.s:357    .bss.htim10:00000000 htim10
C:\Users\nicai\AppData\Local\Temp\ccXOYikc.s:312    .text.HAL_TIM_Base_MspDeInit:00000000 $t
C:\Users\nicai\AppData\Local\Temp\ccXOYikc.s:318    .text.HAL_TIM_Base_MspDeInit:00000000 HAL_TIM_Base_MspDeInit
C:\Users\nicai\AppData\Local\Temp\ccXOYikc.s:347    .text.HAL_TIM_Base_MspDeInit:00000018 $d
C:\Users\nicai\AppData\Local\Temp\ccXOYikc.s:354    .bss.htim10:00000000 $d

UNDEFINED SYMBOLS
HAL_GPIO_Init
HAL_TIM_Base_Init
HAL_TIM_PWM_Init
HAL_TIM_PWM_ConfigChannel
Error_Handler
