ARM GAS  C:\Users\nicai\AppData\Local\Temp\ccbIkq6a.s 			page 1


   1              		.cpu cortex-m4
   2              		.arch armv7e-m
   3              		.fpu fpv4-sp-d16
   4              		.eabi_attribute 27, 1
   5              		.eabi_attribute 28, 1
   6              		.eabi_attribute 20, 1
   7              		.eabi_attribute 21, 1
   8              		.eabi_attribute 23, 3
   9              		.eabi_attribute 24, 1
  10              		.eabi_attribute 25, 1
  11              		.eabi_attribute 26, 1
  12              		.eabi_attribute 30, 1
  13              		.eabi_attribute 34, 1
  14              		.eabi_attribute 18, 4
  15              		.file	"usart.c"
  16              		.text
  17              	.Ltext0:
  18              		.cfi_sections	.debug_frame
  19              		.file 1 "Src/usart.c"
  20              		.section	.text.MX_USART1_UART_Init,"ax",%progbits
  21              		.align	1
  22              		.global	MX_USART1_UART_Init
  23              		.syntax unified
  24              		.thumb
  25              		.thumb_func
  27              	MX_USART1_UART_Init:
  28              	.LFB134:
   1:Src/usart.c   **** /* USER CODE BEGIN Header */
   2:Src/usart.c   **** /**
   3:Src/usart.c   ****   ******************************************************************************
   4:Src/usart.c   ****   * @file    usart.c
   5:Src/usart.c   ****   * @brief   This file provides code for the configuration
   6:Src/usart.c   ****   *          of the USART instances.
   7:Src/usart.c   ****   ******************************************************************************
   8:Src/usart.c   ****   * @attention
   9:Src/usart.c   ****   *
  10:Src/usart.c   ****   * Copyright (c) 2024 STMicroelectronics.
  11:Src/usart.c   ****   * All rights reserved.
  12:Src/usart.c   ****   *
  13:Src/usart.c   ****   * This software is licensed under terms that can be found in the LICENSE file
  14:Src/usart.c   ****   * in the root directory of this software component.
  15:Src/usart.c   ****   * If no LICENSE file comes with this software, it is provided AS-IS.
  16:Src/usart.c   ****   *
  17:Src/usart.c   ****   ******************************************************************************
  18:Src/usart.c   ****   */
  19:Src/usart.c   **** /* USER CODE END Header */
  20:Src/usart.c   **** /* Includes ------------------------------------------------------------------*/
  21:Src/usart.c   **** #include "usart.h"
  22:Src/usart.c   **** 
  23:Src/usart.c   **** /* USER CODE BEGIN 0 */
  24:Src/usart.c   **** 
  25:Src/usart.c   **** /* USER CODE END 0 */
  26:Src/usart.c   **** 
  27:Src/usart.c   **** UART_HandleTypeDef huart1;
  28:Src/usart.c   **** UART_HandleTypeDef huart3;
  29:Src/usart.c   **** UART_HandleTypeDef huart6;
  30:Src/usart.c   **** DMA_HandleTypeDef hdma_usart1_tx;
ARM GAS  C:\Users\nicai\AppData\Local\Temp\ccbIkq6a.s 			page 2


  31:Src/usart.c   **** DMA_HandleTypeDef hdma_usart1_rx;
  32:Src/usart.c   **** DMA_HandleTypeDef hdma_usart3_rx;
  33:Src/usart.c   **** DMA_HandleTypeDef hdma_usart6_tx;
  34:Src/usart.c   **** DMA_HandleTypeDef hdma_usart6_rx;
  35:Src/usart.c   **** 
  36:Src/usart.c   **** /* USART1 init function */
  37:Src/usart.c   **** 
  38:Src/usart.c   **** void MX_USART1_UART_Init(void)
  39:Src/usart.c   **** {
  29              		.loc 1 39 1 view -0
  30              		.cfi_startproc
  31              		@ args = 0, pretend = 0, frame = 0
  32              		@ frame_needed = 0, uses_anonymous_args = 0
  33 0000 08B5     		push	{r3, lr}
  34              	.LCFI0:
  35              		.cfi_def_cfa_offset 8
  36              		.cfi_offset 3, -8
  37              		.cfi_offset 14, -4
  40:Src/usart.c   **** 
  41:Src/usart.c   ****   /* USER CODE BEGIN USART1_Init 0 */
  42:Src/usart.c   **** 
  43:Src/usart.c   ****   /* USER CODE END USART1_Init 0 */
  44:Src/usart.c   **** 
  45:Src/usart.c   ****   /* USER CODE BEGIN USART1_Init 1 */
  46:Src/usart.c   **** 
  47:Src/usart.c   ****   /* USER CODE END USART1_Init 1 */
  48:Src/usart.c   ****   huart1.Instance = USART1;
  38              		.loc 1 48 3 view .LVU1
  39              		.loc 1 48 19 is_stmt 0 view .LVU2
  40 0002 0A48     		ldr	r0, .L5
  41 0004 0A4B     		ldr	r3, .L5+4
  42 0006 0360     		str	r3, [r0]
  49:Src/usart.c   ****   huart1.Init.BaudRate = 4800000;
  43              		.loc 1 49 3 is_stmt 1 view .LVU3
  44              		.loc 1 49 24 is_stmt 0 view .LVU4
  45 0008 0A4B     		ldr	r3, .L5+8
  46 000a 4360     		str	r3, [r0, #4]
  50:Src/usart.c   ****   huart1.Init.WordLength = UART_WORDLENGTH_8B;
  47              		.loc 1 50 3 is_stmt 1 view .LVU5
  48              		.loc 1 50 26 is_stmt 0 view .LVU6
  49 000c 0023     		movs	r3, #0
  50 000e 8360     		str	r3, [r0, #8]
  51:Src/usart.c   ****   huart1.Init.StopBits = UART_STOPBITS_1;
  51              		.loc 1 51 3 is_stmt 1 view .LVU7
  52              		.loc 1 51 24 is_stmt 0 view .LVU8
  53 0010 C360     		str	r3, [r0, #12]
  52:Src/usart.c   ****   huart1.Init.Parity = UART_PARITY_NONE;
  54              		.loc 1 52 3 is_stmt 1 view .LVU9
  55              		.loc 1 52 22 is_stmt 0 view .LVU10
  56 0012 0361     		str	r3, [r0, #16]
  53:Src/usart.c   ****   huart1.Init.Mode = UART_MODE_TX_RX;
  57              		.loc 1 53 3 is_stmt 1 view .LVU11
  58              		.loc 1 53 20 is_stmt 0 view .LVU12
  59 0014 0C22     		movs	r2, #12
  60 0016 4261     		str	r2, [r0, #20]
  54:Src/usart.c   ****   huart1.Init.HwFlowCtl = UART_HWCONTROL_NONE;
  61              		.loc 1 54 3 is_stmt 1 view .LVU13
ARM GAS  C:\Users\nicai\AppData\Local\Temp\ccbIkq6a.s 			page 3


  62              		.loc 1 54 25 is_stmt 0 view .LVU14
  63 0018 8361     		str	r3, [r0, #24]
  55:Src/usart.c   ****   huart1.Init.OverSampling = UART_OVERSAMPLING_16;
  64              		.loc 1 55 3 is_stmt 1 view .LVU15
  65              		.loc 1 55 28 is_stmt 0 view .LVU16
  66 001a C361     		str	r3, [r0, #28]
  56:Src/usart.c   ****   if (HAL_UART_Init(&huart1) != HAL_OK)
  67              		.loc 1 56 3 is_stmt 1 view .LVU17
  68              		.loc 1 56 7 is_stmt 0 view .LVU18
  69 001c FFF7FEFF 		bl	HAL_UART_Init
  70              	.LVL0:
  71              		.loc 1 56 6 view .LVU19
  72 0020 00B9     		cbnz	r0, .L4
  73              	.L1:
  57:Src/usart.c   ****   {
  58:Src/usart.c   ****     Error_Handler();
  59:Src/usart.c   ****   }
  60:Src/usart.c   ****   /* USER CODE BEGIN USART1_Init 2 */
  61:Src/usart.c   **** 
  62:Src/usart.c   ****   /* USER CODE END USART1_Init 2 */
  63:Src/usart.c   **** 
  64:Src/usart.c   **** }
  74              		.loc 1 64 1 view .LVU20
  75 0022 08BD     		pop	{r3, pc}
  76              	.L4:
  58:Src/usart.c   ****   }
  77              		.loc 1 58 5 is_stmt 1 view .LVU21
  78 0024 FFF7FEFF 		bl	Error_Handler
  79              	.LVL1:
  80              		.loc 1 64 1 is_stmt 0 view .LVU22
  81 0028 FBE7     		b	.L1
  82              	.L6:
  83 002a 00BF     		.align	2
  84              	.L5:
  85 002c 00000000 		.word	huart1
  86 0030 00100140 		.word	1073811456
  87 0034 003E4900 		.word	4800000
  88              		.cfi_endproc
  89              	.LFE134:
  91              		.section	.text.MX_USART3_UART_Init,"ax",%progbits
  92              		.align	1
  93              		.global	MX_USART3_UART_Init
  94              		.syntax unified
  95              		.thumb
  96              		.thumb_func
  98              	MX_USART3_UART_Init:
  99              	.LFB135:
  65:Src/usart.c   **** /* USART3 init function */
  66:Src/usart.c   **** 
  67:Src/usart.c   **** void MX_USART3_UART_Init(void)
  68:Src/usart.c   **** {
 100              		.loc 1 68 1 is_stmt 1 view -0
 101              		.cfi_startproc
 102              		@ args = 0, pretend = 0, frame = 0
 103              		@ frame_needed = 0, uses_anonymous_args = 0
 104 0000 08B5     		push	{r3, lr}
 105              	.LCFI1:
ARM GAS  C:\Users\nicai\AppData\Local\Temp\ccbIkq6a.s 			page 4


 106              		.cfi_def_cfa_offset 8
 107              		.cfi_offset 3, -8
 108              		.cfi_offset 14, -4
  69:Src/usart.c   **** 
  70:Src/usart.c   ****   /* USER CODE BEGIN USART3_Init 0 */
  71:Src/usart.c   **** 
  72:Src/usart.c   ****   /* USER CODE END USART3_Init 0 */
  73:Src/usart.c   **** 
  74:Src/usart.c   ****   /* USER CODE BEGIN USART3_Init 1 */
  75:Src/usart.c   **** 
  76:Src/usart.c   ****   /* USER CODE END USART3_Init 1 */
  77:Src/usart.c   ****   huart3.Instance = USART3;
 109              		.loc 1 77 3 view .LVU24
 110              		.loc 1 77 19 is_stmt 0 view .LVU25
 111 0002 0B48     		ldr	r0, .L11
 112 0004 0B4B     		ldr	r3, .L11+4
 113 0006 0360     		str	r3, [r0]
  78:Src/usart.c   ****   huart3.Init.BaudRate = 100000;
 114              		.loc 1 78 3 is_stmt 1 view .LVU26
 115              		.loc 1 78 24 is_stmt 0 view .LVU27
 116 0008 0B4B     		ldr	r3, .L11+8
 117 000a 4360     		str	r3, [r0, #4]
  79:Src/usart.c   ****   huart3.Init.WordLength = UART_WORDLENGTH_8B;
 118              		.loc 1 79 3 is_stmt 1 view .LVU28
 119              		.loc 1 79 26 is_stmt 0 view .LVU29
 120 000c 0023     		movs	r3, #0
 121 000e 8360     		str	r3, [r0, #8]
  80:Src/usart.c   ****   huart3.Init.StopBits = UART_STOPBITS_1;
 122              		.loc 1 80 3 is_stmt 1 view .LVU30
 123              		.loc 1 80 24 is_stmt 0 view .LVU31
 124 0010 C360     		str	r3, [r0, #12]
  81:Src/usart.c   ****   huart3.Init.Parity = UART_PARITY_EVEN;
 125              		.loc 1 81 3 is_stmt 1 view .LVU32
 126              		.loc 1 81 22 is_stmt 0 view .LVU33
 127 0012 4FF48062 		mov	r2, #1024
 128 0016 0261     		str	r2, [r0, #16]
  82:Src/usart.c   ****   huart3.Init.Mode = UART_MODE_TX_RX;
 129              		.loc 1 82 3 is_stmt 1 view .LVU34
 130              		.loc 1 82 20 is_stmt 0 view .LVU35
 131 0018 0C22     		movs	r2, #12
 132 001a 4261     		str	r2, [r0, #20]
  83:Src/usart.c   ****   huart3.Init.HwFlowCtl = UART_HWCONTROL_NONE;
 133              		.loc 1 83 3 is_stmt 1 view .LVU36
 134              		.loc 1 83 25 is_stmt 0 view .LVU37
 135 001c 8361     		str	r3, [r0, #24]
  84:Src/usart.c   ****   huart3.Init.OverSampling = UART_OVERSAMPLING_16;
 136              		.loc 1 84 3 is_stmt 1 view .LVU38
 137              		.loc 1 84 28 is_stmt 0 view .LVU39
 138 001e C361     		str	r3, [r0, #28]
  85:Src/usart.c   ****   if (HAL_UART_Init(&huart3) != HAL_OK)
 139              		.loc 1 85 3 is_stmt 1 view .LVU40
 140              		.loc 1 85 7 is_stmt 0 view .LVU41
 141 0020 FFF7FEFF 		bl	HAL_UART_Init
 142              	.LVL2:
 143              		.loc 1 85 6 view .LVU42
 144 0024 00B9     		cbnz	r0, .L10
 145              	.L7:
ARM GAS  C:\Users\nicai\AppData\Local\Temp\ccbIkq6a.s 			page 5


  86:Src/usart.c   ****   {
  87:Src/usart.c   ****     Error_Handler();
  88:Src/usart.c   ****   }
  89:Src/usart.c   ****   /* USER CODE BEGIN USART3_Init 2 */
  90:Src/usart.c   **** 
  91:Src/usart.c   ****   /* USER CODE END USART3_Init 2 */
  92:Src/usart.c   **** 
  93:Src/usart.c   **** }
 146              		.loc 1 93 1 view .LVU43
 147 0026 08BD     		pop	{r3, pc}
 148              	.L10:
  87:Src/usart.c   ****   }
 149              		.loc 1 87 5 is_stmt 1 view .LVU44
 150 0028 FFF7FEFF 		bl	Error_Handler
 151              	.LVL3:
 152              		.loc 1 93 1 is_stmt 0 view .LVU45
 153 002c FBE7     		b	.L7
 154              	.L12:
 155 002e 00BF     		.align	2
 156              	.L11:
 157 0030 00000000 		.word	huart3
 158 0034 00480040 		.word	1073760256
 159 0038 A0860100 		.word	100000
 160              		.cfi_endproc
 161              	.LFE135:
 163              		.section	.text.MX_USART6_UART_Init,"ax",%progbits
 164              		.align	1
 165              		.global	MX_USART6_UART_Init
 166              		.syntax unified
 167              		.thumb
 168              		.thumb_func
 170              	MX_USART6_UART_Init:
 171              	.LFB136:
  94:Src/usart.c   **** /* USART6 init function */
  95:Src/usart.c   **** 
  96:Src/usart.c   **** void MX_USART6_UART_Init(void)
  97:Src/usart.c   **** {
 172              		.loc 1 97 1 is_stmt 1 view -0
 173              		.cfi_startproc
 174              		@ args = 0, pretend = 0, frame = 0
 175              		@ frame_needed = 0, uses_anonymous_args = 0
 176 0000 08B5     		push	{r3, lr}
 177              	.LCFI2:
 178              		.cfi_def_cfa_offset 8
 179              		.cfi_offset 3, -8
 180              		.cfi_offset 14, -4
  98:Src/usart.c   **** 
  99:Src/usart.c   ****   /* USER CODE BEGIN USART6_Init 0 */
 100:Src/usart.c   **** 
 101:Src/usart.c   ****   /* USER CODE END USART6_Init 0 */
 102:Src/usart.c   **** 
 103:Src/usart.c   ****   /* USER CODE BEGIN USART6_Init 1 */
 104:Src/usart.c   **** 
 105:Src/usart.c   ****   /* USER CODE END USART6_Init 1 */
 106:Src/usart.c   ****   huart6.Instance = USART6;
 181              		.loc 1 106 3 view .LVU47
 182              		.loc 1 106 19 is_stmt 0 view .LVU48
ARM GAS  C:\Users\nicai\AppData\Local\Temp\ccbIkq6a.s 			page 6


 183 0002 0A48     		ldr	r0, .L17
 184 0004 0A4B     		ldr	r3, .L17+4
 185 0006 0360     		str	r3, [r0]
 107:Src/usart.c   ****   huart6.Init.BaudRate = 4800000;
 186              		.loc 1 107 3 is_stmt 1 view .LVU49
 187              		.loc 1 107 24 is_stmt 0 view .LVU50
 188 0008 0A4B     		ldr	r3, .L17+8
 189 000a 4360     		str	r3, [r0, #4]
 108:Src/usart.c   ****   huart6.Init.WordLength = UART_WORDLENGTH_8B;
 190              		.loc 1 108 3 is_stmt 1 view .LVU51
 191              		.loc 1 108 26 is_stmt 0 view .LVU52
 192 000c 0023     		movs	r3, #0
 193 000e 8360     		str	r3, [r0, #8]
 109:Src/usart.c   ****   huart6.Init.StopBits = UART_STOPBITS_1;
 194              		.loc 1 109 3 is_stmt 1 view .LVU53
 195              		.loc 1 109 24 is_stmt 0 view .LVU54
 196 0010 C360     		str	r3, [r0, #12]
 110:Src/usart.c   ****   huart6.Init.Parity = UART_PARITY_NONE;
 197              		.loc 1 110 3 is_stmt 1 view .LVU55
 198              		.loc 1 110 22 is_stmt 0 view .LVU56
 199 0012 0361     		str	r3, [r0, #16]
 111:Src/usart.c   ****   huart6.Init.Mode = UART_MODE_TX_RX;
 200              		.loc 1 111 3 is_stmt 1 view .LVU57
 201              		.loc 1 111 20 is_stmt 0 view .LVU58
 202 0014 0C22     		movs	r2, #12
 203 0016 4261     		str	r2, [r0, #20]
 112:Src/usart.c   ****   huart6.Init.HwFlowCtl = UART_HWCONTROL_NONE;
 204              		.loc 1 112 3 is_stmt 1 view .LVU59
 205              		.loc 1 112 25 is_stmt 0 view .LVU60
 206 0018 8361     		str	r3, [r0, #24]
 113:Src/usart.c   ****   huart6.Init.OverSampling = UART_OVERSAMPLING_16;
 207              		.loc 1 113 3 is_stmt 1 view .LVU61
 208              		.loc 1 113 28 is_stmt 0 view .LVU62
 209 001a C361     		str	r3, [r0, #28]
 114:Src/usart.c   ****   if (HAL_UART_Init(&huart6) != HAL_OK)
 210              		.loc 1 114 3 is_stmt 1 view .LVU63
 211              		.loc 1 114 7 is_stmt 0 view .LVU64
 212 001c FFF7FEFF 		bl	HAL_UART_Init
 213              	.LVL4:
 214              		.loc 1 114 6 view .LVU65
 215 0020 00B9     		cbnz	r0, .L16
 216              	.L13:
 115:Src/usart.c   ****   {
 116:Src/usart.c   ****     Error_Handler();
 117:Src/usart.c   ****   }
 118:Src/usart.c   ****   /* USER CODE BEGIN USART6_Init 2 */
 119:Src/usart.c   **** 
 120:Src/usart.c   ****   /* USER CODE END USART6_Init 2 */
 121:Src/usart.c   **** 
 122:Src/usart.c   **** }
 217              		.loc 1 122 1 view .LVU66
 218 0022 08BD     		pop	{r3, pc}
 219              	.L16:
 116:Src/usart.c   ****   }
 220              		.loc 1 116 5 is_stmt 1 view .LVU67
 221 0024 FFF7FEFF 		bl	Error_Handler
 222              	.LVL5:
ARM GAS  C:\Users\nicai\AppData\Local\Temp\ccbIkq6a.s 			page 7


 223              		.loc 1 122 1 is_stmt 0 view .LVU68
 224 0028 FBE7     		b	.L13
 225              	.L18:
 226 002a 00BF     		.align	2
 227              	.L17:
 228 002c 00000000 		.word	huart6
 229 0030 00140140 		.word	1073812480
 230 0034 003E4900 		.word	4800000
 231              		.cfi_endproc
 232              	.LFE136:
 234              		.section	.text.HAL_UART_MspInit,"ax",%progbits
 235              		.align	1
 236              		.global	HAL_UART_MspInit
 237              		.syntax unified
 238              		.thumb
 239              		.thumb_func
 241              	HAL_UART_MspInit:
 242              	.LVL6:
 243              	.LFB137:
 123:Src/usart.c   **** 
 124:Src/usart.c   **** void HAL_UART_MspInit(UART_HandleTypeDef* uartHandle)
 125:Src/usart.c   **** {
 244              		.loc 1 125 1 is_stmt 1 view -0
 245              		.cfi_startproc
 246              		@ args = 0, pretend = 0, frame = 48
 247              		@ frame_needed = 0, uses_anonymous_args = 0
 248              		.loc 1 125 1 is_stmt 0 view .LVU70
 249 0000 2DE9F041 		push	{r4, r5, r6, r7, r8, lr}
 250              	.LCFI3:
 251              		.cfi_def_cfa_offset 24
 252              		.cfi_offset 4, -24
 253              		.cfi_offset 5, -20
 254              		.cfi_offset 6, -16
 255              		.cfi_offset 7, -12
 256              		.cfi_offset 8, -8
 257              		.cfi_offset 14, -4
 258 0004 8CB0     		sub	sp, sp, #48
 259              	.LCFI4:
 260              		.cfi_def_cfa_offset 72
 261 0006 0446     		mov	r4, r0
 126:Src/usart.c   **** 
 127:Src/usart.c   ****   GPIO_InitTypeDef GPIO_InitStruct = {0};
 262              		.loc 1 127 3 is_stmt 1 view .LVU71
 263              		.loc 1 127 20 is_stmt 0 view .LVU72
 264 0008 0023     		movs	r3, #0
 265 000a 0793     		str	r3, [sp, #28]
 266 000c 0893     		str	r3, [sp, #32]
 267 000e 0993     		str	r3, [sp, #36]
 268 0010 0A93     		str	r3, [sp, #40]
 269 0012 0B93     		str	r3, [sp, #44]
 128:Src/usart.c   ****   if(uartHandle->Instance==USART1)
 270              		.loc 1 128 3 is_stmt 1 view .LVU73
 271              		.loc 1 128 16 is_stmt 0 view .LVU74
 272 0014 0368     		ldr	r3, [r0]
 273              		.loc 1 128 5 view .LVU75
 274 0016 9B4A     		ldr	r2, .L37
 275 0018 9342     		cmp	r3, r2
ARM GAS  C:\Users\nicai\AppData\Local\Temp\ccbIkq6a.s 			page 8


 276 001a 0AD0     		beq	.L29
 129:Src/usart.c   ****   {
 130:Src/usart.c   ****   /* USER CODE BEGIN USART1_MspInit 0 */
 131:Src/usart.c   **** 
 132:Src/usart.c   ****   /* USER CODE END USART1_MspInit 0 */
 133:Src/usart.c   ****     /* USART1 clock enable */
 134:Src/usart.c   ****     __HAL_RCC_USART1_CLK_ENABLE();
 135:Src/usart.c   **** 
 136:Src/usart.c   ****     __HAL_RCC_GPIOB_CLK_ENABLE();
 137:Src/usart.c   ****     __HAL_RCC_GPIOA_CLK_ENABLE();
 138:Src/usart.c   ****     /**USART1 GPIO Configuration
 139:Src/usart.c   ****     PB7     ------> USART1_RX
 140:Src/usart.c   ****     PA9     ------> USART1_TX
 141:Src/usart.c   ****     */
 142:Src/usart.c   ****     GPIO_InitStruct.Pin = GPIO_PIN_7;
 143:Src/usart.c   ****     GPIO_InitStruct.Mode = GPIO_MODE_AF_PP;
 144:Src/usart.c   ****     GPIO_InitStruct.Pull = GPIO_NOPULL;
 145:Src/usart.c   ****     GPIO_InitStruct.Speed = GPIO_SPEED_FREQ_VERY_HIGH;
 146:Src/usart.c   ****     GPIO_InitStruct.Alternate = GPIO_AF7_USART1;
 147:Src/usart.c   ****     HAL_GPIO_Init(GPIOB, &GPIO_InitStruct);
 148:Src/usart.c   **** 
 149:Src/usart.c   ****     GPIO_InitStruct.Pin = GPIO_PIN_9;
 150:Src/usart.c   ****     GPIO_InitStruct.Mode = GPIO_MODE_AF_PP;
 151:Src/usart.c   ****     GPIO_InitStruct.Pull = GPIO_NOPULL;
 152:Src/usart.c   ****     GPIO_InitStruct.Speed = GPIO_SPEED_FREQ_VERY_HIGH;
 153:Src/usart.c   ****     GPIO_InitStruct.Alternate = GPIO_AF7_USART1;
 154:Src/usart.c   ****     HAL_GPIO_Init(GPIOA, &GPIO_InitStruct);
 155:Src/usart.c   **** 
 156:Src/usart.c   ****     /* USART1 DMA Init */
 157:Src/usart.c   ****     /* USART1_TX Init */
 158:Src/usart.c   ****     hdma_usart1_tx.Instance = DMA2_Stream7;
 159:Src/usart.c   ****     hdma_usart1_tx.Init.Channel = DMA_CHANNEL_4;
 160:Src/usart.c   ****     hdma_usart1_tx.Init.Direction = DMA_MEMORY_TO_PERIPH;
 161:Src/usart.c   ****     hdma_usart1_tx.Init.PeriphInc = DMA_PINC_DISABLE;
 162:Src/usart.c   ****     hdma_usart1_tx.Init.MemInc = DMA_MINC_ENABLE;
 163:Src/usart.c   ****     hdma_usart1_tx.Init.PeriphDataAlignment = DMA_PDATAALIGN_BYTE;
 164:Src/usart.c   ****     hdma_usart1_tx.Init.MemDataAlignment = DMA_MDATAALIGN_BYTE;
 165:Src/usart.c   ****     hdma_usart1_tx.Init.Mode = DMA_NORMAL;
 166:Src/usart.c   ****     hdma_usart1_tx.Init.Priority = DMA_PRIORITY_MEDIUM;
 167:Src/usart.c   ****     hdma_usart1_tx.Init.FIFOMode = DMA_FIFOMODE_DISABLE;
 168:Src/usart.c   ****     if (HAL_DMA_Init(&hdma_usart1_tx) != HAL_OK)
 169:Src/usart.c   ****     {
 170:Src/usart.c   ****       Error_Handler();
 171:Src/usart.c   ****     }
 172:Src/usart.c   **** 
 173:Src/usart.c   ****     __HAL_LINKDMA(uartHandle,hdmatx,hdma_usart1_tx);
 174:Src/usart.c   **** 
 175:Src/usart.c   ****     /* USART1_RX Init */
 176:Src/usart.c   ****     hdma_usart1_rx.Instance = DMA2_Stream5;
 177:Src/usart.c   ****     hdma_usart1_rx.Init.Channel = DMA_CHANNEL_4;
 178:Src/usart.c   ****     hdma_usart1_rx.Init.Direction = DMA_PERIPH_TO_MEMORY;
 179:Src/usart.c   ****     hdma_usart1_rx.Init.PeriphInc = DMA_PINC_DISABLE;
 180:Src/usart.c   ****     hdma_usart1_rx.Init.MemInc = DMA_MINC_ENABLE;
 181:Src/usart.c   ****     hdma_usart1_rx.Init.PeriphDataAlignment = DMA_PDATAALIGN_BYTE;
 182:Src/usart.c   ****     hdma_usart1_rx.Init.MemDataAlignment = DMA_MDATAALIGN_BYTE;
 183:Src/usart.c   ****     hdma_usart1_rx.Init.Mode = DMA_CIRCULAR;
 184:Src/usart.c   ****     hdma_usart1_rx.Init.Priority = DMA_PRIORITY_LOW;
ARM GAS  C:\Users\nicai\AppData\Local\Temp\ccbIkq6a.s 			page 9


 185:Src/usart.c   ****     hdma_usart1_rx.Init.FIFOMode = DMA_FIFOMODE_DISABLE;
 186:Src/usart.c   ****     if (HAL_DMA_Init(&hdma_usart1_rx) != HAL_OK)
 187:Src/usart.c   ****     {
 188:Src/usart.c   ****       Error_Handler();
 189:Src/usart.c   ****     }
 190:Src/usart.c   **** 
 191:Src/usart.c   ****     __HAL_LINKDMA(uartHandle,hdmarx,hdma_usart1_rx);
 192:Src/usart.c   **** 
 193:Src/usart.c   ****     /* USART1 interrupt Init */
 194:Src/usart.c   ****     HAL_NVIC_SetPriority(USART1_IRQn, 5, 0);
 195:Src/usart.c   ****     HAL_NVIC_EnableIRQ(USART1_IRQn);
 196:Src/usart.c   ****   /* USER CODE BEGIN USART1_MspInit 1 */
 197:Src/usart.c   **** 
 198:Src/usart.c   ****   /* USER CODE END USART1_MspInit 1 */
 199:Src/usart.c   ****   }
 200:Src/usart.c   ****   else if(uartHandle->Instance==USART3)
 277              		.loc 1 200 8 is_stmt 1 view .LVU76
 278              		.loc 1 200 10 is_stmt 0 view .LVU77
 279 001c 9A4A     		ldr	r2, .L37+4
 280 001e 9342     		cmp	r3, r2
 281 0020 00F08280 		beq	.L30
 201:Src/usart.c   ****   {
 202:Src/usart.c   ****   /* USER CODE BEGIN USART3_MspInit 0 */
 203:Src/usart.c   **** 
 204:Src/usart.c   ****   /* USER CODE END USART3_MspInit 0 */
 205:Src/usart.c   ****     /* USART3 clock enable */
 206:Src/usart.c   ****     __HAL_RCC_USART3_CLK_ENABLE();
 207:Src/usart.c   **** 
 208:Src/usart.c   ****     __HAL_RCC_GPIOC_CLK_ENABLE();
 209:Src/usart.c   ****     /**USART3 GPIO Configuration
 210:Src/usart.c   ****     PC11     ------> USART3_RX
 211:Src/usart.c   ****     PC10     ------> USART3_TX
 212:Src/usart.c   ****     */
 213:Src/usart.c   ****     GPIO_InitStruct.Pin = GPIO_PIN_11|GPIO_PIN_10;
 214:Src/usart.c   ****     GPIO_InitStruct.Mode = GPIO_MODE_AF_PP;
 215:Src/usart.c   ****     GPIO_InitStruct.Pull = GPIO_NOPULL;
 216:Src/usart.c   ****     GPIO_InitStruct.Speed = GPIO_SPEED_FREQ_VERY_HIGH;
 217:Src/usart.c   ****     GPIO_InitStruct.Alternate = GPIO_AF7_USART3;
 218:Src/usart.c   ****     HAL_GPIO_Init(GPIOC, &GPIO_InitStruct);
 219:Src/usart.c   **** 
 220:Src/usart.c   ****     /* USART3 DMA Init */
 221:Src/usart.c   ****     /* USART3_RX Init */
 222:Src/usart.c   ****     hdma_usart3_rx.Instance = DMA1_Stream1;
 223:Src/usart.c   ****     hdma_usart3_rx.Init.Channel = DMA_CHANNEL_4;
 224:Src/usart.c   ****     hdma_usart3_rx.Init.Direction = DMA_PERIPH_TO_MEMORY;
 225:Src/usart.c   ****     hdma_usart3_rx.Init.PeriphInc = DMA_PINC_DISABLE;
 226:Src/usart.c   ****     hdma_usart3_rx.Init.MemInc = DMA_MINC_ENABLE;
 227:Src/usart.c   ****     hdma_usart3_rx.Init.PeriphDataAlignment = DMA_PDATAALIGN_BYTE;
 228:Src/usart.c   ****     hdma_usart3_rx.Init.MemDataAlignment = DMA_MDATAALIGN_BYTE;
 229:Src/usart.c   ****     hdma_usart3_rx.Init.Mode = DMA_CIRCULAR;
 230:Src/usart.c   ****     hdma_usart3_rx.Init.Priority = DMA_PRIORITY_HIGH;
 231:Src/usart.c   ****     hdma_usart3_rx.Init.FIFOMode = DMA_FIFOMODE_DISABLE;
 232:Src/usart.c   ****     if (HAL_DMA_Init(&hdma_usart3_rx) != HAL_OK)
 233:Src/usart.c   ****     {
 234:Src/usart.c   ****       Error_Handler();
 235:Src/usart.c   ****     }
 236:Src/usart.c   **** 
ARM GAS  C:\Users\nicai\AppData\Local\Temp\ccbIkq6a.s 			page 10


 237:Src/usart.c   ****     __HAL_LINKDMA(uartHandle,hdmarx,hdma_usart3_rx);
 238:Src/usart.c   **** 
 239:Src/usart.c   ****     /* USART3 interrupt Init */
 240:Src/usart.c   ****     HAL_NVIC_SetPriority(USART3_IRQn, 4, 0);
 241:Src/usart.c   ****     HAL_NVIC_EnableIRQ(USART3_IRQn);
 242:Src/usart.c   ****   /* USER CODE BEGIN USART3_MspInit 1 */
 243:Src/usart.c   **** 
 244:Src/usart.c   ****   /* USER CODE END USART3_MspInit 1 */
 245:Src/usart.c   ****   }
 246:Src/usart.c   ****   else if(uartHandle->Instance==USART6)
 282              		.loc 1 246 8 is_stmt 1 view .LVU78
 283              		.loc 1 246 10 is_stmt 0 view .LVU79
 284 0024 994A     		ldr	r2, .L37+8
 285 0026 9342     		cmp	r3, r2
 286 0028 00F0C780 		beq	.L31
 287              	.LVL7:
 288              	.L19:
 247:Src/usart.c   ****   {
 248:Src/usart.c   ****   /* USER CODE BEGIN USART6_MspInit 0 */
 249:Src/usart.c   **** 
 250:Src/usart.c   ****   /* USER CODE END USART6_MspInit 0 */
 251:Src/usart.c   ****     /* USART6 clock enable */
 252:Src/usart.c   ****     __HAL_RCC_USART6_CLK_ENABLE();
 253:Src/usart.c   **** 
 254:Src/usart.c   ****     __HAL_RCC_GPIOG_CLK_ENABLE();
 255:Src/usart.c   ****     /**USART6 GPIO Configuration
 256:Src/usart.c   ****     PG14     ------> USART6_TX
 257:Src/usart.c   ****     PG9     ------> USART6_RX
 258:Src/usart.c   ****     */
 259:Src/usart.c   ****     GPIO_InitStruct.Pin = GPIO_PIN_14|GPIO_PIN_9;
 260:Src/usart.c   ****     GPIO_InitStruct.Mode = GPIO_MODE_AF_PP;
 261:Src/usart.c   ****     GPIO_InitStruct.Pull = GPIO_NOPULL;
 262:Src/usart.c   ****     GPIO_InitStruct.Speed = GPIO_SPEED_FREQ_VERY_HIGH;
 263:Src/usart.c   ****     GPIO_InitStruct.Alternate = GPIO_AF8_USART6;
 264:Src/usart.c   ****     HAL_GPIO_Init(GPIOG, &GPIO_InitStruct);
 265:Src/usart.c   **** 
 266:Src/usart.c   ****     /* USART6 DMA Init */
 267:Src/usart.c   ****     /* USART6_TX Init */
 268:Src/usart.c   ****     hdma_usart6_tx.Instance = DMA2_Stream6;
 269:Src/usart.c   ****     hdma_usart6_tx.Init.Channel = DMA_CHANNEL_5;
 270:Src/usart.c   ****     hdma_usart6_tx.Init.Direction = DMA_MEMORY_TO_PERIPH;
 271:Src/usart.c   ****     hdma_usart6_tx.Init.PeriphInc = DMA_PINC_DISABLE;
 272:Src/usart.c   ****     hdma_usart6_tx.Init.MemInc = DMA_MINC_ENABLE;
 273:Src/usart.c   ****     hdma_usart6_tx.Init.PeriphDataAlignment = DMA_PDATAALIGN_BYTE;
 274:Src/usart.c   ****     hdma_usart6_tx.Init.MemDataAlignment = DMA_MDATAALIGN_BYTE;
 275:Src/usart.c   ****     hdma_usart6_tx.Init.Mode = DMA_NORMAL;
 276:Src/usart.c   ****     hdma_usart6_tx.Init.Priority = DMA_PRIORITY_MEDIUM;
 277:Src/usart.c   ****     hdma_usart6_tx.Init.FIFOMode = DMA_FIFOMODE_DISABLE;
 278:Src/usart.c   ****     if (HAL_DMA_Init(&hdma_usart6_tx) != HAL_OK)
 279:Src/usart.c   ****     {
 280:Src/usart.c   ****       Error_Handler();
 281:Src/usart.c   ****     }
 282:Src/usart.c   **** 
 283:Src/usart.c   ****     __HAL_LINKDMA(uartHandle,hdmatx,hdma_usart6_tx);
 284:Src/usart.c   **** 
 285:Src/usart.c   ****     /* USART6_RX Init */
 286:Src/usart.c   ****     hdma_usart6_rx.Instance = DMA2_Stream1;
ARM GAS  C:\Users\nicai\AppData\Local\Temp\ccbIkq6a.s 			page 11


 287:Src/usart.c   ****     hdma_usart6_rx.Init.Channel = DMA_CHANNEL_5;
 288:Src/usart.c   ****     hdma_usart6_rx.Init.Direction = DMA_PERIPH_TO_MEMORY;
 289:Src/usart.c   ****     hdma_usart6_rx.Init.PeriphInc = DMA_PINC_DISABLE;
 290:Src/usart.c   ****     hdma_usart6_rx.Init.MemInc = DMA_MINC_ENABLE;
 291:Src/usart.c   ****     hdma_usart6_rx.Init.PeriphDataAlignment = DMA_PDATAALIGN_BYTE;
 292:Src/usart.c   ****     hdma_usart6_rx.Init.MemDataAlignment = DMA_MDATAALIGN_BYTE;
 293:Src/usart.c   ****     hdma_usart6_rx.Init.Mode = DMA_CIRCULAR;
 294:Src/usart.c   ****     hdma_usart6_rx.Init.Priority = DMA_PRIORITY_LOW;
 295:Src/usart.c   ****     hdma_usart6_rx.Init.FIFOMode = DMA_FIFOMODE_DISABLE;
 296:Src/usart.c   ****     if (HAL_DMA_Init(&hdma_usart6_rx) != HAL_OK)
 297:Src/usart.c   ****     {
 298:Src/usart.c   ****       Error_Handler();
 299:Src/usart.c   ****     }
 300:Src/usart.c   **** 
 301:Src/usart.c   ****     __HAL_LINKDMA(uartHandle,hdmarx,hdma_usart6_rx);
 302:Src/usart.c   **** 
 303:Src/usart.c   ****     /* USART6 interrupt Init */
 304:Src/usart.c   ****     HAL_NVIC_SetPriority(USART6_IRQn, 5, 0);
 305:Src/usart.c   ****     HAL_NVIC_EnableIRQ(USART6_IRQn);
 306:Src/usart.c   ****   /* USER CODE BEGIN USART6_MspInit 1 */
 307:Src/usart.c   **** 
 308:Src/usart.c   ****   /* USER CODE END USART6_MspInit 1 */
 309:Src/usart.c   ****   }
 310:Src/usart.c   **** }
 289              		.loc 1 310 1 view .LVU80
 290 002c 0CB0     		add	sp, sp, #48
 291              	.LCFI5:
 292              		.cfi_remember_state
 293              		.cfi_def_cfa_offset 24
 294              		@ sp needed
 295 002e BDE8F081 		pop	{r4, r5, r6, r7, r8, pc}
 296              	.LVL8:
 297              	.L29:
 298              	.LCFI6:
 299              		.cfi_restore_state
 134:Src/usart.c   **** 
 300              		.loc 1 134 5 is_stmt 1 view .LVU81
 301              	.LBB2:
 134:Src/usart.c   **** 
 302              		.loc 1 134 5 view .LVU82
 303 0032 0025     		movs	r5, #0
 304 0034 0095     		str	r5, [sp]
 134:Src/usart.c   **** 
 305              		.loc 1 134 5 view .LVU83
 306 0036 964B     		ldr	r3, .L37+12
 307 0038 5A6C     		ldr	r2, [r3, #68]
 308 003a 42F01002 		orr	r2, r2, #16
 309 003e 5A64     		str	r2, [r3, #68]
 134:Src/usart.c   **** 
 310              		.loc 1 134 5 view .LVU84
 311 0040 5A6C     		ldr	r2, [r3, #68]
 312 0042 02F01002 		and	r2, r2, #16
 313 0046 0092     		str	r2, [sp]
 134:Src/usart.c   **** 
 314              		.loc 1 134 5 view .LVU85
 315 0048 009A     		ldr	r2, [sp]
 316              	.LBE2:
ARM GAS  C:\Users\nicai\AppData\Local\Temp\ccbIkq6a.s 			page 12


 134:Src/usart.c   **** 
 317              		.loc 1 134 5 view .LVU86
 136:Src/usart.c   ****     __HAL_RCC_GPIOA_CLK_ENABLE();
 318              		.loc 1 136 5 view .LVU87
 319              	.LBB3:
 136:Src/usart.c   ****     __HAL_RCC_GPIOA_CLK_ENABLE();
 320              		.loc 1 136 5 view .LVU88
 321 004a 0195     		str	r5, [sp, #4]
 136:Src/usart.c   ****     __HAL_RCC_GPIOA_CLK_ENABLE();
 322              		.loc 1 136 5 view .LVU89
 323 004c 1A6B     		ldr	r2, [r3, #48]
 324 004e 42F00202 		orr	r2, r2, #2
 325 0052 1A63     		str	r2, [r3, #48]
 136:Src/usart.c   ****     __HAL_RCC_GPIOA_CLK_ENABLE();
 326              		.loc 1 136 5 view .LVU90
 327 0054 1A6B     		ldr	r2, [r3, #48]
 328 0056 02F00202 		and	r2, r2, #2
 329 005a 0192     		str	r2, [sp, #4]
 136:Src/usart.c   ****     __HAL_RCC_GPIOA_CLK_ENABLE();
 330              		.loc 1 136 5 view .LVU91
 331 005c 019A     		ldr	r2, [sp, #4]
 332              	.LBE3:
 136:Src/usart.c   ****     __HAL_RCC_GPIOA_CLK_ENABLE();
 333              		.loc 1 136 5 view .LVU92
 137:Src/usart.c   ****     /**USART1 GPIO Configuration
 334              		.loc 1 137 5 view .LVU93
 335              	.LBB4:
 137:Src/usart.c   ****     /**USART1 GPIO Configuration
 336              		.loc 1 137 5 view .LVU94
 337 005e 0295     		str	r5, [sp, #8]
 137:Src/usart.c   ****     /**USART1 GPIO Configuration
 338              		.loc 1 137 5 view .LVU95
 339 0060 1A6B     		ldr	r2, [r3, #48]
 340 0062 42F00102 		orr	r2, r2, #1
 341 0066 1A63     		str	r2, [r3, #48]
 137:Src/usart.c   ****     /**USART1 GPIO Configuration
 342              		.loc 1 137 5 view .LVU96
 343 0068 1B6B     		ldr	r3, [r3, #48]
 344 006a 03F00103 		and	r3, r3, #1
 345 006e 0293     		str	r3, [sp, #8]
 137:Src/usart.c   ****     /**USART1 GPIO Configuration
 346              		.loc 1 137 5 view .LVU97
 347 0070 029B     		ldr	r3, [sp, #8]
 348              	.LBE4:
 137:Src/usart.c   ****     /**USART1 GPIO Configuration
 349              		.loc 1 137 5 view .LVU98
 142:Src/usart.c   ****     GPIO_InitStruct.Mode = GPIO_MODE_AF_PP;
 350              		.loc 1 142 5 view .LVU99
 142:Src/usart.c   ****     GPIO_InitStruct.Mode = GPIO_MODE_AF_PP;
 351              		.loc 1 142 25 is_stmt 0 view .LVU100
 352 0072 8023     		movs	r3, #128
 353 0074 0793     		str	r3, [sp, #28]
 143:Src/usart.c   ****     GPIO_InitStruct.Pull = GPIO_NOPULL;
 354              		.loc 1 143 5 is_stmt 1 view .LVU101
 143:Src/usart.c   ****     GPIO_InitStruct.Pull = GPIO_NOPULL;
 355              		.loc 1 143 26 is_stmt 0 view .LVU102
 356 0076 4FF00208 		mov	r8, #2
ARM GAS  C:\Users\nicai\AppData\Local\Temp\ccbIkq6a.s 			page 13


 357 007a CDF82080 		str	r8, [sp, #32]
 144:Src/usart.c   ****     GPIO_InitStruct.Speed = GPIO_SPEED_FREQ_VERY_HIGH;
 358              		.loc 1 144 5 is_stmt 1 view .LVU103
 145:Src/usart.c   ****     GPIO_InitStruct.Alternate = GPIO_AF7_USART1;
 359              		.loc 1 145 5 view .LVU104
 145:Src/usart.c   ****     GPIO_InitStruct.Alternate = GPIO_AF7_USART1;
 360              		.loc 1 145 27 is_stmt 0 view .LVU105
 361 007e 0327     		movs	r7, #3
 362 0080 0A97     		str	r7, [sp, #40]
 146:Src/usart.c   ****     HAL_GPIO_Init(GPIOB, &GPIO_InitStruct);
 363              		.loc 1 146 5 is_stmt 1 view .LVU106
 146:Src/usart.c   ****     HAL_GPIO_Init(GPIOB, &GPIO_InitStruct);
 364              		.loc 1 146 31 is_stmt 0 view .LVU107
 365 0082 0726     		movs	r6, #7
 366 0084 0B96     		str	r6, [sp, #44]
 147:Src/usart.c   **** 
 367              		.loc 1 147 5 is_stmt 1 view .LVU108
 368 0086 07A9     		add	r1, sp, #28
 369 0088 8248     		ldr	r0, .L37+16
 370              	.LVL9:
 147:Src/usart.c   **** 
 371              		.loc 1 147 5 is_stmt 0 view .LVU109
 372 008a FFF7FEFF 		bl	HAL_GPIO_Init
 373              	.LVL10:
 149:Src/usart.c   ****     GPIO_InitStruct.Mode = GPIO_MODE_AF_PP;
 374              		.loc 1 149 5 is_stmt 1 view .LVU110
 149:Src/usart.c   ****     GPIO_InitStruct.Mode = GPIO_MODE_AF_PP;
 375              		.loc 1 149 25 is_stmt 0 view .LVU111
 376 008e 4FF40073 		mov	r3, #512
 377 0092 0793     		str	r3, [sp, #28]
 150:Src/usart.c   ****     GPIO_InitStruct.Pull = GPIO_NOPULL;
 378              		.loc 1 150 5 is_stmt 1 view .LVU112
 150:Src/usart.c   ****     GPIO_InitStruct.Pull = GPIO_NOPULL;
 379              		.loc 1 150 26 is_stmt 0 view .LVU113
 380 0094 CDF82080 		str	r8, [sp, #32]
 151:Src/usart.c   ****     GPIO_InitStruct.Speed = GPIO_SPEED_FREQ_VERY_HIGH;
 381              		.loc 1 151 5 is_stmt 1 view .LVU114
 151:Src/usart.c   ****     GPIO_InitStruct.Speed = GPIO_SPEED_FREQ_VERY_HIGH;
 382              		.loc 1 151 26 is_stmt 0 view .LVU115
 383 0098 0995     		str	r5, [sp, #36]
 152:Src/usart.c   ****     GPIO_InitStruct.Alternate = GPIO_AF7_USART1;
 384              		.loc 1 152 5 is_stmt 1 view .LVU116
 152:Src/usart.c   ****     GPIO_InitStruct.Alternate = GPIO_AF7_USART1;
 385              		.loc 1 152 27 is_stmt 0 view .LVU117
 386 009a 0A97     		str	r7, [sp, #40]
 153:Src/usart.c   ****     HAL_GPIO_Init(GPIOA, &GPIO_InitStruct);
 387              		.loc 1 153 5 is_stmt 1 view .LVU118
 153:Src/usart.c   ****     HAL_GPIO_Init(GPIOA, &GPIO_InitStruct);
 388              		.loc 1 153 31 is_stmt 0 view .LVU119
 389 009c 0B96     		str	r6, [sp, #44]
 154:Src/usart.c   **** 
 390              		.loc 1 154 5 is_stmt 1 view .LVU120
 391 009e 07A9     		add	r1, sp, #28
 392 00a0 7D48     		ldr	r0, .L37+20
 393 00a2 FFF7FEFF 		bl	HAL_GPIO_Init
 394              	.LVL11:
 158:Src/usart.c   ****     hdma_usart1_tx.Init.Channel = DMA_CHANNEL_4;
ARM GAS  C:\Users\nicai\AppData\Local\Temp\ccbIkq6a.s 			page 14


 395              		.loc 1 158 5 view .LVU121
 158:Src/usart.c   ****     hdma_usart1_tx.Init.Channel = DMA_CHANNEL_4;
 396              		.loc 1 158 29 is_stmt 0 view .LVU122
 397 00a6 7D48     		ldr	r0, .L37+24
 398 00a8 7D4B     		ldr	r3, .L37+28
 399 00aa 0360     		str	r3, [r0]
 159:Src/usart.c   ****     hdma_usart1_tx.Init.Direction = DMA_MEMORY_TO_PERIPH;
 400              		.loc 1 159 5 is_stmt 1 view .LVU123
 159:Src/usart.c   ****     hdma_usart1_tx.Init.Direction = DMA_MEMORY_TO_PERIPH;
 401              		.loc 1 159 33 is_stmt 0 view .LVU124
 402 00ac 4FF00063 		mov	r3, #134217728
 403 00b0 4360     		str	r3, [r0, #4]
 160:Src/usart.c   ****     hdma_usart1_tx.Init.PeriphInc = DMA_PINC_DISABLE;
 404              		.loc 1 160 5 is_stmt 1 view .LVU125
 160:Src/usart.c   ****     hdma_usart1_tx.Init.PeriphInc = DMA_PINC_DISABLE;
 405              		.loc 1 160 35 is_stmt 0 view .LVU126
 406 00b2 4023     		movs	r3, #64
 407 00b4 8360     		str	r3, [r0, #8]
 161:Src/usart.c   ****     hdma_usart1_tx.Init.MemInc = DMA_MINC_ENABLE;
 408              		.loc 1 161 5 is_stmt 1 view .LVU127
 161:Src/usart.c   ****     hdma_usart1_tx.Init.MemInc = DMA_MINC_ENABLE;
 409              		.loc 1 161 35 is_stmt 0 view .LVU128
 410 00b6 C560     		str	r5, [r0, #12]
 162:Src/usart.c   ****     hdma_usart1_tx.Init.PeriphDataAlignment = DMA_PDATAALIGN_BYTE;
 411              		.loc 1 162 5 is_stmt 1 view .LVU129
 162:Src/usart.c   ****     hdma_usart1_tx.Init.PeriphDataAlignment = DMA_PDATAALIGN_BYTE;
 412              		.loc 1 162 32 is_stmt 0 view .LVU130
 413 00b8 4FF48063 		mov	r3, #1024
 414 00bc 0361     		str	r3, [r0, #16]
 163:Src/usart.c   ****     hdma_usart1_tx.Init.MemDataAlignment = DMA_MDATAALIGN_BYTE;
 415              		.loc 1 163 5 is_stmt 1 view .LVU131
 163:Src/usart.c   ****     hdma_usart1_tx.Init.MemDataAlignment = DMA_MDATAALIGN_BYTE;
 416              		.loc 1 163 45 is_stmt 0 view .LVU132
 417 00be 4561     		str	r5, [r0, #20]
 164:Src/usart.c   ****     hdma_usart1_tx.Init.Mode = DMA_NORMAL;
 418              		.loc 1 164 5 is_stmt 1 view .LVU133
 164:Src/usart.c   ****     hdma_usart1_tx.Init.Mode = DMA_NORMAL;
 419              		.loc 1 164 42 is_stmt 0 view .LVU134
 420 00c0 8561     		str	r5, [r0, #24]
 165:Src/usart.c   ****     hdma_usart1_tx.Init.Priority = DMA_PRIORITY_MEDIUM;
 421              		.loc 1 165 5 is_stmt 1 view .LVU135
 165:Src/usart.c   ****     hdma_usart1_tx.Init.Priority = DMA_PRIORITY_MEDIUM;
 422              		.loc 1 165 30 is_stmt 0 view .LVU136
 423 00c2 C561     		str	r5, [r0, #28]
 166:Src/usart.c   ****     hdma_usart1_tx.Init.FIFOMode = DMA_FIFOMODE_DISABLE;
 424              		.loc 1 166 5 is_stmt 1 view .LVU137
 166:Src/usart.c   ****     hdma_usart1_tx.Init.FIFOMode = DMA_FIFOMODE_DISABLE;
 425              		.loc 1 166 34 is_stmt 0 view .LVU138
 426 00c4 4FF48033 		mov	r3, #65536
 427 00c8 0362     		str	r3, [r0, #32]
 167:Src/usart.c   ****     if (HAL_DMA_Init(&hdma_usart1_tx) != HAL_OK)
 428              		.loc 1 167 5 is_stmt 1 view .LVU139
 167:Src/usart.c   ****     if (HAL_DMA_Init(&hdma_usart1_tx) != HAL_OK)
 429              		.loc 1 167 34 is_stmt 0 view .LVU140
 430 00ca 4562     		str	r5, [r0, #36]
 168:Src/usart.c   ****     {
 431              		.loc 1 168 5 is_stmt 1 view .LVU141
ARM GAS  C:\Users\nicai\AppData\Local\Temp\ccbIkq6a.s 			page 15


 168:Src/usart.c   ****     {
 432              		.loc 1 168 9 is_stmt 0 view .LVU142
 433 00cc FFF7FEFF 		bl	HAL_DMA_Init
 434              	.LVL12:
 168:Src/usart.c   ****     {
 435              		.loc 1 168 8 view .LVU143
 436 00d0 20BB     		cbnz	r0, .L32
 437              	.L21:
 173:Src/usart.c   **** 
 438              		.loc 1 173 5 is_stmt 1 view .LVU144
 173:Src/usart.c   **** 
 439              		.loc 1 173 5 view .LVU145
 440 00d2 724B     		ldr	r3, .L37+24
 441 00d4 A363     		str	r3, [r4, #56]
 173:Src/usart.c   **** 
 442              		.loc 1 173 5 view .LVU146
 443 00d6 9C63     		str	r4, [r3, #56]
 173:Src/usart.c   **** 
 444              		.loc 1 173 5 view .LVU147
 176:Src/usart.c   ****     hdma_usart1_rx.Init.Channel = DMA_CHANNEL_4;
 445              		.loc 1 176 5 view .LVU148
 176:Src/usart.c   ****     hdma_usart1_rx.Init.Channel = DMA_CHANNEL_4;
 446              		.loc 1 176 29 is_stmt 0 view .LVU149
 447 00d8 7248     		ldr	r0, .L37+32
 448 00da 734B     		ldr	r3, .L37+36
 449 00dc 0360     		str	r3, [r0]
 177:Src/usart.c   ****     hdma_usart1_rx.Init.Direction = DMA_PERIPH_TO_MEMORY;
 450              		.loc 1 177 5 is_stmt 1 view .LVU150
 177:Src/usart.c   ****     hdma_usart1_rx.Init.Direction = DMA_PERIPH_TO_MEMORY;
 451              		.loc 1 177 33 is_stmt 0 view .LVU151
 452 00de 4FF00063 		mov	r3, #134217728
 453 00e2 4360     		str	r3, [r0, #4]
 178:Src/usart.c   ****     hdma_usart1_rx.Init.PeriphInc = DMA_PINC_DISABLE;
 454              		.loc 1 178 5 is_stmt 1 view .LVU152
 178:Src/usart.c   ****     hdma_usart1_rx.Init.PeriphInc = DMA_PINC_DISABLE;
 455              		.loc 1 178 35 is_stmt 0 view .LVU153
 456 00e4 0023     		movs	r3, #0
 457 00e6 8360     		str	r3, [r0, #8]
 179:Src/usart.c   ****     hdma_usart1_rx.Init.MemInc = DMA_MINC_ENABLE;
 458              		.loc 1 179 5 is_stmt 1 view .LVU154
 179:Src/usart.c   ****     hdma_usart1_rx.Init.MemInc = DMA_MINC_ENABLE;
 459              		.loc 1 179 35 is_stmt 0 view .LVU155
 460 00e8 C360     		str	r3, [r0, #12]
 180:Src/usart.c   ****     hdma_usart1_rx.Init.PeriphDataAlignment = DMA_PDATAALIGN_BYTE;
 461              		.loc 1 180 5 is_stmt 1 view .LVU156
 180:Src/usart.c   ****     hdma_usart1_rx.Init.PeriphDataAlignment = DMA_PDATAALIGN_BYTE;
 462              		.loc 1 180 32 is_stmt 0 view .LVU157
 463 00ea 4FF48062 		mov	r2, #1024
 464 00ee 0261     		str	r2, [r0, #16]
 181:Src/usart.c   ****     hdma_usart1_rx.Init.MemDataAlignment = DMA_MDATAALIGN_BYTE;
 465              		.loc 1 181 5 is_stmt 1 view .LVU158
 181:Src/usart.c   ****     hdma_usart1_rx.Init.MemDataAlignment = DMA_MDATAALIGN_BYTE;
 466              		.loc 1 181 45 is_stmt 0 view .LVU159
 467 00f0 4361     		str	r3, [r0, #20]
 182:Src/usart.c   ****     hdma_usart1_rx.Init.Mode = DMA_CIRCULAR;
 468              		.loc 1 182 5 is_stmt 1 view .LVU160
 182:Src/usart.c   ****     hdma_usart1_rx.Init.Mode = DMA_CIRCULAR;
ARM GAS  C:\Users\nicai\AppData\Local\Temp\ccbIkq6a.s 			page 16


 469              		.loc 1 182 42 is_stmt 0 view .LVU161
 470 00f2 8361     		str	r3, [r0, #24]
 183:Src/usart.c   ****     hdma_usart1_rx.Init.Priority = DMA_PRIORITY_LOW;
 471              		.loc 1 183 5 is_stmt 1 view .LVU162
 183:Src/usart.c   ****     hdma_usart1_rx.Init.Priority = DMA_PRIORITY_LOW;
 472              		.loc 1 183 30 is_stmt 0 view .LVU163
 473 00f4 4FF48072 		mov	r2, #256
 474 00f8 C261     		str	r2, [r0, #28]
 184:Src/usart.c   ****     hdma_usart1_rx.Init.FIFOMode = DMA_FIFOMODE_DISABLE;
 475              		.loc 1 184 5 is_stmt 1 view .LVU164
 184:Src/usart.c   ****     hdma_usart1_rx.Init.FIFOMode = DMA_FIFOMODE_DISABLE;
 476              		.loc 1 184 34 is_stmt 0 view .LVU165
 477 00fa 0362     		str	r3, [r0, #32]
 185:Src/usart.c   ****     if (HAL_DMA_Init(&hdma_usart1_rx) != HAL_OK)
 478              		.loc 1 185 5 is_stmt 1 view .LVU166
 185:Src/usart.c   ****     if (HAL_DMA_Init(&hdma_usart1_rx) != HAL_OK)
 479              		.loc 1 185 34 is_stmt 0 view .LVU167
 480 00fc 4362     		str	r3, [r0, #36]
 186:Src/usart.c   ****     {
 481              		.loc 1 186 5 is_stmt 1 view .LVU168
 186:Src/usart.c   ****     {
 482              		.loc 1 186 9 is_stmt 0 view .LVU169
 483 00fe FFF7FEFF 		bl	HAL_DMA_Init
 484              	.LVL13:
 186:Src/usart.c   ****     {
 485              		.loc 1 186 8 view .LVU170
 486 0102 70B9     		cbnz	r0, .L33
 487              	.L22:
 191:Src/usart.c   **** 
 488              		.loc 1 191 5 is_stmt 1 view .LVU171
 191:Src/usart.c   **** 
 489              		.loc 1 191 5 view .LVU172
 490 0104 674B     		ldr	r3, .L37+32
 491 0106 E363     		str	r3, [r4, #60]
 191:Src/usart.c   **** 
 492              		.loc 1 191 5 view .LVU173
 493 0108 9C63     		str	r4, [r3, #56]
 191:Src/usart.c   **** 
 494              		.loc 1 191 5 view .LVU174
 194:Src/usart.c   ****     HAL_NVIC_EnableIRQ(USART1_IRQn);
 495              		.loc 1 194 5 view .LVU175
 496 010a 0022     		movs	r2, #0
 497 010c 0521     		movs	r1, #5
 498 010e 2520     		movs	r0, #37
 499 0110 FFF7FEFF 		bl	HAL_NVIC_SetPriority
 500              	.LVL14:
 195:Src/usart.c   ****   /* USER CODE BEGIN USART1_MspInit 1 */
 501              		.loc 1 195 5 view .LVU176
 502 0114 2520     		movs	r0, #37
 503 0116 FFF7FEFF 		bl	HAL_NVIC_EnableIRQ
 504              	.LVL15:
 505 011a 87E7     		b	.L19
 506              	.L32:
 170:Src/usart.c   ****     }
 507              		.loc 1 170 7 view .LVU177
 508 011c FFF7FEFF 		bl	Error_Handler
 509              	.LVL16:
ARM GAS  C:\Users\nicai\AppData\Local\Temp\ccbIkq6a.s 			page 17


 510 0120 D7E7     		b	.L21
 511              	.L33:
 188:Src/usart.c   ****     }
 512              		.loc 1 188 7 view .LVU178
 513 0122 FFF7FEFF 		bl	Error_Handler
 514              	.LVL17:
 515 0126 EDE7     		b	.L22
 516              	.LVL18:
 517              	.L30:
 206:Src/usart.c   **** 
 518              		.loc 1 206 5 view .LVU179
 519              	.LBB5:
 206:Src/usart.c   **** 
 520              		.loc 1 206 5 view .LVU180
 521 0128 0025     		movs	r5, #0
 522 012a 0395     		str	r5, [sp, #12]
 206:Src/usart.c   **** 
 523              		.loc 1 206 5 view .LVU181
 524 012c 584B     		ldr	r3, .L37+12
 525 012e 1A6C     		ldr	r2, [r3, #64]
 526 0130 42F48022 		orr	r2, r2, #262144
 527 0134 1A64     		str	r2, [r3, #64]
 206:Src/usart.c   **** 
 528              		.loc 1 206 5 view .LVU182
 529 0136 1A6C     		ldr	r2, [r3, #64]
 530 0138 02F48022 		and	r2, r2, #262144
 531 013c 0392     		str	r2, [sp, #12]
 206:Src/usart.c   **** 
 532              		.loc 1 206 5 view .LVU183
 533 013e 039A     		ldr	r2, [sp, #12]
 534              	.LBE5:
 206:Src/usart.c   **** 
 535              		.loc 1 206 5 view .LVU184
 208:Src/usart.c   ****     /**USART3 GPIO Configuration
 536              		.loc 1 208 5 view .LVU185
 537              	.LBB6:
 208:Src/usart.c   ****     /**USART3 GPIO Configuration
 538              		.loc 1 208 5 view .LVU186
 539 0140 0495     		str	r5, [sp, #16]
 208:Src/usart.c   ****     /**USART3 GPIO Configuration
 540              		.loc 1 208 5 view .LVU187
 541 0142 1A6B     		ldr	r2, [r3, #48]
 542 0144 42F00402 		orr	r2, r2, #4
 543 0148 1A63     		str	r2, [r3, #48]
 208:Src/usart.c   ****     /**USART3 GPIO Configuration
 544              		.loc 1 208 5 view .LVU188
 545 014a 1B6B     		ldr	r3, [r3, #48]
 546 014c 03F00403 		and	r3, r3, #4
 547 0150 0493     		str	r3, [sp, #16]
 208:Src/usart.c   ****     /**USART3 GPIO Configuration
 548              		.loc 1 208 5 view .LVU189
 549 0152 049B     		ldr	r3, [sp, #16]
 550              	.LBE6:
 208:Src/usart.c   ****     /**USART3 GPIO Configuration
 551              		.loc 1 208 5 view .LVU190
 213:Src/usart.c   ****     GPIO_InitStruct.Mode = GPIO_MODE_AF_PP;
 552              		.loc 1 213 5 view .LVU191
ARM GAS  C:\Users\nicai\AppData\Local\Temp\ccbIkq6a.s 			page 18


 213:Src/usart.c   ****     GPIO_InitStruct.Mode = GPIO_MODE_AF_PP;
 553              		.loc 1 213 25 is_stmt 0 view .LVU192
 554 0154 4FF44063 		mov	r3, #3072
 555 0158 0793     		str	r3, [sp, #28]
 214:Src/usart.c   ****     GPIO_InitStruct.Pull = GPIO_NOPULL;
 556              		.loc 1 214 5 is_stmt 1 view .LVU193
 214:Src/usart.c   ****     GPIO_InitStruct.Pull = GPIO_NOPULL;
 557              		.loc 1 214 26 is_stmt 0 view .LVU194
 558 015a 0223     		movs	r3, #2
 559 015c 0893     		str	r3, [sp, #32]
 215:Src/usart.c   ****     GPIO_InitStruct.Speed = GPIO_SPEED_FREQ_VERY_HIGH;
 560              		.loc 1 215 5 is_stmt 1 view .LVU195
 216:Src/usart.c   ****     GPIO_InitStruct.Alternate = GPIO_AF7_USART3;
 561              		.loc 1 216 5 view .LVU196
 216:Src/usart.c   ****     GPIO_InitStruct.Alternate = GPIO_AF7_USART3;
 562              		.loc 1 216 27 is_stmt 0 view .LVU197
 563 015e 0323     		movs	r3, #3
 564 0160 0A93     		str	r3, [sp, #40]
 217:Src/usart.c   ****     HAL_GPIO_Init(GPIOC, &GPIO_InitStruct);
 565              		.loc 1 217 5 is_stmt 1 view .LVU198
 217:Src/usart.c   ****     HAL_GPIO_Init(GPIOC, &GPIO_InitStruct);
 566              		.loc 1 217 31 is_stmt 0 view .LVU199
 567 0162 0723     		movs	r3, #7
 568 0164 0B93     		str	r3, [sp, #44]
 218:Src/usart.c   **** 
 569              		.loc 1 218 5 is_stmt 1 view .LVU200
 570 0166 07A9     		add	r1, sp, #28
 571 0168 5048     		ldr	r0, .L37+40
 572              	.LVL19:
 218:Src/usart.c   **** 
 573              		.loc 1 218 5 is_stmt 0 view .LVU201
 574 016a FFF7FEFF 		bl	HAL_GPIO_Init
 575              	.LVL20:
 222:Src/usart.c   ****     hdma_usart3_rx.Init.Channel = DMA_CHANNEL_4;
 576              		.loc 1 222 5 is_stmt 1 view .LVU202
 222:Src/usart.c   ****     hdma_usart3_rx.Init.Channel = DMA_CHANNEL_4;
 577              		.loc 1 222 29 is_stmt 0 view .LVU203
 578 016e 5048     		ldr	r0, .L37+44
 579 0170 504B     		ldr	r3, .L37+48
 580 0172 0360     		str	r3, [r0]
 223:Src/usart.c   ****     hdma_usart3_rx.Init.Direction = DMA_PERIPH_TO_MEMORY;
 581              		.loc 1 223 5 is_stmt 1 view .LVU204
 223:Src/usart.c   ****     hdma_usart3_rx.Init.Direction = DMA_PERIPH_TO_MEMORY;
 582              		.loc 1 223 33 is_stmt 0 view .LVU205
 583 0174 4FF00063 		mov	r3, #134217728
 584 0178 4360     		str	r3, [r0, #4]
 224:Src/usart.c   ****     hdma_usart3_rx.Init.PeriphInc = DMA_PINC_DISABLE;
 585              		.loc 1 224 5 is_stmt 1 view .LVU206
 224:Src/usart.c   ****     hdma_usart3_rx.Init.PeriphInc = DMA_PINC_DISABLE;
 586              		.loc 1 224 35 is_stmt 0 view .LVU207
 587 017a 8560     		str	r5, [r0, #8]
 225:Src/usart.c   ****     hdma_usart3_rx.Init.MemInc = DMA_MINC_ENABLE;
 588              		.loc 1 225 5 is_stmt 1 view .LVU208
 225:Src/usart.c   ****     hdma_usart3_rx.Init.MemInc = DMA_MINC_ENABLE;
 589              		.loc 1 225 35 is_stmt 0 view .LVU209
 590 017c C560     		str	r5, [r0, #12]
 226:Src/usart.c   ****     hdma_usart3_rx.Init.PeriphDataAlignment = DMA_PDATAALIGN_BYTE;
ARM GAS  C:\Users\nicai\AppData\Local\Temp\ccbIkq6a.s 			page 19


 591              		.loc 1 226 5 is_stmt 1 view .LVU210
 226:Src/usart.c   ****     hdma_usart3_rx.Init.PeriphDataAlignment = DMA_PDATAALIGN_BYTE;
 592              		.loc 1 226 32 is_stmt 0 view .LVU211
 593 017e 4FF48063 		mov	r3, #1024
 594 0182 0361     		str	r3, [r0, #16]
 227:Src/usart.c   ****     hdma_usart3_rx.Init.MemDataAlignment = DMA_MDATAALIGN_BYTE;
 595              		.loc 1 227 5 is_stmt 1 view .LVU212
 227:Src/usart.c   ****     hdma_usart3_rx.Init.MemDataAlignment = DMA_MDATAALIGN_BYTE;
 596              		.loc 1 227 45 is_stmt 0 view .LVU213
 597 0184 4561     		str	r5, [r0, #20]
 228:Src/usart.c   ****     hdma_usart3_rx.Init.Mode = DMA_CIRCULAR;
 598              		.loc 1 228 5 is_stmt 1 view .LVU214
 228:Src/usart.c   ****     hdma_usart3_rx.Init.Mode = DMA_CIRCULAR;
 599              		.loc 1 228 42 is_stmt 0 view .LVU215
 600 0186 8561     		str	r5, [r0, #24]
 229:Src/usart.c   ****     hdma_usart3_rx.Init.Priority = DMA_PRIORITY_HIGH;
 601              		.loc 1 229 5 is_stmt 1 view .LVU216
 229:Src/usart.c   ****     hdma_usart3_rx.Init.Priority = DMA_PRIORITY_HIGH;
 602              		.loc 1 229 30 is_stmt 0 view .LVU217
 603 0188 4FF48073 		mov	r3, #256
 604 018c C361     		str	r3, [r0, #28]
 230:Src/usart.c   ****     hdma_usart3_rx.Init.FIFOMode = DMA_FIFOMODE_DISABLE;
 605              		.loc 1 230 5 is_stmt 1 view .LVU218
 230:Src/usart.c   ****     hdma_usart3_rx.Init.FIFOMode = DMA_FIFOMODE_DISABLE;
 606              		.loc 1 230 34 is_stmt 0 view .LVU219
 607 018e 4FF40033 		mov	r3, #131072
 608 0192 0362     		str	r3, [r0, #32]
 231:Src/usart.c   ****     if (HAL_DMA_Init(&hdma_usart3_rx) != HAL_OK)
 609              		.loc 1 231 5 is_stmt 1 view .LVU220
 231:Src/usart.c   ****     if (HAL_DMA_Init(&hdma_usart3_rx) != HAL_OK)
 610              		.loc 1 231 34 is_stmt 0 view .LVU221
 611 0194 4562     		str	r5, [r0, #36]
 232:Src/usart.c   ****     {
 612              		.loc 1 232 5 is_stmt 1 view .LVU222
 232:Src/usart.c   ****     {
 613              		.loc 1 232 9 is_stmt 0 view .LVU223
 614 0196 FFF7FEFF 		bl	HAL_DMA_Init
 615              	.LVL21:
 232:Src/usart.c   ****     {
 616              		.loc 1 232 8 view .LVU224
 617 019a 58B9     		cbnz	r0, .L34
 618              	.L25:
 237:Src/usart.c   **** 
 619              		.loc 1 237 5 is_stmt 1 view .LVU225
 237:Src/usart.c   **** 
 620              		.loc 1 237 5 view .LVU226
 621 019c 444B     		ldr	r3, .L37+44
 622 019e E363     		str	r3, [r4, #60]
 237:Src/usart.c   **** 
 623              		.loc 1 237 5 view .LVU227
 624 01a0 9C63     		str	r4, [r3, #56]
 237:Src/usart.c   **** 
 625              		.loc 1 237 5 view .LVU228
 240:Src/usart.c   ****     HAL_NVIC_EnableIRQ(USART3_IRQn);
 626              		.loc 1 240 5 view .LVU229
 627 01a2 0022     		movs	r2, #0
 628 01a4 0421     		movs	r1, #4
ARM GAS  C:\Users\nicai\AppData\Local\Temp\ccbIkq6a.s 			page 20


 629 01a6 2720     		movs	r0, #39
 630 01a8 FFF7FEFF 		bl	HAL_NVIC_SetPriority
 631              	.LVL22:
 241:Src/usart.c   ****   /* USER CODE BEGIN USART3_MspInit 1 */
 632              		.loc 1 241 5 view .LVU230
 633 01ac 2720     		movs	r0, #39
 634 01ae FFF7FEFF 		bl	HAL_NVIC_EnableIRQ
 635              	.LVL23:
 636 01b2 3BE7     		b	.L19
 637              	.L34:
 234:Src/usart.c   ****     }
 638              		.loc 1 234 7 view .LVU231
 639 01b4 FFF7FEFF 		bl	Error_Handler
 640              	.LVL24:
 641 01b8 F0E7     		b	.L25
 642              	.LVL25:
 643              	.L31:
 252:Src/usart.c   **** 
 644              		.loc 1 252 5 view .LVU232
 645              	.LBB7:
 252:Src/usart.c   **** 
 646              		.loc 1 252 5 view .LVU233
 647 01ba 0025     		movs	r5, #0
 648 01bc 0595     		str	r5, [sp, #20]
 252:Src/usart.c   **** 
 649              		.loc 1 252 5 view .LVU234
 650 01be 344B     		ldr	r3, .L37+12
 651 01c0 5A6C     		ldr	r2, [r3, #68]
 652 01c2 42F02002 		orr	r2, r2, #32
 653 01c6 5A64     		str	r2, [r3, #68]
 252:Src/usart.c   **** 
 654              		.loc 1 252 5 view .LVU235
 655 01c8 5A6C     		ldr	r2, [r3, #68]
 656 01ca 02F02002 		and	r2, r2, #32
 657 01ce 0592     		str	r2, [sp, #20]
 252:Src/usart.c   **** 
 658              		.loc 1 252 5 view .LVU236
 659 01d0 059A     		ldr	r2, [sp, #20]
 660              	.LBE7:
 252:Src/usart.c   **** 
 661              		.loc 1 252 5 view .LVU237
 254:Src/usart.c   ****     /**USART6 GPIO Configuration
 662              		.loc 1 254 5 view .LVU238
 663              	.LBB8:
 254:Src/usart.c   ****     /**USART6 GPIO Configuration
 664              		.loc 1 254 5 view .LVU239
 665 01d2 0695     		str	r5, [sp, #24]
 254:Src/usart.c   ****     /**USART6 GPIO Configuration
 666              		.loc 1 254 5 view .LVU240
 667 01d4 1A6B     		ldr	r2, [r3, #48]
 668 01d6 42F04002 		orr	r2, r2, #64
 669 01da 1A63     		str	r2, [r3, #48]
 254:Src/usart.c   ****     /**USART6 GPIO Configuration
 670              		.loc 1 254 5 view .LVU241
 671 01dc 1B6B     		ldr	r3, [r3, #48]
 672 01de 03F04003 		and	r3, r3, #64
 673 01e2 0693     		str	r3, [sp, #24]
ARM GAS  C:\Users\nicai\AppData\Local\Temp\ccbIkq6a.s 			page 21


 254:Src/usart.c   ****     /**USART6 GPIO Configuration
 674              		.loc 1 254 5 view .LVU242
 675 01e4 069B     		ldr	r3, [sp, #24]
 676              	.LBE8:
 254:Src/usart.c   ****     /**USART6 GPIO Configuration
 677              		.loc 1 254 5 view .LVU243
 259:Src/usart.c   ****     GPIO_InitStruct.Mode = GPIO_MODE_AF_PP;
 678              		.loc 1 259 5 view .LVU244
 259:Src/usart.c   ****     GPIO_InitStruct.Mode = GPIO_MODE_AF_PP;
 679              		.loc 1 259 25 is_stmt 0 view .LVU245
 680 01e6 4FF48443 		mov	r3, #16896
 681 01ea 0793     		str	r3, [sp, #28]
 260:Src/usart.c   ****     GPIO_InitStruct.Pull = GPIO_NOPULL;
 682              		.loc 1 260 5 is_stmt 1 view .LVU246
 260:Src/usart.c   ****     GPIO_InitStruct.Pull = GPIO_NOPULL;
 683              		.loc 1 260 26 is_stmt 0 view .LVU247
 684 01ec 0223     		movs	r3, #2
 685 01ee 0893     		str	r3, [sp, #32]
 261:Src/usart.c   ****     GPIO_InitStruct.Speed = GPIO_SPEED_FREQ_VERY_HIGH;
 686              		.loc 1 261 5 is_stmt 1 view .LVU248
 262:Src/usart.c   ****     GPIO_InitStruct.Alternate = GPIO_AF8_USART6;
 687              		.loc 1 262 5 view .LVU249
 262:Src/usart.c   ****     GPIO_InitStruct.Alternate = GPIO_AF8_USART6;
 688              		.loc 1 262 27 is_stmt 0 view .LVU250
 689 01f0 0323     		movs	r3, #3
 690 01f2 0A93     		str	r3, [sp, #40]
 263:Src/usart.c   ****     HAL_GPIO_Init(GPIOG, &GPIO_InitStruct);
 691              		.loc 1 263 5 is_stmt 1 view .LVU251
 263:Src/usart.c   ****     HAL_GPIO_Init(GPIOG, &GPIO_InitStruct);
 692              		.loc 1 263 31 is_stmt 0 view .LVU252
 693 01f4 0823     		movs	r3, #8
 694 01f6 0B93     		str	r3, [sp, #44]
 264:Src/usart.c   **** 
 695              		.loc 1 264 5 is_stmt 1 view .LVU253
 696 01f8 07A9     		add	r1, sp, #28
 697 01fa 2F48     		ldr	r0, .L37+52
 698              	.LVL26:
 264:Src/usart.c   **** 
 699              		.loc 1 264 5 is_stmt 0 view .LVU254
 700 01fc FFF7FEFF 		bl	HAL_GPIO_Init
 701              	.LVL27:
 268:Src/usart.c   ****     hdma_usart6_tx.Init.Channel = DMA_CHANNEL_5;
 702              		.loc 1 268 5 is_stmt 1 view .LVU255
 268:Src/usart.c   ****     hdma_usart6_tx.Init.Channel = DMA_CHANNEL_5;
 703              		.loc 1 268 29 is_stmt 0 view .LVU256
 704 0200 2E48     		ldr	r0, .L37+56
 705 0202 2F4B     		ldr	r3, .L37+60
 706 0204 0360     		str	r3, [r0]
 269:Src/usart.c   ****     hdma_usart6_tx.Init.Direction = DMA_MEMORY_TO_PERIPH;
 707              		.loc 1 269 5 is_stmt 1 view .LVU257
 269:Src/usart.c   ****     hdma_usart6_tx.Init.Direction = DMA_MEMORY_TO_PERIPH;
 708              		.loc 1 269 33 is_stmt 0 view .LVU258
 709 0206 4FF02063 		mov	r3, #167772160
 710 020a 4360     		str	r3, [r0, #4]
 270:Src/usart.c   ****     hdma_usart6_tx.Init.PeriphInc = DMA_PINC_DISABLE;
 711              		.loc 1 270 5 is_stmt 1 view .LVU259
 270:Src/usart.c   ****     hdma_usart6_tx.Init.PeriphInc = DMA_PINC_DISABLE;
ARM GAS  C:\Users\nicai\AppData\Local\Temp\ccbIkq6a.s 			page 22


 712              		.loc 1 270 35 is_stmt 0 view .LVU260
 713 020c 4023     		movs	r3, #64
 714 020e 8360     		str	r3, [r0, #8]
 271:Src/usart.c   ****     hdma_usart6_tx.Init.MemInc = DMA_MINC_ENABLE;
 715              		.loc 1 271 5 is_stmt 1 view .LVU261
 271:Src/usart.c   ****     hdma_usart6_tx.Init.MemInc = DMA_MINC_ENABLE;
 716              		.loc 1 271 35 is_stmt 0 view .LVU262
 717 0210 C560     		str	r5, [r0, #12]
 272:Src/usart.c   ****     hdma_usart6_tx.Init.PeriphDataAlignment = DMA_PDATAALIGN_BYTE;
 718              		.loc 1 272 5 is_stmt 1 view .LVU263
 272:Src/usart.c   ****     hdma_usart6_tx.Init.PeriphDataAlignment = DMA_PDATAALIGN_BYTE;
 719              		.loc 1 272 32 is_stmt 0 view .LVU264
 720 0212 4FF48063 		mov	r3, #1024
 721 0216 0361     		str	r3, [r0, #16]
 273:Src/usart.c   ****     hdma_usart6_tx.Init.MemDataAlignment = DMA_MDATAALIGN_BYTE;
 722              		.loc 1 273 5 is_stmt 1 view .LVU265
 273:Src/usart.c   ****     hdma_usart6_tx.Init.MemDataAlignment = DMA_MDATAALIGN_BYTE;
 723              		.loc 1 273 45 is_stmt 0 view .LVU266
 724 0218 4561     		str	r5, [r0, #20]
 274:Src/usart.c   ****     hdma_usart6_tx.Init.Mode = DMA_NORMAL;
 725              		.loc 1 274 5 is_stmt 1 view .LVU267
 274:Src/usart.c   ****     hdma_usart6_tx.Init.Mode = DMA_NORMAL;
 726              		.loc 1 274 42 is_stmt 0 view .LVU268
 727 021a 8561     		str	r5, [r0, #24]
 275:Src/usart.c   ****     hdma_usart6_tx.Init.Priority = DMA_PRIORITY_MEDIUM;
 728              		.loc 1 275 5 is_stmt 1 view .LVU269
 275:Src/usart.c   ****     hdma_usart6_tx.Init.Priority = DMA_PRIORITY_MEDIUM;
 729              		.loc 1 275 30 is_stmt 0 view .LVU270
 730 021c C561     		str	r5, [r0, #28]
 276:Src/usart.c   ****     hdma_usart6_tx.Init.FIFOMode = DMA_FIFOMODE_DISABLE;
 731              		.loc 1 276 5 is_stmt 1 view .LVU271
 276:Src/usart.c   ****     hdma_usart6_tx.Init.FIFOMode = DMA_FIFOMODE_DISABLE;
 732              		.loc 1 276 34 is_stmt 0 view .LVU272
 733 021e 4FF48033 		mov	r3, #65536
 734 0222 0362     		str	r3, [r0, #32]
 277:Src/usart.c   ****     if (HAL_DMA_Init(&hdma_usart6_tx) != HAL_OK)
 735              		.loc 1 277 5 is_stmt 1 view .LVU273
 277:Src/usart.c   ****     if (HAL_DMA_Init(&hdma_usart6_tx) != HAL_OK)
 736              		.loc 1 277 34 is_stmt 0 view .LVU274
 737 0224 4562     		str	r5, [r0, #36]
 278:Src/usart.c   ****     {
 738              		.loc 1 278 5 is_stmt 1 view .LVU275
 278:Src/usart.c   ****     {
 739              		.loc 1 278 9 is_stmt 0 view .LVU276
 740 0226 FFF7FEFF 		bl	HAL_DMA_Init
 741              	.LVL28:
 278:Src/usart.c   ****     {
 742              		.loc 1 278 8 view .LVU277
 743 022a 20BB     		cbnz	r0, .L35
 744              	.L26:
 283:Src/usart.c   **** 
 745              		.loc 1 283 5 is_stmt 1 view .LVU278
 283:Src/usart.c   **** 
 746              		.loc 1 283 5 view .LVU279
 747 022c 234B     		ldr	r3, .L37+56
 748 022e A363     		str	r3, [r4, #56]
 283:Src/usart.c   **** 
ARM GAS  C:\Users\nicai\AppData\Local\Temp\ccbIkq6a.s 			page 23


 749              		.loc 1 283 5 view .LVU280
 750 0230 9C63     		str	r4, [r3, #56]
 283:Src/usart.c   **** 
 751              		.loc 1 283 5 view .LVU281
 286:Src/usart.c   ****     hdma_usart6_rx.Init.Channel = DMA_CHANNEL_5;
 752              		.loc 1 286 5 view .LVU282
 286:Src/usart.c   ****     hdma_usart6_rx.Init.Channel = DMA_CHANNEL_5;
 753              		.loc 1 286 29 is_stmt 0 view .LVU283
 754 0232 2448     		ldr	r0, .L37+64
 755 0234 244B     		ldr	r3, .L37+68
 756 0236 0360     		str	r3, [r0]
 287:Src/usart.c   ****     hdma_usart6_rx.Init.Direction = DMA_PERIPH_TO_MEMORY;
 757              		.loc 1 287 5 is_stmt 1 view .LVU284
 287:Src/usart.c   ****     hdma_usart6_rx.Init.Direction = DMA_PERIPH_TO_MEMORY;
 758              		.loc 1 287 33 is_stmt 0 view .LVU285
 759 0238 4FF02063 		mov	r3, #167772160
 760 023c 4360     		str	r3, [r0, #4]
 288:Src/usart.c   ****     hdma_usart6_rx.Init.PeriphInc = DMA_PINC_DISABLE;
 761              		.loc 1 288 5 is_stmt 1 view .LVU286
 288:Src/usart.c   ****     hdma_usart6_rx.Init.PeriphInc = DMA_PINC_DISABLE;
 762              		.loc 1 288 35 is_stmt 0 view .LVU287
 763 023e 0023     		movs	r3, #0
 764 0240 8360     		str	r3, [r0, #8]
 289:Src/usart.c   ****     hdma_usart6_rx.Init.MemInc = DMA_MINC_ENABLE;
 765              		.loc 1 289 5 is_stmt 1 view .LVU288
 289:Src/usart.c   ****     hdma_usart6_rx.Init.MemInc = DMA_MINC_ENABLE;
 766              		.loc 1 289 35 is_stmt 0 view .LVU289
 767 0242 C360     		str	r3, [r0, #12]
 290:Src/usart.c   ****     hdma_usart6_rx.Init.PeriphDataAlignment = DMA_PDATAALIGN_BYTE;
 768              		.loc 1 290 5 is_stmt 1 view .LVU290
 290:Src/usart.c   ****     hdma_usart6_rx.Init.PeriphDataAlignment = DMA_PDATAALIGN_BYTE;
 769              		.loc 1 290 32 is_stmt 0 view .LVU291
 770 0244 4FF48062 		mov	r2, #1024
 771 0248 0261     		str	r2, [r0, #16]
 291:Src/usart.c   ****     hdma_usart6_rx.Init.MemDataAlignment = DMA_MDATAALIGN_BYTE;
 772              		.loc 1 291 5 is_stmt 1 view .LVU292
 291:Src/usart.c   ****     hdma_usart6_rx.Init.MemDataAlignment = DMA_MDATAALIGN_BYTE;
 773              		.loc 1 291 45 is_stmt 0 view .LVU293
 774 024a 4361     		str	r3, [r0, #20]
 292:Src/usart.c   ****     hdma_usart6_rx.Init.Mode = DMA_CIRCULAR;
 775              		.loc 1 292 5 is_stmt 1 view .LVU294
 292:Src/usart.c   ****     hdma_usart6_rx.Init.Mode = DMA_CIRCULAR;
 776              		.loc 1 292 42 is_stmt 0 view .LVU295
 777 024c 8361     		str	r3, [r0, #24]
 293:Src/usart.c   ****     hdma_usart6_rx.Init.Priority = DMA_PRIORITY_LOW;
 778              		.loc 1 293 5 is_stmt 1 view .LVU296
 293:Src/usart.c   ****     hdma_usart6_rx.Init.Priority = DMA_PRIORITY_LOW;
 779              		.loc 1 293 30 is_stmt 0 view .LVU297
 780 024e 4FF48072 		mov	r2, #256
 781 0252 C261     		str	r2, [r0, #28]
 294:Src/usart.c   ****     hdma_usart6_rx.Init.FIFOMode = DMA_FIFOMODE_DISABLE;
 782              		.loc 1 294 5 is_stmt 1 view .LVU298
 294:Src/usart.c   ****     hdma_usart6_rx.Init.FIFOMode = DMA_FIFOMODE_DISABLE;
 783              		.loc 1 294 34 is_stmt 0 view .LVU299
 784 0254 0362     		str	r3, [r0, #32]
 295:Src/usart.c   ****     if (HAL_DMA_Init(&hdma_usart6_rx) != HAL_OK)
 785              		.loc 1 295 5 is_stmt 1 view .LVU300
ARM GAS  C:\Users\nicai\AppData\Local\Temp\ccbIkq6a.s 			page 24


 295:Src/usart.c   ****     if (HAL_DMA_Init(&hdma_usart6_rx) != HAL_OK)
 786              		.loc 1 295 34 is_stmt 0 view .LVU301
 787 0256 4362     		str	r3, [r0, #36]
 296:Src/usart.c   ****     {
 788              		.loc 1 296 5 is_stmt 1 view .LVU302
 296:Src/usart.c   ****     {
 789              		.loc 1 296 9 is_stmt 0 view .LVU303
 790 0258 FFF7FEFF 		bl	HAL_DMA_Init
 791              	.LVL29:
 296:Src/usart.c   ****     {
 792              		.loc 1 296 8 view .LVU304
 793 025c 70B9     		cbnz	r0, .L36
 794              	.L27:
 301:Src/usart.c   **** 
 795              		.loc 1 301 5 is_stmt 1 view .LVU305
 301:Src/usart.c   **** 
 796              		.loc 1 301 5 view .LVU306
 797 025e 194B     		ldr	r3, .L37+64
 798 0260 E363     		str	r3, [r4, #60]
 301:Src/usart.c   **** 
 799              		.loc 1 301 5 view .LVU307
 800 0262 9C63     		str	r4, [r3, #56]
 301:Src/usart.c   **** 
 801              		.loc 1 301 5 view .LVU308
 304:Src/usart.c   ****     HAL_NVIC_EnableIRQ(USART6_IRQn);
 802              		.loc 1 304 5 view .LVU309
 803 0264 0022     		movs	r2, #0
 804 0266 0521     		movs	r1, #5
 805 0268 4720     		movs	r0, #71
 806 026a FFF7FEFF 		bl	HAL_NVIC_SetPriority
 807              	.LVL30:
 305:Src/usart.c   ****   /* USER CODE BEGIN USART6_MspInit 1 */
 808              		.loc 1 305 5 view .LVU310
 809 026e 4720     		movs	r0, #71
 810 0270 FFF7FEFF 		bl	HAL_NVIC_EnableIRQ
 811              	.LVL31:
 812              		.loc 1 310 1 is_stmt 0 view .LVU311
 813 0274 DAE6     		b	.L19
 814              	.L35:
 280:Src/usart.c   ****     }
 815              		.loc 1 280 7 is_stmt 1 view .LVU312
 816 0276 FFF7FEFF 		bl	Error_Handler
 817              	.LVL32:
 818 027a D7E7     		b	.L26
 819              	.L36:
 298:Src/usart.c   ****     }
 820              		.loc 1 298 7 view .LVU313
 821 027c FFF7FEFF 		bl	Error_Handler
 822              	.LVL33:
 823 0280 EDE7     		b	.L27
 824              	.L38:
 825 0282 00BF     		.align	2
 826              	.L37:
 827 0284 00100140 		.word	1073811456
 828 0288 00480040 		.word	1073760256
 829 028c 00140140 		.word	1073812480
 830 0290 00380240 		.word	1073887232
ARM GAS  C:\Users\nicai\AppData\Local\Temp\ccbIkq6a.s 			page 25


 831 0294 00040240 		.word	1073873920
 832 0298 00000240 		.word	1073872896
 833 029c 00000000 		.word	hdma_usart1_tx
 834 02a0 B8640240 		.word	1073898680
 835 02a4 00000000 		.word	hdma_usart1_rx
 836 02a8 88640240 		.word	1073898632
 837 02ac 00080240 		.word	1073874944
 838 02b0 00000000 		.word	hdma_usart3_rx
 839 02b4 28600240 		.word	1073897512
 840 02b8 00180240 		.word	1073879040
 841 02bc 00000000 		.word	hdma_usart6_tx
 842 02c0 A0640240 		.word	1073898656
 843 02c4 00000000 		.word	hdma_usart6_rx
 844 02c8 28640240 		.word	1073898536
 845              		.cfi_endproc
 846              	.LFE137:
 848              		.section	.text.HAL_UART_MspDeInit,"ax",%progbits
 849              		.align	1
 850              		.global	HAL_UART_MspDeInit
 851              		.syntax unified
 852              		.thumb
 853              		.thumb_func
 855              	HAL_UART_MspDeInit:
 856              	.LVL34:
 857              	.LFB138:
 311:Src/usart.c   **** 
 312:Src/usart.c   **** void HAL_UART_MspDeInit(UART_HandleTypeDef* uartHandle)
 313:Src/usart.c   **** {
 858              		.loc 1 313 1 view -0
 859              		.cfi_startproc
 860              		@ args = 0, pretend = 0, frame = 0
 861              		@ frame_needed = 0, uses_anonymous_args = 0
 862              		.loc 1 313 1 is_stmt 0 view .LVU315
 863 0000 10B5     		push	{r4, lr}
 864              	.LCFI7:
 865              		.cfi_def_cfa_offset 8
 866              		.cfi_offset 4, -8
 867              		.cfi_offset 14, -4
 868 0002 0446     		mov	r4, r0
 314:Src/usart.c   **** 
 315:Src/usart.c   ****   if(uartHandle->Instance==USART1)
 869              		.loc 1 315 3 is_stmt 1 view .LVU316
 870              		.loc 1 315 16 is_stmt 0 view .LVU317
 871 0004 0368     		ldr	r3, [r0]
 872              		.loc 1 315 5 view .LVU318
 873 0006 254A     		ldr	r2, .L47
 874 0008 9342     		cmp	r3, r2
 875 000a 06D0     		beq	.L44
 316:Src/usart.c   ****   {
 317:Src/usart.c   ****   /* USER CODE BEGIN USART1_MspDeInit 0 */
 318:Src/usart.c   **** 
 319:Src/usart.c   ****   /* USER CODE END USART1_MspDeInit 0 */
 320:Src/usart.c   ****     /* Peripheral clock disable */
 321:Src/usart.c   ****     __HAL_RCC_USART1_CLK_DISABLE();
 322:Src/usart.c   **** 
 323:Src/usart.c   ****     /**USART1 GPIO Configuration
 324:Src/usart.c   ****     PB7     ------> USART1_RX
ARM GAS  C:\Users\nicai\AppData\Local\Temp\ccbIkq6a.s 			page 26


 325:Src/usart.c   ****     PA9     ------> USART1_TX
 326:Src/usart.c   ****     */
 327:Src/usart.c   ****     HAL_GPIO_DeInit(GPIOB, GPIO_PIN_7);
 328:Src/usart.c   **** 
 329:Src/usart.c   ****     HAL_GPIO_DeInit(GPIOA, GPIO_PIN_9);
 330:Src/usart.c   **** 
 331:Src/usart.c   ****     /* USART1 DMA DeInit */
 332:Src/usart.c   ****     HAL_DMA_DeInit(uartHandle->hdmatx);
 333:Src/usart.c   ****     HAL_DMA_DeInit(uartHandle->hdmarx);
 334:Src/usart.c   **** 
 335:Src/usart.c   ****     /* USART1 interrupt Deinit */
 336:Src/usart.c   ****     HAL_NVIC_DisableIRQ(USART1_IRQn);
 337:Src/usart.c   ****   /* USER CODE BEGIN USART1_MspDeInit 1 */
 338:Src/usart.c   **** 
 339:Src/usart.c   ****   /* USER CODE END USART1_MspDeInit 1 */
 340:Src/usart.c   ****   }
 341:Src/usart.c   ****   else if(uartHandle->Instance==USART3)
 876              		.loc 1 341 8 is_stmt 1 view .LVU319
 877              		.loc 1 341 10 is_stmt 0 view .LVU320
 878 000c 244A     		ldr	r2, .L47+4
 879 000e 9342     		cmp	r3, r2
 880 0010 1CD0     		beq	.L45
 342:Src/usart.c   ****   {
 343:Src/usart.c   ****   /* USER CODE BEGIN USART3_MspDeInit 0 */
 344:Src/usart.c   **** 
 345:Src/usart.c   ****   /* USER CODE END USART3_MspDeInit 0 */
 346:Src/usart.c   ****     /* Peripheral clock disable */
 347:Src/usart.c   ****     __HAL_RCC_USART3_CLK_DISABLE();
 348:Src/usart.c   **** 
 349:Src/usart.c   ****     /**USART3 GPIO Configuration
 350:Src/usart.c   ****     PC11     ------> USART3_RX
 351:Src/usart.c   ****     PC10     ------> USART3_TX
 352:Src/usart.c   ****     */
 353:Src/usart.c   ****     HAL_GPIO_DeInit(GPIOC, GPIO_PIN_11|GPIO_PIN_10);
 354:Src/usart.c   **** 
 355:Src/usart.c   ****     /* USART3 DMA DeInit */
 356:Src/usart.c   ****     HAL_DMA_DeInit(uartHandle->hdmarx);
 357:Src/usart.c   **** 
 358:Src/usart.c   ****     /* USART3 interrupt Deinit */
 359:Src/usart.c   ****     HAL_NVIC_DisableIRQ(USART3_IRQn);
 360:Src/usart.c   ****   /* USER CODE BEGIN USART3_MspDeInit 1 */
 361:Src/usart.c   **** 
 362:Src/usart.c   ****   /* USER CODE END USART3_MspDeInit 1 */
 363:Src/usart.c   ****   }
 364:Src/usart.c   ****   else if(uartHandle->Instance==USART6)
 881              		.loc 1 364 8 is_stmt 1 view .LVU321
 882              		.loc 1 364 10 is_stmt 0 view .LVU322
 883 0012 244A     		ldr	r2, .L47+8
 884 0014 9342     		cmp	r3, r2
 885 0016 2BD0     		beq	.L46
 886              	.LVL35:
 887              	.L39:
 365:Src/usart.c   ****   {
 366:Src/usart.c   ****   /* USER CODE BEGIN USART6_MspDeInit 0 */
 367:Src/usart.c   **** 
 368:Src/usart.c   ****   /* USER CODE END USART6_MspDeInit 0 */
 369:Src/usart.c   ****     /* Peripheral clock disable */
ARM GAS  C:\Users\nicai\AppData\Local\Temp\ccbIkq6a.s 			page 27


 370:Src/usart.c   ****     __HAL_RCC_USART6_CLK_DISABLE();
 371:Src/usart.c   **** 
 372:Src/usart.c   ****     /**USART6 GPIO Configuration
 373:Src/usart.c   ****     PG14     ------> USART6_TX
 374:Src/usart.c   ****     PG9     ------> USART6_RX
 375:Src/usart.c   ****     */
 376:Src/usart.c   ****     HAL_GPIO_DeInit(GPIOG, GPIO_PIN_14|GPIO_PIN_9);
 377:Src/usart.c   **** 
 378:Src/usart.c   ****     /* USART6 DMA DeInit */
 379:Src/usart.c   ****     HAL_DMA_DeInit(uartHandle->hdmatx);
 380:Src/usart.c   ****     HAL_DMA_DeInit(uartHandle->hdmarx);
 381:Src/usart.c   **** 
 382:Src/usart.c   ****     /* USART6 interrupt Deinit */
 383:Src/usart.c   ****     HAL_NVIC_DisableIRQ(USART6_IRQn);
 384:Src/usart.c   ****   /* USER CODE BEGIN USART6_MspDeInit 1 */
 385:Src/usart.c   **** 
 386:Src/usart.c   ****   /* USER CODE END USART6_MspDeInit 1 */
 387:Src/usart.c   ****   }
 388:Src/usart.c   **** }
 888              		.loc 1 388 1 view .LVU323
 889 0018 10BD     		pop	{r4, pc}
 890              	.LVL36:
 891              	.L44:
 321:Src/usart.c   **** 
 892              		.loc 1 321 5 is_stmt 1 view .LVU324
 893 001a 02F59432 		add	r2, r2, #75776
 894 001e 536C     		ldr	r3, [r2, #68]
 895 0020 23F01003 		bic	r3, r3, #16
 896 0024 5364     		str	r3, [r2, #68]
 327:Src/usart.c   **** 
 897              		.loc 1 327 5 view .LVU325
 898 0026 8021     		movs	r1, #128
 899 0028 1F48     		ldr	r0, .L47+12
 900              	.LVL37:
 327:Src/usart.c   **** 
 901              		.loc 1 327 5 is_stmt 0 view .LVU326
 902 002a FFF7FEFF 		bl	HAL_GPIO_DeInit
 903              	.LVL38:
 329:Src/usart.c   **** 
 904              		.loc 1 329 5 is_stmt 1 view .LVU327
 905 002e 4FF40071 		mov	r1, #512
 906 0032 1E48     		ldr	r0, .L47+16
 907 0034 FFF7FEFF 		bl	HAL_GPIO_DeInit
 908              	.LVL39:
 332:Src/usart.c   ****     HAL_DMA_DeInit(uartHandle->hdmarx);
 909              		.loc 1 332 5 view .LVU328
 910 0038 A06B     		ldr	r0, [r4, #56]
 911 003a FFF7FEFF 		bl	HAL_DMA_DeInit
 912              	.LVL40:
 333:Src/usart.c   **** 
 913              		.loc 1 333 5 view .LVU329
 914 003e E06B     		ldr	r0, [r4, #60]
 915 0040 FFF7FEFF 		bl	HAL_DMA_DeInit
 916              	.LVL41:
 336:Src/usart.c   ****   /* USER CODE BEGIN USART1_MspDeInit 1 */
 917              		.loc 1 336 5 view .LVU330
 918 0044 2520     		movs	r0, #37
ARM GAS  C:\Users\nicai\AppData\Local\Temp\ccbIkq6a.s 			page 28


 919 0046 FFF7FEFF 		bl	HAL_NVIC_DisableIRQ
 920              	.LVL42:
 921 004a E5E7     		b	.L39
 922              	.LVL43:
 923              	.L45:
 347:Src/usart.c   **** 
 924              		.loc 1 347 5 view .LVU331
 925 004c 02F5F832 		add	r2, r2, #126976
 926 0050 136C     		ldr	r3, [r2, #64]
 927 0052 23F48023 		bic	r3, r3, #262144
 928 0056 1364     		str	r3, [r2, #64]
 353:Src/usart.c   **** 
 929              		.loc 1 353 5 view .LVU332
 930 0058 4FF44061 		mov	r1, #3072
 931 005c 1448     		ldr	r0, .L47+20
 932              	.LVL44:
 353:Src/usart.c   **** 
 933              		.loc 1 353 5 is_stmt 0 view .LVU333
 934 005e FFF7FEFF 		bl	HAL_GPIO_DeInit
 935              	.LVL45:
 356:Src/usart.c   **** 
 936              		.loc 1 356 5 is_stmt 1 view .LVU334
 937 0062 E06B     		ldr	r0, [r4, #60]
 938 0064 FFF7FEFF 		bl	HAL_DMA_DeInit
 939              	.LVL46:
 359:Src/usart.c   ****   /* USER CODE BEGIN USART3_MspDeInit 1 */
 940              		.loc 1 359 5 view .LVU335
 941 0068 2720     		movs	r0, #39
 942 006a FFF7FEFF 		bl	HAL_NVIC_DisableIRQ
 943              	.LVL47:
 944 006e D3E7     		b	.L39
 945              	.LVL48:
 946              	.L46:
 370:Src/usart.c   **** 
 947              		.loc 1 370 5 view .LVU336
 948 0070 02F59232 		add	r2, r2, #74752
 949 0074 536C     		ldr	r3, [r2, #68]
 950 0076 23F02003 		bic	r3, r3, #32
 951 007a 5364     		str	r3, [r2, #68]
 376:Src/usart.c   **** 
 952              		.loc 1 376 5 view .LVU337
 953 007c 4FF48441 		mov	r1, #16896
 954 0080 0C48     		ldr	r0, .L47+24
 955              	.LVL49:
 376:Src/usart.c   **** 
 956              		.loc 1 376 5 is_stmt 0 view .LVU338
 957 0082 FFF7FEFF 		bl	HAL_GPIO_DeInit
 958              	.LVL50:
 379:Src/usart.c   ****     HAL_DMA_DeInit(uartHandle->hdmarx);
 959              		.loc 1 379 5 is_stmt 1 view .LVU339
 960 0086 A06B     		ldr	r0, [r4, #56]
 961 0088 FFF7FEFF 		bl	HAL_DMA_DeInit
 962              	.LVL51:
 380:Src/usart.c   **** 
 963              		.loc 1 380 5 view .LVU340
 964 008c E06B     		ldr	r0, [r4, #60]
 965 008e FFF7FEFF 		bl	HAL_DMA_DeInit
ARM GAS  C:\Users\nicai\AppData\Local\Temp\ccbIkq6a.s 			page 29


 966              	.LVL52:
 383:Src/usart.c   ****   /* USER CODE BEGIN USART6_MspDeInit 1 */
 967              		.loc 1 383 5 view .LVU341
 968 0092 4720     		movs	r0, #71
 969 0094 FFF7FEFF 		bl	HAL_NVIC_DisableIRQ
 970              	.LVL53:
 971              		.loc 1 388 1 is_stmt 0 view .LVU342
 972 0098 BEE7     		b	.L39
 973              	.L48:
 974 009a 00BF     		.align	2
 975              	.L47:
 976 009c 00100140 		.word	1073811456
 977 00a0 00480040 		.word	1073760256
 978 00a4 00140140 		.word	1073812480
 979 00a8 00040240 		.word	1073873920
 980 00ac 00000240 		.word	1073872896
 981 00b0 00080240 		.word	1073874944
 982 00b4 00180240 		.word	1073879040
 983              		.cfi_endproc
 984              	.LFE138:
 986              		.global	hdma_usart6_rx
 987              		.section	.bss.hdma_usart6_rx,"aw",%nobits
 988              		.align	2
 991              	hdma_usart6_rx:
 992 0000 00000000 		.space	96
 992      00000000 
 992      00000000 
 992      00000000 
 992      00000000 
 993              		.global	hdma_usart6_tx
 994              		.section	.bss.hdma_usart6_tx,"aw",%nobits
 995              		.align	2
 998              	hdma_usart6_tx:
 999 0000 00000000 		.space	96
 999      00000000 
 999      00000000 
 999      00000000 
 999      00000000 
 1000              		.global	hdma_usart3_rx
 1001              		.section	.bss.hdma_usart3_rx,"aw",%nobits
 1002              		.align	2
 1005              	hdma_usart3_rx:
 1006 0000 00000000 		.space	96
 1006      00000000 
 1006      00000000 
 1006      00000000 
 1006      00000000 
 1007              		.global	hdma_usart1_rx
 1008              		.section	.bss.hdma_usart1_rx,"aw",%nobits
 1009              		.align	2
 1012              	hdma_usart1_rx:
 1013 0000 00000000 		.space	96
 1013      00000000 
 1013      00000000 
 1013      00000000 
 1013      00000000 
 1014              		.global	hdma_usart1_tx
ARM GAS  C:\Users\nicai\AppData\Local\Temp\ccbIkq6a.s 			page 30


 1015              		.section	.bss.hdma_usart1_tx,"aw",%nobits
 1016              		.align	2
 1019              	hdma_usart1_tx:
 1020 0000 00000000 		.space	96
 1020      00000000 
 1020      00000000 
 1020      00000000 
 1020      00000000 
 1021              		.global	huart6
 1022              		.section	.bss.huart6,"aw",%nobits
 1023              		.align	2
 1026              	huart6:
 1027 0000 00000000 		.space	72
 1027      00000000 
 1027      00000000 
 1027      00000000 
 1027      00000000 
 1028              		.global	huart3
 1029              		.section	.bss.huart3,"aw",%nobits
 1030              		.align	2
 1033              	huart3:
 1034 0000 00000000 		.space	72
 1034      00000000 
 1034      00000000 
 1034      00000000 
 1034      00000000 
 1035              		.global	huart1
 1036              		.section	.bss.huart1,"aw",%nobits
 1037              		.align	2
 1040              	huart1:
 1041 0000 00000000 		.space	72
 1041      00000000 
 1041      00000000 
 1041      00000000 
 1041      00000000 
 1042              		.text
 1043              	.Letext0:
 1044              		.file 2 "Drivers/CMSIS/Device/ST/STM32F4xx/Include/stm32f407xx.h"
 1045              		.file 3 "d:\\msys2\\mingw64\\arm-none-eabi\\include\\machine\\_default_types.h"
 1046              		.file 4 "d:\\msys2\\mingw64\\arm-none-eabi\\include\\sys\\_stdint.h"
 1047              		.file 5 "Drivers/STM32F4xx_HAL_Driver/Inc/stm32f4xx_hal_def.h"
 1048              		.file 6 "Drivers/STM32F4xx_HAL_Driver/Inc/stm32f4xx_hal_gpio.h"
 1049              		.file 7 "Drivers/STM32F4xx_HAL_Driver/Inc/stm32f4xx_hal_dma.h"
 1050              		.file 8 "Drivers/STM32F4xx_HAL_Driver/Inc/stm32f4xx_hal_uart.h"
 1051              		.file 9 "Inc/usart.h"
 1052              		.file 10 "Drivers/STM32F4xx_HAL_Driver/Inc/stm32f4xx_hal_cortex.h"
 1053              		.file 11 "Inc/main.h"
ARM GAS  C:\Users\nicai\AppData\Local\Temp\ccbIkq6a.s 			page 31


DEFINED SYMBOLS
                            *ABS*:00000000 usart.c
C:\Users\nicai\AppData\Local\Temp\ccbIkq6a.s:21     .text.MX_USART1_UART_Init:00000000 $t
C:\Users\nicai\AppData\Local\Temp\ccbIkq6a.s:27     .text.MX_USART1_UART_Init:00000000 MX_USART1_UART_Init
C:\Users\nicai\AppData\Local\Temp\ccbIkq6a.s:85     .text.MX_USART1_UART_Init:0000002c $d
C:\Users\nicai\AppData\Local\Temp\ccbIkq6a.s:1040   .bss.huart1:00000000 huart1
C:\Users\nicai\AppData\Local\Temp\ccbIkq6a.s:92     .text.MX_USART3_UART_Init:00000000 $t
C:\Users\nicai\AppData\Local\Temp\ccbIkq6a.s:98     .text.MX_USART3_UART_Init:00000000 MX_USART3_UART_Init
C:\Users\nicai\AppData\Local\Temp\ccbIkq6a.s:157    .text.MX_USART3_UART_Init:00000030 $d
C:\Users\nicai\AppData\Local\Temp\ccbIkq6a.s:1033   .bss.huart3:00000000 huart3
C:\Users\nicai\AppData\Local\Temp\ccbIkq6a.s:164    .text.MX_USART6_UART_Init:00000000 $t
C:\Users\nicai\AppData\Local\Temp\ccbIkq6a.s:170    .text.MX_USART6_UART_Init:00000000 MX_USART6_UART_Init
C:\Users\nicai\AppData\Local\Temp\ccbIkq6a.s:228    .text.MX_USART6_UART_Init:0000002c $d
C:\Users\nicai\AppData\Local\Temp\ccbIkq6a.s:1026   .bss.huart6:00000000 huart6
C:\Users\nicai\AppData\Local\Temp\ccbIkq6a.s:235    .text.HAL_UART_MspInit:00000000 $t
C:\Users\nicai\AppData\Local\Temp\ccbIkq6a.s:241    .text.HAL_UART_MspInit:00000000 HAL_UART_MspInit
C:\Users\nicai\AppData\Local\Temp\ccbIkq6a.s:827    .text.HAL_UART_MspInit:00000284 $d
C:\Users\nicai\AppData\Local\Temp\ccbIkq6a.s:1019   .bss.hdma_usart1_tx:00000000 hdma_usart1_tx
C:\Users\nicai\AppData\Local\Temp\ccbIkq6a.s:1012   .bss.hdma_usart1_rx:00000000 hdma_usart1_rx
C:\Users\nicai\AppData\Local\Temp\ccbIkq6a.s:1005   .bss.hdma_usart3_rx:00000000 hdma_usart3_rx
C:\Users\nicai\AppData\Local\Temp\ccbIkq6a.s:998    .bss.hdma_usart6_tx:00000000 hdma_usart6_tx
C:\Users\nicai\AppData\Local\Temp\ccbIkq6a.s:991    .bss.hdma_usart6_rx:00000000 hdma_usart6_rx
C:\Users\nicai\AppData\Local\Temp\ccbIkq6a.s:849    .text.HAL_UART_MspDeInit:00000000 $t
C:\Users\nicai\AppData\Local\Temp\ccbIkq6a.s:855    .text.HAL_UART_MspDeInit:00000000 HAL_UART_MspDeInit
C:\Users\nicai\AppData\Local\Temp\ccbIkq6a.s:976    .text.HAL_UART_MspDeInit:0000009c $d
C:\Users\nicai\AppData\Local\Temp\ccbIkq6a.s:988    .bss.hdma_usart6_rx:00000000 $d
C:\Users\nicai\AppData\Local\Temp\ccbIkq6a.s:995    .bss.hdma_usart6_tx:00000000 $d
C:\Users\nicai\AppData\Local\Temp\ccbIkq6a.s:1002   .bss.hdma_usart3_rx:00000000 $d
C:\Users\nicai\AppData\Local\Temp\ccbIkq6a.s:1009   .bss.hdma_usart1_rx:00000000 $d
C:\Users\nicai\AppData\Local\Temp\ccbIkq6a.s:1016   .bss.hdma_usart1_tx:00000000 $d
C:\Users\nicai\AppData\Local\Temp\ccbIkq6a.s:1023   .bss.huart6:00000000 $d
C:\Users\nicai\AppData\Local\Temp\ccbIkq6a.s:1030   .bss.huart3:00000000 $d
C:\Users\nicai\AppData\Local\Temp\ccbIkq6a.s:1037   .bss.huart1:00000000 $d

UNDEFINED SYMBOLS
HAL_UART_Init
Error_Handler
HAL_GPIO_Init
HAL_DMA_Init
HAL_NVIC_SetPriority
HAL_NVIC_EnableIRQ
HAL_GPIO_DeInit
HAL_DMA_DeInit
HAL_NVIC_DisableIRQ
